mode: set
github.com/enetx/surf/adapter.go:48.38,50.22 2 0
github.com/enetx/surf/adapter.go:50.22,52.3 1 0
github.com/enetx/surf/adapter.go:54.2,62.3 1 0
github.com/enetx/surf/adapter.go:72.51,73.73 1 0
github.com/enetx/surf/adapter.go:73.73,75.3 1 0
github.com/enetx/surf/adapter.go:79.83,85.50 2 0
github.com/enetx/surf/adapter.go:85.50,87.3 1 0
github.com/enetx/surf/adapter.go:89.2,90.16 2 0
github.com/enetx/surf/adapter.go:90.16,92.3 1 0
github.com/enetx/surf/adapter.go:94.2,102.51 2 0
github.com/enetx/surf/adapter.go:102.51,104.3 1 0
github.com/enetx/surf/adapter.go:106.2,106.42 1 0
github.com/enetx/surf/adapter.go:112.49,139.2 2 0
github.com/enetx/surf/adapter.go:144.73,161.2 1 0
github.com/enetx/surf/adapter.go:171.77,172.24 1 0
github.com/enetx/surf/adapter.go:172.24,175.3 2 0
github.com/enetx/surf/adapter.go:177.2,178.30 2 0
github.com/enetx/surf/adapter.go:178.30,195.3 1 0
github.com/enetx/surf/adapter.go:197.2,197.30 1 0
github.com/enetx/surf/adapter.go:203.64,205.23 2 0
github.com/enetx/surf/adapter.go:205.23,207.3 1 0
github.com/enetx/surf/adapter.go:209.2,211.29 2 0
github.com/enetx/surf/adapter.go:211.29,228.3 1 0
github.com/enetx/surf/adapter.go:230.2,230.17 1 0
github.com/enetx/surf/adapter.go:237.107,238.15 1 0
github.com/enetx/surf/adapter.go:238.15,240.3 1 0
github.com/enetx/surf/adapter.go:242.2,242.62 1 0
github.com/enetx/surf/adapter.go:242.62,245.22 3 0
github.com/enetx/surf/adapter.go:245.22,247.4 1 0
github.com/enetx/surf/adapter.go:248.3,248.24 1 0
github.com/enetx/surf/body.go:29.31,29.65 1 0
github.com/enetx/surf/body.go:32.36,34.2 1 0
github.com/enetx/surf/body.go:37.37,37.79 1 0
github.com/enetx/surf/body.go:40.39,41.33 1 0
github.com/enetx/surf/body.go:41.33,43.3 1 0
github.com/enetx/surf/body.go:45.2,45.34 1 0
github.com/enetx/surf/body.go:51.58,51.93 1 0
github.com/enetx/surf/body.go:54.34,54.63 1 0
github.com/enetx/surf/body.go:57.41,58.14 1 0
github.com/enetx/surf/body.go:58.14,60.3 1 0
github.com/enetx/surf/body.go:62.2,62.10 1 0
github.com/enetx/surf/body.go:66.30,67.33 1 0
github.com/enetx/surf/body.go:67.33,69.3 1 0
github.com/enetx/surf/body.go:71.2,71.57 1 0
github.com/enetx/surf/body.go:71.57,73.3 1 0
github.com/enetx/surf/body.go:75.2,75.25 1 0
github.com/enetx/surf/body.go:79.32,80.14 1 0
github.com/enetx/surf/body.go:80.14,82.3 1 0
github.com/enetx/surf/body.go:84.2,85.16 2 0
github.com/enetx/surf/body.go:85.16,87.3 1 0
github.com/enetx/surf/body.go:89.2,90.16 2 0
github.com/enetx/surf/body.go:90.16,92.3 1 0
github.com/enetx/surf/body.go:94.2,94.26 1 0
github.com/enetx/surf/body.go:98.32,99.14 1 0
github.com/enetx/surf/body.go:99.14,101.3 1 0
github.com/enetx/surf/body.go:103.2,103.33 1 0
github.com/enetx/surf/body.go:103.33,105.3 1 0
github.com/enetx/surf/body.go:107.2,107.46 1 0
github.com/enetx/surf/body.go:107.46,108.58 1 0
github.com/enetx/surf/body.go:108.58,110.4 1 0
github.com/enetx/surf/body.go:113.2,115.19 2 0
github.com/enetx/surf/body.go:115.19,117.3 1 0
github.com/enetx/surf/body.go:119.2,120.16 2 0
github.com/enetx/surf/body.go:120.16,122.3 1 0
github.com/enetx/surf/body.go:124.2,124.13 1 0
github.com/enetx/surf/body.go:124.13,126.3 1 0
github.com/enetx/surf/body.go:128.2,128.16 1 0
github.com/enetx/surf/body.go:132.46,133.33 1 0
github.com/enetx/surf/body.go:133.33,135.3 1 0
github.com/enetx/surf/body.go:137.2,139.60 2 0
github.com/enetx/surf/body.go:144.43,145.29 1 0
github.com/enetx/surf/body.go:146.14,147.56 1 0
github.com/enetx/surf/body.go:148.15,149.47 1 0
github.com/enetx/surf/body.go:150.14,151.58 1 0
github.com/enetx/surf/body.go:152.16,153.48 1 0
github.com/enetx/surf/body.go:154.22,155.38 1 0
github.com/enetx/surf/body.go:158.2,158.14 1 0
github.com/enetx/surf/builder.go:50.35,52.13 1 0
github.com/enetx/surf/builder.go:52.13,55.20 2 0
github.com/enetx/surf/builder.go:56.22,57.25 1 0
github.com/enetx/surf/builder.go:58.23,59.26 1 0
github.com/enetx/surf/builder.go:60.11,62.25 1 0
github.com/enetx/surf/builder.go:67.2,68.55 2 0
github.com/enetx/surf/builder.go:68.55,68.67 1 0
github.com/enetx/surf/builder.go:70.2,70.14 1 0
github.com/enetx/surf/builder.go:105.66,108.32 2 0
github.com/enetx/surf/builder.go:109.21,110.19 1 0
github.com/enetx/surf/builder.go:111.28,112.19 1 0
github.com/enetx/surf/builder.go:113.29,114.20 1 0
github.com/enetx/surf/builder.go:115.10,116.55 1 0
github.com/enetx/surf/builder.go:119.2,119.10 1 0
github.com/enetx/surf/builder.go:123.68,126.2 2 0
github.com/enetx/surf/builder.go:129.75,132.2 2 0
github.com/enetx/surf/builder.go:135.77,138.2 2 0
github.com/enetx/surf/builder.go:140.63,141.41 1 0
github.com/enetx/surf/builder.go:141.41,141.73 1 0
github.com/enetx/surf/builder.go:155.40,158.2 2 0
github.com/enetx/surf/builder.go:161.34,161.67 1 0
github.com/enetx/surf/builder.go:164.50,169.2 3 0
github.com/enetx/surf/builder.go:172.50,178.2 4 0
github.com/enetx/surf/builder.go:183.36,186.2 2 0
github.com/enetx/surf/builder.go:189.46,189.81 1 0
github.com/enetx/surf/builder.go:192.28,195.2 2 0
github.com/enetx/surf/builder.go:200.66,201.41 1 0
github.com/enetx/surf/builder.go:201.41,201.83 1 0
github.com/enetx/surf/builder.go:205.46,206.41 1 0
github.com/enetx/surf/builder.go:206.41,206.63 1 0
github.com/enetx/surf/builder.go:210.44,210.78 1 0
github.com/enetx/surf/builder.go:213.59,214.41 1 0
github.com/enetx/surf/builder.go:214.41,214.71 1 0
github.com/enetx/surf/builder.go:218.60,219.41 1 0
github.com/enetx/surf/builder.go:219.41,219.77 1 0
github.com/enetx/surf/builder.go:236.45,238.41 2 0
github.com/enetx/surf/builder.go:238.41,238.67 1 0
github.com/enetx/surf/builder.go:242.63,243.45 1 0
github.com/enetx/surf/builder.go:243.45,243.88 1 0
github.com/enetx/surf/builder.go:247.64,248.45 1 0
github.com/enetx/surf/builder.go:248.45,248.89 1 0
github.com/enetx/surf/builder.go:252.53,253.45 1 0
github.com/enetx/surf/builder.go:253.45,253.83 1 0
github.com/enetx/surf/builder.go:257.55,258.43 1 0
github.com/enetx/surf/builder.go:258.43,261.3 2 0
github.com/enetx/surf/builder.go:265.55,266.43 1 0
github.com/enetx/surf/builder.go:266.43,269.3 2 0
github.com/enetx/surf/builder.go:273.64,274.43 1 0
github.com/enetx/surf/builder.go:274.43,277.3 2 0
github.com/enetx/surf/builder.go:281.61,282.43 1 0
github.com/enetx/surf/builder.go:282.43,285.3 2 0
github.com/enetx/surf/builder.go:289.62,290.45 1 0
github.com/enetx/surf/builder.go:290.45,290.87 1 0
github.com/enetx/surf/builder.go:294.40,297.2 2 0
github.com/enetx/surf/builder.go:300.47,300.85 1 0
github.com/enetx/surf/builder.go:303.47,303.91 1 0
github.com/enetx/surf/builder.go:306.49,306.95 1 0
github.com/enetx/surf/builder.go:317.87,321.21 3 0
github.com/enetx/surf/builder.go:321.21,327.3 1 0
github.com/enetx/surf/builder.go:327.8,329.3 1 0
github.com/enetx/surf/builder.go:331.2,331.10 1 0
github.com/enetx/surf/builder.go:335.41,338.2 2 0
github.com/enetx/surf/builder.go:341.38,344.2 2 0
github.com/enetx/surf/builder.go:347.59,350.2 2 0
github.com/enetx/surf/builder.go:353.49,354.69 1 0
github.com/enetx/surf/builder.go:354.69,354.103 1 0
github.com/enetx/surf/builder.go:359.54,362.2 2 0
github.com/enetx/surf/builder.go:366.55,369.2 2 0
github.com/enetx/surf/builder.go:372.90,375.2 2 0
github.com/enetx/surf/builder.go:378.34,378.66 1 0
github.com/enetx/surf/client.go:45.26,61.2 11 0
github.com/enetx/surf/client.go:65.55,70.43 2 0
github.com/enetx/surf/client.go:70.43,71.32 1 0
github.com/enetx/surf/client.go:71.32,73.5 1 0
github.com/enetx/surf/client.go:74.4,74.15 1 0
github.com/enetx/surf/client.go:77.2,77.12 1 0
github.com/enetx/surf/client.go:82.58,87.44 2 0
github.com/enetx/surf/client.go:87.44,88.33 1 0
github.com/enetx/surf/client.go:88.33,90.5 1 0
github.com/enetx/surf/client.go:91.4,91.15 1 0
github.com/enetx/surf/client.go:94.2,94.12 1 0
github.com/enetx/surf/client.go:99.41,100.46 1 0
github.com/enetx/surf/client.go:100.46,102.3 1 0
github.com/enetx/surf/client.go:104.2,104.30 1 0
github.com/enetx/surf/client.go:108.43,108.59 1 0
github.com/enetx/surf/client.go:111.42,111.61 1 0
github.com/enetx/surf/client.go:114.51,114.73 1 0
github.com/enetx/surf/client.go:117.45,117.67 1 0
github.com/enetx/surf/client.go:121.37,124.2 2 0
github.com/enetx/surf/client.go:129.53,133.16 3 0
github.com/enetx/surf/client.go:133.16,136.3 2 0
github.com/enetx/surf/client.go:138.2,143.16 4 0
github.com/enetx/surf/client.go:148.61,149.20 1 0
github.com/enetx/surf/client.go:149.20,151.3 1 0
github.com/enetx/surf/client.go:153.2,153.52 1 0
github.com/enetx/surf/client.go:158.64,159.20 1 0
github.com/enetx/surf/client.go:159.20,161.3 1 0
github.com/enetx/surf/client.go:163.2,163.55 1 0
github.com/enetx/surf/client.go:168.49,170.2 1 0
github.com/enetx/surf/client.go:174.59,176.2 1 0
github.com/enetx/surf/client.go:180.58,182.2 1 0
github.com/enetx/surf/client.go:186.60,188.2 1 0
github.com/enetx/surf/client.go:193.89,205.28 4 0
github.com/enetx/surf/client.go:205.28,207.3 1 0
github.com/enetx/surf/client.go:209.2,209.25 1 0
github.com/enetx/surf/client.go:209.25,210.24 1 0
github.com/enetx/surf/client.go:211.37,213.41 2 0
github.com/enetx/surf/client.go:213.41,213.69 1 0
github.com/enetx/surf/client.go:214.4,214.22 1 0
github.com/enetx/surf/client.go:215.33,216.21 1 0
github.com/enetx/surf/client.go:217.15,218.33 1 0
github.com/enetx/surf/client.go:219.17,220.23 1 0
github.com/enetx/surf/client.go:221.18,222.14 1 0
github.com/enetx/surf/client.go:226.2,228.19 2 0
github.com/enetx/surf/client.go:228.19,230.17 2 0
github.com/enetx/surf/client.go:230.17,233.4 2 0
github.com/enetx/surf/client.go:235.3,235.33 1 0
github.com/enetx/surf/client.go:238.2,241.23 3 0
github.com/enetx/surf/client.go:241.23,242.67 1 0
github.com/enetx/surf/client.go:242.67,245.4 2 0
github.com/enetx/surf/client.go:248.2,253.33 2 0
github.com/enetx/surf/client.go:253.33,254.17 1 0
github.com/enetx/surf/client.go:254.17,255.22 1 0
github.com/enetx/surf/client.go:255.22,255.40 1 0
github.com/enetx/surf/client.go:259.2,259.12 1 0
github.com/enetx/surf/client.go:259.12,260.16 1 0
github.com/enetx/surf/client.go:260.16,261.25 1 0
github.com/enetx/surf/client.go:261.25,263.5 1 0
github.com/enetx/surf/client.go:265.4,265.25 1 0
github.com/enetx/surf/client.go:265.25,267.5 1 0
github.com/enetx/surf/client.go:269.4,269.19 1 0
github.com/enetx/surf/client.go:269.19,271.5 1 0
github.com/enetx/surf/client.go:274.3,275.17 2 0
github.com/enetx/surf/client.go:275.17,278.4 2 0
github.com/enetx/surf/client.go:280.3,280.55 1 0
github.com/enetx/surf/client.go:280.55,283.4 2 0
github.com/enetx/surf/client.go:285.3,286.45 1 0
github.com/enetx/surf/client.go:286.45,287.66 1 0
github.com/enetx/surf/client.go:287.66,290.6 2 0
github.com/enetx/surf/client.go:292.5,292.16 1 0
github.com/enetx/surf/client.go:296.2,297.16 2 0
github.com/enetx/surf/client.go:297.16,300.3 2 0
github.com/enetx/surf/client.go:302.2,308.16 5 0
github.com/enetx/surf/client.go:313.98,319.23 4 0
github.com/enetx/surf/client.go:319.23,320.64 1 0
github.com/enetx/surf/client.go:320.64,324.4 3 0
github.com/enetx/surf/client.go:327.2,330.46 2 0
github.com/enetx/surf/client.go:330.46,332.18 2 0
github.com/enetx/surf/client.go:332.18,335.5 2 0
github.com/enetx/surf/client.go:337.4,337.65 1 0
github.com/enetx/surf/client.go:337.65,340.5 2 0
github.com/enetx/surf/client.go:342.4,342.15 1 0
github.com/enetx/surf/client.go:345.2,345.24 1 0
github.com/enetx/surf/client.go:345.24,347.3 1 0
github.com/enetx/surf/client.go:349.2,349.39 1 0
github.com/enetx/surf/client.go:349.39,352.3 2 0
github.com/enetx/surf/client.go:354.2,355.16 2 0
github.com/enetx/surf/client.go:355.16,358.3 2 0
github.com/enetx/surf/client.go:360.2,365.16 4 0
github.com/enetx/surf/client.go:369.60,370.22 1 0
github.com/enetx/surf/client.go:370.22,372.3 1 0
github.com/enetx/surf/client.go:374.2,375.23 2 0
github.com/enetx/surf/client.go:375.23,377.3 1 0
github.com/enetx/surf/client.go:379.2,379.42 1 0
github.com/enetx/surf/client.go:383.76,384.22 1 0
github.com/enetx/surf/client.go:384.22,386.3 1 0
github.com/enetx/surf/client.go:388.2,389.23 2 0
github.com/enetx/surf/client.go:389.23,391.3 1 0
github.com/enetx/surf/client.go:393.2,395.12 2 0
github.com/enetx/surf/client.go:402.86,408.16 4 0
github.com/enetx/surf/client.go:408.16,411.3 2 0
github.com/enetx/surf/client.go:413.2,414.16 2 0
github.com/enetx/surf/client.go:414.16,417.3 2 0
github.com/enetx/surf/client.go:419.2,419.23 1 0
github.com/enetx/surf/client.go:419.23,421.3 1 0
github.com/enetx/surf/client.go:423.2,426.16 3 0
github.com/enetx/surf/client.go:432.53,433.17 1 0
github.com/enetx/surf/client.go:433.17,435.3 1 0
github.com/enetx/surf/client.go:437.2,437.26 1 0
github.com/enetx/surf/client.go:438.14,439.26 1 0
github.com/enetx/surf/client.go:440.15,441.26 1 0
github.com/enetx/surf/client.go:442.14,443.28 1 0
github.com/enetx/surf/client.go:444.16,445.28 1 0
github.com/enetx/surf/client.go:446.25,447.25 1 0
github.com/enetx/surf/client.go:448.29,449.25 1 0
github.com/enetx/surf/client.go:450.33,451.25 1 0
github.com/enetx/surf/client.go:452.36,453.28 1 0
github.com/enetx/surf/client.go:454.32,455.28 1 0
github.com/enetx/surf/client.go:456.10,457.34 1 0
github.com/enetx/surf/client.go:464.60,470.2 3 0
github.com/enetx/surf/client.go:475.68,481.76 3 0
github.com/enetx/surf/client.go:481.76,483.3 1 0
github.com/enetx/surf/client.go:485.2,485.37 1 0
github.com/enetx/surf/client.go:490.44,493.37 2 0
github.com/enetx/surf/client.go:493.37,495.3 1 0
github.com/enetx/surf/client.go:495.8,495.43 1 0
github.com/enetx/surf/client.go:495.43,497.3 1 0
github.com/enetx/surf/client.go:500.2,500.37 1 0
github.com/enetx/surf/client.go:506.74,511.28 3 0
github.com/enetx/surf/client.go:511.28,513.3 1 0
github.com/enetx/surf/client.go:515.2,517.33 2 0
github.com/enetx/surf/client.go:526.78,531.38 3 0
github.com/enetx/surf/client.go:531.38,532.20 1 0
github.com/enetx/surf/client.go:532.20,534.4 1 0
github.com/enetx/surf/client.go:535.3,537.50 3 0
github.com/enetx/surf/client.go:540.2,542.33 2 0
github.com/enetx/surf/client.go:548.62,551.39 2 0
github.com/enetx/surf/client.go:552.14,553.48 1 0
github.com/enetx/surf/client.go:553.48,555.4 1 0
github.com/enetx/surf/client.go:556.13,557.47 1 0
github.com/enetx/surf/client.go:557.47,559.4 1 0
github.com/enetx/surf/client.go:562.2,562.54 1 0
github.com/enetx/surf/client.go:567.47,570.41 2 0
github.com/enetx/surf/client.go:570.41,573.44 2 0
github.com/enetx/surf/client.go:573.44,575.4 1 0
github.com/enetx/surf/client.go:577.3,577.43 1 0
github.com/enetx/surf/client.go:577.43,579.4 1 0
github.com/enetx/surf/client.go:582.2,582.11 1 0
github.com/enetx/surf/client.go:587.42,590.50 2 0
github.com/enetx/surf/client.go:590.50,592.3 1 0
github.com/enetx/surf/client.go:594.2,594.21 1 0
github.com/enetx/surf/client.go:599.51,600.20 1 0
github.com/enetx/surf/client.go:600.20,602.3 1 0
github.com/enetx/surf/client.go:604.2,605.16 2 0
github.com/enetx/surf/client.go:605.16,607.3 1 0
github.com/enetx/surf/client.go:609.2,609.24 1 0
github.com/enetx/surf/cookies.go:16.47,17.29 1 0
github.com/enetx/surf/cookies.go:17.29,19.30 2 0
github.com/enetx/surf/cookies.go:20.15,21.39 1 0
github.com/enetx/surf/cookies.go:21.39,23.5 1 0
github.com/enetx/surf/cookies.go:24.17,25.29 1 0
github.com/enetx/surf/cookies.go:25.29,27.5 1 0
github.com/enetx/surf/cookies.go:28.23,29.27 1 0
github.com/enetx/surf/cookies.go:29.27,31.5 1 0
github.com/enetx/surf/cookies.go:35.2,35.14 1 0
github.com/enetx/surf/debug.go:17.37,17.66 1 0
github.com/enetx/surf/debug.go:20.25,20.56 1 0
github.com/enetx/surf/debug.go:23.48,25.16 2 0
github.com/enetx/surf/debug.go:25.16,27.3 1 0
github.com/enetx/surf/debug.go:29.2,29.24 1 0
github.com/enetx/surf/debug.go:29.24,31.3 1 0
github.com/enetx/surf/debug.go:33.2,35.65 2 0
github.com/enetx/surf/debug.go:35.65,36.64 1 0
github.com/enetx/surf/debug.go:36.64,39.4 2 0
github.com/enetx/surf/debug.go:42.2,42.10 1 0
github.com/enetx/surf/debug.go:46.49,48.16 2 0
github.com/enetx/surf/debug.go:48.16,50.3 1 0
github.com/enetx/surf/debug.go:52.2,52.24 1 0
github.com/enetx/surf/debug.go:52.24,54.3 1 0
github.com/enetx/surf/debug.go:56.2,58.57 2 0
github.com/enetx/surf/debug.go:58.57,60.3 1 0
github.com/enetx/surf/debug.go:62.2,62.10 1 0
github.com/enetx/surf/dnsovertls.go:18.43,20.2 1 0
github.com/enetx/surf/dnsovertls.go:23.42,25.2 1 0
github.com/enetx/surf/dnsovertls.go:28.46,30.2 1 0
github.com/enetx/surf/dnsovertls.go:33.41,35.2 1 0
github.com/enetx/surf/dnsovertls.go:38.42,40.2 1 0
github.com/enetx/surf/dnsovertls.go:43.46,49.2 1 0
github.com/enetx/surf/dnsovertls.go:52.39,54.2 1 0
github.com/enetx/surf/dnsovertls.go:57.43,59.2 1 0
github.com/enetx/surf/dnsovertls.go:62.38,64.2 1 0
github.com/enetx/surf/dnsovertls.go:67.41,69.2 1 0
github.com/enetx/surf/dnsovertls.go:72.44,74.2 1 0
github.com/enetx/surf/dnsovertls.go:78.86,80.2 1 0
github.com/enetx/surf/dnsovertls.go:84.89,86.51 2 0
github.com/enetx/surf/dnsovertls.go:86.51,86.81 1 0
github.com/enetx/surf/dnsovertls.go:91.107,92.66 1 0
github.com/enetx/surf/dnsovertls.go:92.66,99.37 2 0
github.com/enetx/surf/dnsovertls.go:99.37,101.18 2 0
github.com/enetx/surf/dnsovertls.go:101.18,102.10 1 0
github.com/enetx/surf/dnsovertls.go:106.3,106.17 1 0
github.com/enetx/surf/dnsovertls.go:106.17,108.4 1 0
github.com/enetx/surf/dnsovertls.go:110.3,118.10 4 0
github.com/enetx/surf/errors.go:25.46,27.2 1 0
github.com/enetx/surf/errors.go:29.43,31.2 1 0
github.com/enetx/surf/errors.go:33.45,35.2 1 0
github.com/enetx/surf/headers.go:18.63,19.29 1 0
github.com/enetx/surf/headers.go:19.29,20.42 1 0
github.com/enetx/surf/headers.go:20.42,22.33 2 0
github.com/enetx/surf/headers.go:23.16,24.41 1 0
github.com/enetx/surf/headers.go:24.41,26.6 1 0
github.com/enetx/surf/headers.go:27.18,28.31 1 0
github.com/enetx/surf/headers.go:28.31,30.6 1 0
github.com/enetx/surf/headers.go:31.18,32.97 1 0
github.com/enetx/surf/headers.go:32.97,34.6 1 0
github.com/enetx/surf/headers.go:35.25,36.97 1 0
github.com/enetx/surf/headers.go:36.97,38.6 1 0
github.com/enetx/surf/headers.go:39.27,40.66 1 0
github.com/enetx/surf/headers.go:40.66,42.6 1 0
github.com/enetx/surf/headers.go:43.26,44.35 1 0
github.com/enetx/surf/headers.go:44.35,46.6 1 0
github.com/enetx/surf/headers.go:51.2,51.14 1 0
github.com/enetx/surf/headers.go:56.57,58.2 1 0
github.com/enetx/surf/headers.go:62.45,62.104 1 0
github.com/enetx/surf/headers.go:65.34,65.76 1 0
github.com/enetx/surf/http2s.go:25.69,28.2 2 0
github.com/enetx/surf/http2s.go:31.64,35.2 3 0
github.com/enetx/surf/http2s.go:38.74,41.2 2 0
github.com/enetx/surf/http2s.go:44.71,47.2 2 0
github.com/enetx/surf/http2s.go:50.66,53.2 2 0
github.com/enetx/surf/http2s.go:56.71,59.2 2 0
github.com/enetx/surf/http2s.go:62.68,65.2 2 0
github.com/enetx/surf/http2s.go:68.89,71.2 2 0
github.com/enetx/surf/http2s.go:74.93,77.2 2 0
github.com/enetx/surf/http2s.go:81.40,82.26 1 0
github.com/enetx/surf/http2s.go:82.26,84.3 1 0
github.com/enetx/surf/http2s.go:86.2,86.44 1 0
github.com/enetx/surf/http2s.go:86.44,88.10 2 0
github.com/enetx/surf/http2s.go:88.10,90.4 1 0
github.com/enetx/surf/http2s.go:92.3,94.17 3 0
github.com/enetx/surf/http2s.go:94.17,96.4 1 0
github.com/enetx/surf/http2s.go:98.3,98.57 1 0
github.com/enetx/surf/http2s.go:98.57,99.64 1 0
github.com/enetx/surf/http2s.go:99.64,101.5 1 0
github.com/enetx/surf/http2s.go:104.3,116.30 2 0
github.com/enetx/surf/http2s.go:116.30,118.4 1 0
github.com/enetx/surf/http2s.go:120.3,120.28 1 0
github.com/enetx/surf/http2s.go:120.28,122.4 1 0
github.com/enetx/surf/http2s.go:124.3,124.32 1 0
github.com/enetx/surf/http2s.go:124.32,126.4 1 0
github.com/enetx/surf/http2s.go:128.3,128.30 1 0
github.com/enetx/surf/http2s.go:128.30,130.4 1 0
github.com/enetx/surf/http2s.go:132.3,133.19 2 0
github.com/enetx/surf/http3s.go:35.49,38.2 2 0
github.com/enetx/surf/http3s.go:41.50,44.2 2 0
github.com/enetx/surf/http3s.go:47.71,50.2 2 0
github.com/enetx/surf/http3s.go:53.77,56.2 2 0
github.com/enetx/surf/http3s.go:60.64,61.23 1 0
github.com/enetx/surf/http3s.go:61.23,63.3 1 0
github.com/enetx/surf/http3s.go:65.2,65.21 1 0
github.com/enetx/surf/http3s.go:65.21,66.60 1 0
github.com/enetx/surf/http3s.go:66.60,68.4 1 0
github.com/enetx/surf/http3s.go:71.2,71.33 1 0
github.com/enetx/surf/http3s.go:76.40,77.26 1 0
github.com/enetx/surf/http3s.go:77.26,79.3 1 0
github.com/enetx/surf/http3s.go:81.2,81.44 1 0
github.com/enetx/surf/http3s.go:81.44,82.27 1 0
github.com/enetx/surf/http3s.go:82.27,84.4 1 0
github.com/enetx/surf/http3s.go:86.3,87.24 2 0
github.com/enetx/surf/http3s.go:87.24,89.4 1 0
github.com/enetx/surf/http3s.go:92.3,93.24 2 0
github.com/enetx/surf/http3s.go:93.24,95.4 1 0
github.com/enetx/surf/http3s.go:97.3,107.38 2 0
github.com/enetx/surf/http3s.go:108.15,110.31 2 0
github.com/enetx/surf/http3s.go:111.17,113.31 2 0
github.com/enetx/surf/http3s.go:114.11,115.30 1 0
github.com/enetx/surf/http3s.go:118.3,119.26 2 0
github.com/enetx/surf/http3s.go:146.50,147.55 1 0
github.com/enetx/surf/http3s.go:147.55,149.32 1 0
github.com/enetx/surf/http3s.go:150.28,151.28 1 0
github.com/enetx/surf/http3s.go:152.29,153.28 1 0
github.com/enetx/surf/http3s.go:156.3,156.32 1 0
github.com/enetx/surf/http3s.go:159.2,159.49 1 0
github.com/enetx/surf/http3s.go:159.49,160.24 1 0
github.com/enetx/surf/http3s.go:160.24,162.4 1 0
github.com/enetx/surf/http3s.go:164.3,164.26 1 0
github.com/enetx/surf/http3s.go:164.26,166.4 1 0
github.com/enetx/surf/http3s.go:168.3,168.34 1 0
github.com/enetx/surf/http3s.go:171.2,171.33 1 0
github.com/enetx/surf/http3s.go:171.33,172.83 1 0
github.com/enetx/surf/http3s.go:172.83,174.4 1 0
github.com/enetx/surf/http3s.go:182.61,184.16 2 0
github.com/enetx/surf/http3s.go:184.16,186.3 1 0
github.com/enetx/surf/http3s.go:188.2,188.57 1 0
github.com/enetx/surf/http3s.go:193.93,195.17 2 0
github.com/enetx/surf/http3s.go:195.17,197.3 1 0
github.com/enetx/surf/http3s.go:200.2,200.19 1 0
github.com/enetx/surf/http3s.go:200.19,201.54 1 0
github.com/enetx/surf/http3s.go:201.54,203.4 1 0
github.com/enetx/surf/http3s.go:207.2,213.24 3 0
github.com/enetx/surf/http3s.go:213.24,215.3 1 0
github.com/enetx/surf/http3s.go:215.8,217.3 1 0
github.com/enetx/surf/http3s.go:219.2,219.68 1 0
github.com/enetx/surf/http3s.go:219.68,223.129 2 0
github.com/enetx/surf/http3s.go:223.129,224.21 1 0
github.com/enetx/surf/http3s.go:224.21,226.5 1 0
github.com/enetx/surf/http3s.go:228.4,228.31 1 0
github.com/enetx/surf/http3s.go:228.31,229.59 1 0
github.com/enetx/surf/http3s.go:229.59,233.6 3 0
github.com/enetx/surf/http3s.go:236.4,236.19 1 0
github.com/enetx/surf/http3s.go:236.19,238.5 1 0
github.com/enetx/surf/http3s.go:239.4,239.49 1 0
github.com/enetx/surf/http3s.go:243.3,243.26 1 0
github.com/enetx/surf/http3s.go:244.29,245.30 1 0
github.com/enetx/surf/http3s.go:245.30,247.5 1 0
github.com/enetx/surf/http3s.go:248.4,248.22 1 0
github.com/enetx/surf/http3s.go:249.28,250.22 1 0
github.com/enetx/surf/http3s.go:255.2,255.19 1 0
github.com/enetx/surf/http3s.go:255.19,257.3 1 0
github.com/enetx/surf/http3s.go:259.2,259.11 1 0
github.com/enetx/surf/http3s.go:264.88,266.16 2 0
github.com/enetx/surf/http3s.go:266.16,268.3 1 0
github.com/enetx/surf/http3s.go:271.2,271.40 1 0
github.com/enetx/surf/http3s.go:271.40,273.3 1 0
github.com/enetx/surf/http3s.go:275.2,276.51 2 0
github.com/enetx/surf/http3s.go:276.51,278.3 1 0
github.com/enetx/surf/http3s.go:280.2,281.16 2 0
github.com/enetx/surf/http3s.go:281.16,283.3 1 0
github.com/enetx/surf/http3s.go:285.2,285.19 1 0
github.com/enetx/surf/http3s.go:285.19,287.3 1 0
github.com/enetx/surf/http3s.go:290.2,290.26 1 0
github.com/enetx/surf/http3s.go:290.26,291.36 1 0
github.com/enetx/surf/http3s.go:291.36,293.4 1 0
github.com/enetx/surf/http3s.go:297.2,297.56 1 0
github.com/enetx/surf/http3s.go:312.65,314.16 2 0
github.com/enetx/surf/http3s.go:314.16,316.3 1 0
github.com/enetx/surf/http3s.go:318.2,319.16 2 0
github.com/enetx/surf/http3s.go:319.16,321.3 1 0
github.com/enetx/surf/http3s.go:323.2,323.38 1 0
github.com/enetx/surf/http3s.go:323.38,325.3 1 0
github.com/enetx/surf/http3s.go:327.2,328.15 2 0
github.com/enetx/surf/http3s.go:328.15,330.3 1 0
github.com/enetx/surf/http3s.go:332.2,335.8 1 0
github.com/enetx/surf/http3s.go:339.71,342.16 2 0
github.com/enetx/surf/http3s.go:342.16,344.3 1 0
github.com/enetx/surf/http3s.go:347.2,347.31 1 0
github.com/enetx/surf/http3s.go:347.31,349.17 2 0
github.com/enetx/surf/http3s.go:349.17,351.4 1 0
github.com/enetx/surf/http3s.go:354.2,354.90 1 0
github.com/enetx/surf/http3s.go:360.80,363.18 2 0
github.com/enetx/surf/http3s.go:363.18,364.37 1 0
github.com/enetx/surf/http3s.go:364.37,366.4 1 0
github.com/enetx/surf/http3s.go:367.8,369.3 1 0
github.com/enetx/surf/http3s.go:371.2,371.68 1 0
github.com/enetx/surf/http3s.go:371.68,373.3 1 0
github.com/enetx/surf/http3s.go:375.2,375.26 1 0
github.com/enetx/surf/http3s.go:375.26,379.3 3 0
github.com/enetx/surf/http3s.go:381.2,384.26 3 0
github.com/enetx/surf/http3s.go:390.55,393.30 2 0
github.com/enetx/surf/http3s.go:394.23,395.16 1 0
github.com/enetx/surf/http3s.go:396.14,397.8 1 0
github.com/enetx/surf/http3s.go:398.16,399.14 1 0
github.com/enetx/surf/http3s.go:400.16,401.17 1 0
github.com/enetx/surf/http3s.go:401.17,403.4 1 0
github.com/enetx/surf/http3s.go:404.23,405.17 1 0
github.com/enetx/surf/http3s.go:406.25,407.23 1 0
github.com/enetx/surf/http3s.go:410.2,410.13 1 0
github.com/enetx/surf/http3s.go:410.13,412.3 1 0
github.com/enetx/surf/http3s.go:414.2,414.25 1 0
github.com/enetx/surf/http3s.go:418.50,419.20 1 0
github.com/enetx/surf/http3s.go:419.20,421.3 1 0
github.com/enetx/surf/http3s.go:423.2,431.3 1 0
github.com/enetx/surf/http3s.go:441.34,444.16 2 0
github.com/enetx/surf/http3s.go:444.16,446.3 1 0
github.com/enetx/surf/http3s.go:449.2,450.16 2 0
github.com/enetx/surf/http3s.go:450.16,452.3 1 0
github.com/enetx/surf/http3s.go:455.2,456.16 2 0
github.com/enetx/surf/http3s.go:456.16,458.3 1 0
github.com/enetx/surf/http3s.go:461.2,462.16 2 0
github.com/enetx/surf/http3s.go:462.16,464.3 1 0
github.com/enetx/surf/http3s.go:467.2,469.15 2 0
github.com/enetx/surf/http3s.go:469.15,470.15 1 0
github.com/enetx/surf/http3s.go:470.15,472.4 1 0
github.com/enetx/surf/http3s.go:475.2,476.16 2 0
github.com/enetx/surf/http3s.go:476.16,478.3 1 0
github.com/enetx/surf/http3s.go:481.2,484.16 2 0
github.com/enetx/surf/http3s.go:484.16,486.3 1 0
github.com/enetx/surf/http3s.go:489.2,490.16 2 0
github.com/enetx/surf/http3s.go:490.16,493.3 2 0
github.com/enetx/surf/http3s.go:495.2,498.33 2 0
github.com/enetx/surf/http3s.go:498.33,504.3 2 0
github.com/enetx/surf/http3s.go:506.2,506.22 1 0
github.com/enetx/surf/http3s.go:515.34,518.16 2 0
github.com/enetx/surf/http3s.go:518.16,520.3 1 0
github.com/enetx/surf/http3s.go:523.2,524.16 2 0
github.com/enetx/surf/http3s.go:524.16,526.3 1 0
github.com/enetx/surf/http3s.go:529.2,530.26 2 0
github.com/enetx/surf/http3s.go:530.26,532.3 1 0
github.com/enetx/surf/http3s.go:532.8,532.34 1 0
github.com/enetx/surf/http3s.go:532.34,534.3 1 0
github.com/enetx/surf/http3s.go:537.2,538.16 2 0
github.com/enetx/surf/http3s.go:538.16,540.3 1 0
github.com/enetx/surf/http3s.go:543.2,545.15 2 0
github.com/enetx/surf/http3s.go:545.15,546.15 1 0
github.com/enetx/surf/http3s.go:546.15,548.4 1 0
github.com/enetx/surf/http3s.go:552.2,558.40 2 0
github.com/enetx/surf/http3s.go:558.40,559.55 1 0
github.com/enetx/surf/http3s.go:559.55,561.4 1 0
github.com/enetx/surf/http3s.go:563.3,563.16 1 0
github.com/enetx/surf/http3s.go:563.16,564.15 1 0
github.com/enetx/surf/http3s.go:564.15,566.5 1 0
github.com/enetx/surf/http3s.go:571.2,571.16 1 0
github.com/enetx/surf/http3s.go:571.16,573.3 1 0
github.com/enetx/surf/http3s.go:576.2,577.16 2 0
github.com/enetx/surf/http3s.go:577.16,579.3 1 0
github.com/enetx/surf/http3s.go:581.2,584.33 2 0
github.com/enetx/surf/http3s.go:584.33,590.3 2 0
github.com/enetx/surf/http3s.go:592.2,592.22 1 0
github.com/enetx/surf/http3s.go:597.37,598.20 1 0
github.com/enetx/surf/http3s.go:598.20,600.3 1 0
github.com/enetx/surf/http3s.go:602.2,603.16 2 0
github.com/enetx/surf/http3s.go:603.16,605.3 1 0
github.com/enetx/surf/http3s.go:607.2,609.50 2 0
github.com/enetx/surf/impersonate.go:17.48,20.2 2 0
github.com/enetx/surf/impersonate.go:23.47,26.2 2 0
github.com/enetx/surf/impersonate.go:29.45,32.2 2 0
github.com/enetx/surf/impersonate.go:35.45,38.2 2 0
github.com/enetx/surf/impersonate.go:41.47,44.2 2 0
github.com/enetx/surf/impersonate.go:47.43,50.2 2 0
github.com/enetx/surf/impersonate.go:53.42,98.2 18 0
github.com/enetx/surf/impersonate.go:101.43,144.2 15 0
github.com/enetx/surf/impersonate.go:147.50,190.2 15 0
github.com/enetx/surf/impersonate.go:193.39,236.2 15 0
github.com/enetx/surf/impersonate.go:239.46,282.2 15 0
github.com/enetx/surf/impersonate_os.go:50.44,51.34 1 0
github.com/enetx/surf/impersonate_os.go:51.34,53.3 1 0
github.com/enetx/surf/impersonate_os.go:55.2,55.13 1 0
github.com/enetx/surf/ja.go:42.57,45.2 2 0
github.com/enetx/surf/ja.go:58.63,61.2 2 0
github.com/enetx/surf/ja.go:73.31,74.44 1 0
github.com/enetx/surf/ja.go:74.44,76.54 1 0
github.com/enetx/surf/ja.go:76.54,78.4 1 0
github.com/enetx/surf/ja.go:80.3,80.27 1 0
github.com/enetx/surf/ja.go:80.27,82.4 1 0
github.com/enetx/surf/ja.go:84.3,84.29 1 0
github.com/enetx/surf/ja.go:84.29,88.39 2 0
github.com/enetx/surf/ja.go:89.16,90.14 1 0
github.com/enetx/surf/ja.go:91.18,92.20 1 0
github.com/enetx/surf/ja.go:95.4,95.19 1 0
github.com/enetx/surf/ja.go:95.19,98.19 2 0
github.com/enetx/surf/ja.go:98.19,99.111 1 0
github.com/enetx/surf/ja.go:99.111,101.7 1 0
github.com/enetx/surf/ja.go:102.11,104.6 1 0
github.com/enetx/surf/ja.go:105.10,107.120 1 0
github.com/enetx/surf/ja.go:107.120,110.41 2 0
github.com/enetx/surf/ja.go:111.27,112.24 1 0
github.com/enetx/surf/ja.go:113.20,114.21 1 0
github.com/enetx/surf/ja.go:114.21,116.8 1 0
github.com/enetx/surf/ja.go:117.27,118.25 1 0
github.com/enetx/surf/ja.go:119.29,120.31 1 0
github.com/enetx/surf/ja.go:123.6,123.21 1 0
github.com/enetx/surf/ja.go:123.21,125.7 1 0
github.com/enetx/surf/ja.go:127.6,128.20 2 0
github.com/enetx/surf/ja.go:128.20,130.7 1 0
github.com/enetx/surf/ja.go:132.6,132.51 1 0
github.com/enetx/surf/ja.go:138.3,138.65 1 0
github.com/enetx/surf/ja.go:150.55,151.19 1 0
github.com/enetx/surf/ja.go:151.19,153.3 1 0
github.com/enetx/surf/ja.go:155.2,156.20 2 0
github.com/enetx/surf/ja.go:164.33,164.85 1 0
github.com/enetx/surf/ja.go:167.32,167.78 1 0
github.com/enetx/surf/ja.go:170.34,170.78 1 0
github.com/enetx/surf/ja.go:173.34,173.78 1 0
github.com/enetx/surf/ja.go:176.34,176.78 1 0
github.com/enetx/surf/ja.go:179.34,179.78 1 0
github.com/enetx/surf/ja.go:182.34,182.78 1 0
github.com/enetx/surf/ja.go:185.34,185.78 1 0
github.com/enetx/surf/ja.go:188.34,188.78 1 0
github.com/enetx/surf/ja.go:191.35,191.80 1 0
github.com/enetx/surf/ja.go:194.35,194.80 1 0
github.com/enetx/surf/ja.go:197.35,197.88 1 0
github.com/enetx/surf/ja.go:200.35,200.80 1 0
github.com/enetx/surf/ja.go:203.37,203.85 1 0
github.com/enetx/surf/ja.go:206.35,206.84 1 0
github.com/enetx/surf/ja.go:209.30,209.72 1 0
github.com/enetx/surf/ja.go:212.32,212.74 1 0
github.com/enetx/surf/ja.go:215.33,215.76 1 0
github.com/enetx/surf/ja.go:218.33,218.80 1 0
github.com/enetx/surf/ja.go:221.35,221.80 1 0
github.com/enetx/surf/ja.go:224.35,224.80 1 0
github.com/enetx/surf/ja.go:227.35,227.80 1 0
github.com/enetx/surf/ja.go:230.35,230.80 1 0
github.com/enetx/surf/ja.go:233.35,233.80 1 0
github.com/enetx/surf/ja.go:236.36,236.82 1 0
github.com/enetx/surf/ja.go:239.36,239.82 1 0
github.com/enetx/surf/ja.go:242.36,242.82 1 0
github.com/enetx/surf/ja.go:245.36,245.82 1 0
github.com/enetx/surf/ja.go:248.43,248.101 1 0
github.com/enetx/surf/ja.go:251.29,251.67 1 0
github.com/enetx/surf/ja.go:254.36,254.81 1 0
github.com/enetx/surf/ja.go:257.29,257.72 1 0
github.com/enetx/surf/ja.go:260.31,260.74 1 0
github.com/enetx/surf/ja.go:263.31,263.74 1 0
github.com/enetx/surf/ja.go:266.31,266.72 1 0
github.com/enetx/surf/ja.go:269.31,269.72 1 0
github.com/enetx/surf/ja.go:272.36,272.81 1 0
github.com/enetx/surf/ja.go:275.40,275.89 1 0
github.com/enetx/surf/ja.go:278.42,278.93 1 0
github.com/enetx/surf/ja.go:281.32,281.78 1 0
github.com/enetx/surf/ja_roundtripper.go:30.77,37.27 6 0
github.com/enetx/surf/ja_roundtripper.go:37.27,39.3 1 0
github.com/enetx/surf/ja_roundtripper.go:41.2,41.11 1 0
github.com/enetx/surf/ja_roundtripper.go:44.78,48.24 3 0
github.com/enetx/surf/ja_roundtripper.go:48.24,49.52 1 0
github.com/enetx/surf/ja_roundtripper.go:49.52,51.4 1 0
github.com/enetx/surf/ja_roundtripper.go:53.3,53.44 1 0
github.com/enetx/surf/ja_roundtripper.go:56.2,57.16 2 0
github.com/enetx/surf/ja_roundtripper.go:57.16,59.3 1 0
github.com/enetx/surf/ja_roundtripper.go:61.2,61.22 1 0
github.com/enetx/surf/ja_roundtripper.go:64.48,67.47 2 0
github.com/enetx/surf/ja_roundtripper.go:67.47,68.35 1 0
github.com/enetx/surf/ja_roundtripper.go:68.35,70.4 1 0
github.com/enetx/surf/ja_roundtripper.go:72.3,72.32 1 0
github.com/enetx/surf/ja_roundtripper.go:76.76,77.41 1 0
github.com/enetx/surf/ja_roundtripper.go:78.14,80.13 2 0
github.com/enetx/surf/ja_roundtripper.go:81.15,81.15 0 0
github.com/enetx/surf/ja_roundtripper.go:82.10,83.64 1 0
github.com/enetx/surf/ja_roundtripper.go:86.2,87.43 2 0
github.com/enetx/surf/ja_roundtripper.go:87.43,89.3 1 0
github.com/enetx/surf/ja_roundtripper.go:91.2,91.12 1 0
github.com/enetx/surf/ja_roundtripper.go:94.114,96.2 1 0
github.com/enetx/surf/ja_roundtripper.go:98.94,99.61 1 0
github.com/enetx/surf/ja_roundtripper.go:99.61,102.3 2 0
github.com/enetx/surf/ja_roundtripper.go:104.2,105.16 2 0
github.com/enetx/surf/ja_roundtripper.go:105.16,107.3 1 0
github.com/enetx/surf/ja_roundtripper.go:109.2,110.56 2 0
github.com/enetx/surf/ja_roundtripper.go:110.56,112.3 1 0
github.com/enetx/surf/ja_roundtripper.go:114.2,115.18 2 0
github.com/enetx/surf/ja_roundtripper.go:115.18,118.3 2 0
github.com/enetx/surf/ja_roundtripper.go:120.2,120.30 1 0
github.com/enetx/surf/ja_roundtripper.go:120.30,122.3 1 0
github.com/enetx/surf/ja_roundtripper.go:124.2,131.64 2 0
github.com/enetx/surf/ja_roundtripper.go:131.64,135.3 3 0
github.com/enetx/surf/ja_roundtripper.go:137.2,138.59 2 0
github.com/enetx/surf/ja_roundtripper.go:138.59,141.3 2 0
github.com/enetx/surf/ja_roundtripper.go:143.2,143.50 1 0
github.com/enetx/surf/ja_roundtripper.go:143.50,146.72 2 0
github.com/enetx/surf/ja_roundtripper.go:146.72,148.4 1 0
github.com/enetx/surf/ja_roundtripper.go:150.3,150.72 1 0
github.com/enetx/surf/ja_roundtripper.go:153.2,153.60 1 0
github.com/enetx/surf/ja_roundtripper.go:153.60,155.3 1 0
github.com/enetx/surf/ja_roundtripper.go:157.2,157.51 1 0
github.com/enetx/surf/ja_roundtripper.go:158.26,159.58 1 0
github.com/enetx/surf/ja_roundtripper.go:160.10,161.58 1 0
github.com/enetx/surf/ja_roundtripper.go:164.2,166.35 2 0
github.com/enetx/surf/ja_roundtripper.go:169.59,171.16 2 0
github.com/enetx/surf/ja_roundtripper.go:171.16,173.3 1 0
github.com/enetx/surf/ja_roundtripper.go:175.2,175.46 1 0
github.com/enetx/surf/ja_roundtripper.go:178.63,183.2 3 0
github.com/enetx/surf/ja_roundtripper.go:185.64,192.40 6 0
github.com/enetx/surf/ja_roundtripper.go:192.40,195.57 2 0
github.com/enetx/surf/ja_roundtripper.go:195.57,196.64 1 0
github.com/enetx/surf/ja_roundtripper.go:196.64,198.5 1 0
github.com/enetx/surf/ja_roundtripper.go:201.3,213.30 2 0
github.com/enetx/surf/ja_roundtripper.go:213.30,215.4 1 0
github.com/enetx/surf/ja_roundtripper.go:217.3,217.28 1 0
github.com/enetx/surf/ja_roundtripper.go:217.28,219.4 1 0
github.com/enetx/surf/ja_roundtripper.go:221.3,221.32 1 0
github.com/enetx/surf/ja_roundtripper.go:221.32,223.4 1 0
github.com/enetx/surf/ja_roundtripper.go:225.3,225.30 1 0
github.com/enetx/surf/ja_roundtripper.go:225.30,227.4 1 0
github.com/enetx/surf/ja_roundtripper.go:230.2,230.10 1 0
github.com/enetx/surf/ja_roundtripper.go:233.54,237.38 3 0
github.com/enetx/surf/ja_roundtripper.go:237.38,238.21 1 0
github.com/enetx/surf/ja_roundtripper.go:239.37,240.27 1 0
github.com/enetx/surf/ja_roundtripper.go:241.43,242.17 1 0
github.com/enetx/surf/ja_roundtripper.go:243.40,244.17 1 0
github.com/enetx/surf/ja_roundtripper.go:250.2,250.35 1 0
github.com/enetx/surf/ja_roundtripper.go:261.61,262.48 1 0
github.com/enetx/surf/ja_roundtripper.go:262.48,264.9 2 0
github.com/enetx/surf/ja_roundtripper.go:264.9,265.61 1 0
github.com/enetx/surf/ja_roundtripper.go:265.61,267.5 1 0
github.com/enetx/surf/ja_roundtripper.go:269.4,269.57 1 0
github.com/enetx/surf/ja_roundtripper.go:269.57,271.5 1 0
github.com/enetx/surf/ja_roundtripper.go:273.4,273.9 1 0
github.com/enetx/surf/middleware_client.go:22.38,24.2 1 0
github.com/enetx/surf/middleware_client.go:28.41,30.2 1 0
github.com/enetx/surf/middleware_client.go:34.41,45.2 9 0
github.com/enetx/surf/middleware_client.go:49.38,51.2 1 0
github.com/enetx/surf/middleware_client.go:55.59,55.89 1 0
github.com/enetx/surf/middleware_client.go:59.35,63.2 3 0
github.com/enetx/surf/middleware_client.go:68.32,71.2 2 0
github.com/enetx/surf/middleware_client.go:74.41,76.2 1 0
github.com/enetx/surf/middleware_client.go:79.43,81.2 1 0
github.com/enetx/surf/middleware_client.go:86.62,87.19 1 0
github.com/enetx/surf/middleware_client.go:87.19,89.17 2 0
github.com/enetx/surf/middleware_client.go:89.17,91.4 1 0
github.com/enetx/surf/middleware_client.go:93.3,93.36 1 0
github.com/enetx/surf/middleware_client.go:96.2,96.12 1 0
github.com/enetx/surf/middleware_client.go:102.61,105.2 2 0
github.com/enetx/surf/middleware_client.go:110.39,114.20 3 0
github.com/enetx/surf/middleware_client.go:114.20,116.35 1 0
github.com/enetx/surf/middleware_client.go:116.35,119.4 2 0
github.com/enetx/surf/middleware_client.go:122.3,122.32 1 0
github.com/enetx/surf/middleware_client.go:122.32,124.4 1 0
github.com/enetx/surf/middleware_client.go:128.2,128.88 1 0
github.com/enetx/surf/middleware_client.go:128.88,130.31 1 0
github.com/enetx/surf/middleware_client.go:130.31,132.4 1 0
github.com/enetx/surf/middleware_client.go:134.3,134.21 1 0
github.com/enetx/surf/middleware_client.go:134.21,136.39 1 0
github.com/enetx/surf/middleware_client.go:136.39,140.22 3 0
github.com/enetx/surf/middleware_client.go:140.22,142.6 1 0
github.com/enetx/surf/middleware_client.go:144.5,144.27 1 0
github.com/enetx/surf/middleware_client.go:144.27,146.6 1 0
github.com/enetx/surf/middleware_client.go:150.4,150.40 1 0
github.com/enetx/surf/middleware_client.go:150.40,152.5 1 0
github.com/enetx/surf/middleware_client.go:155.3,155.13 1 0
github.com/enetx/surf/middleware_client.go:162.42,163.17 1 0
github.com/enetx/surf/middleware_client.go:163.17,165.3 1 0
github.com/enetx/surf/middleware_client.go:167.2,169.66 1 0
github.com/enetx/surf/middleware_client.go:169.66,172.4 2 0
github.com/enetx/surf/middleware_client.go:179.55,179.97 1 0
github.com/enetx/surf/middleware_client.go:184.68,185.30 1 0
github.com/enetx/surf/middleware_client.go:185.30,187.3 1 0
github.com/enetx/surf/middleware_client.go:189.2,189.114 1 0
github.com/enetx/surf/middleware_client.go:189.114,191.17 2 0
github.com/enetx/surf/middleware_client.go:191.17,193.4 1 0
github.com/enetx/surf/middleware_client.go:195.3,196.17 2 0
github.com/enetx/surf/middleware_client.go:196.17,198.4 1 0
github.com/enetx/surf/middleware_client.go:200.3,200.43 1 0
github.com/enetx/surf/middleware_client.go:209.42,211.23 1 0
github.com/enetx/surf/middleware_client.go:211.23,213.3 1 0
github.com/enetx/surf/middleware_client.go:216.2,216.58 1 0
github.com/enetx/surf/middleware_client.go:216.58,218.3 1 0
github.com/enetx/surf/middleware_client.go:220.2,223.19 2 0
github.com/enetx/surf/middleware_client.go:223.19,226.3 2 0
github.com/enetx/surf/middleware_client.go:229.2,229.33 1 0
github.com/enetx/surf/middleware_client.go:229.33,230.18 1 0
github.com/enetx/surf/middleware_client.go:230.18,232.4 1 0
github.com/enetx/surf/middleware_client.go:233.3,233.52 1 0
github.com/enetx/surf/middleware_client.go:233.52,235.4 1 0
github.com/enetx/surf/middleware_client.go:235.9,236.60 1 0
github.com/enetx/surf/middleware_client.go:236.60,238.5 1 0
github.com/enetx/surf/middleware_client.go:243.2,243.28 1 0
github.com/enetx/surf/middleware_client.go:244.14,246.9 2 0
github.com/enetx/surf/middleware_client.go:247.16,249.9 2 0
github.com/enetx/surf/middleware_client.go:253.2,253.58 1 0
github.com/enetx/surf/middleware_client.go:253.58,256.29 2 0
github.com/enetx/surf/middleware_client.go:257.24,258.21 1 0
github.com/enetx/surf/middleware_client.go:259.17,260.18 1 0
github.com/enetx/surf/middleware_client.go:260.18,262.5 1 0
github.com/enetx/surf/middleware_client.go:263.24,264.22 1 0
github.com/enetx/surf/middleware_client.go:265.26,266.28 1 0
github.com/enetx/surf/middleware_client.go:267.11,268.64 1 0
github.com/enetx/surf/middleware_client.go:271.3,271.18 1 0
github.com/enetx/surf/middleware_client.go:271.18,273.4 1 0
github.com/enetx/surf/middleware_client.go:275.3,275.26 1 0
github.com/enetx/surf/middleware_client.go:283.28,285.53 1 0
github.com/enetx/surf/middleware_client.go:285.53,287.3 1 0
github.com/enetx/surf/middleware_client.go:289.2,297.101 5 0
github.com/enetx/surf/middleware_client.go:297.101,299.3 1 0
github.com/enetx/surf/middleware_client.go:302.2,302.41 1 0
github.com/enetx/surf/middleware_client.go:302.41,306.57 2 0
github.com/enetx/surf/middleware_client.go:306.57,307.64 1 0
github.com/enetx/surf/middleware_client.go:307.64,309.5 1 0
github.com/enetx/surf/middleware_client.go:313.3,325.30 2 0
github.com/enetx/surf/middleware_client.go:325.30,327.4 1 0
github.com/enetx/surf/middleware_client.go:330.3,330.28 1 0
github.com/enetx/surf/middleware_client.go:330.28,332.4 1 0
github.com/enetx/surf/middleware_client.go:335.3,335.32 1 0
github.com/enetx/surf/middleware_client.go:335.32,337.4 1 0
github.com/enetx/surf/middleware_client.go:339.3,339.30 1 0
github.com/enetx/surf/middleware_client.go:339.30,341.4 1 0
github.com/enetx/surf/middleware_client.go:344.2,344.27 1 0
github.com/enetx/surf/middleware_request.go:17.45,18.78 1 0
github.com/enetx/surf/middleware_request.go:18.78,21.3 1 0
github.com/enetx/surf/middleware_request.go:23.2,23.12 1 0
github.com/enetx/surf/middleware_request.go:32.53,35.31 2 0
github.com/enetx/surf/middleware_request.go:36.14,37.9 1 0
github.com/enetx/surf/middleware_request.go:38.16,39.15 1 0
github.com/enetx/surf/middleware_request.go:40.16,41.18 1 0
github.com/enetx/surf/middleware_request.go:41.18,43.4 1 0
github.com/enetx/surf/middleware_request.go:44.3,44.28 1 0
github.com/enetx/surf/middleware_request.go:45.23,46.16 1 0
github.com/enetx/surf/middleware_request.go:46.16,48.4 1 0
github.com/enetx/surf/middleware_request.go:49.3,49.18 1 0
github.com/enetx/surf/middleware_request.go:50.25,51.16 1 0
github.com/enetx/surf/middleware_request.go:51.16,53.4 1 0
github.com/enetx/surf/middleware_request.go:54.3,54.24 1 0
github.com/enetx/surf/middleware_request.go:55.10,56.57 1 0
github.com/enetx/surf/middleware_request.go:59.2,61.12 2 0
github.com/enetx/surf/middleware_request.go:68.43,71.65 1 0
github.com/enetx/surf/middleware_request.go:71.65,72.20 1 0
github.com/enetx/surf/middleware_request.go:72.20,74.6 1 0
github.com/enetx/surf/middleware_request.go:76.5,78.6 1 0
github.com/enetx/surf/middleware_request.go:83.2,83.12 1 0
github.com/enetx/surf/middleware_request.go:90.39,93.46 1 0
github.com/enetx/surf/middleware_request.go:93.46,93.89 1 0
github.com/enetx/surf/middleware_request.go:97.2,97.12 1 0
github.com/enetx/surf/middleware_request.go:103.55,104.22 1 0
github.com/enetx/surf/middleware_request.go:104.22,106.3 1 0
github.com/enetx/surf/middleware_request.go:108.2,108.12 1 0
github.com/enetx/surf/middleware_request.go:115.63,116.61 1 0
github.com/enetx/surf/middleware_request.go:116.61,118.3 1 0
github.com/enetx/surf/middleware_request.go:120.2,124.38 3 0
github.com/enetx/surf/middleware_request.go:124.38,126.3 1 0
github.com/enetx/surf/middleware_request.go:128.2,130.12 2 0
github.com/enetx/surf/middleware_request.go:136.62,137.25 1 0
github.com/enetx/surf/middleware_request.go:137.25,139.3 1 0
github.com/enetx/surf/middleware_request.go:141.2,143.12 2 0
github.com/enetx/surf/middleware_response.go:18.48,21.2 2 0
github.com/enetx/surf/middleware_response.go:27.49,28.99 1 0
github.com/enetx/surf/middleware_response.go:28.99,30.3 1 0
github.com/enetx/surf/middleware_response.go:32.2,32.12 1 0
github.com/enetx/surf/middleware_response.go:43.38,44.19 1 0
github.com/enetx/surf/middleware_response.go:44.19,46.3 1 0
github.com/enetx/surf/middleware_response.go:48.2,53.48 2 0
github.com/enetx/surf/middleware_response.go:54.17,55.46 1 0
github.com/enetx/surf/middleware_response.go:56.14,57.46 1 0
github.com/enetx/surf/middleware_response.go:58.12,59.57 1 0
github.com/enetx/surf/middleware_response.go:60.14,62.17 2 0
github.com/enetx/surf/middleware_response.go:62.17,64.4 1 0
github.com/enetx/surf/middleware_response.go:66.3,66.34 1 0
github.com/enetx/surf/middleware_response.go:69.2,69.33 1 0
github.com/enetx/surf/middleware_response.go:69.33,71.3 1 0
github.com/enetx/surf/middleware_response.go:73.2,73.12 1 0
github.com/enetx/surf/request.go:32.48,32.70 1 0
github.com/enetx/surf/request.go:41.46,43.20 1 0
github.com/enetx/surf/request.go:43.20,45.3 1 0
github.com/enetx/surf/request.go:48.2,48.48 1 0
github.com/enetx/surf/request.go:48.48,50.3 1 0
github.com/enetx/surf/request.go:53.2,53.43 1 0
github.com/enetx/surf/request.go:53.43,55.21 2 0
github.com/enetx/surf/request.go:55.21,57.4 1 0
github.com/enetx/surf/request.go:60.2,72.1 5 0
github.com/enetx/surf/request.go:73.2,74.16 2 0
github.com/enetx/surf/request.go:74.16,76.3 1 0
github.com/enetx/surf/request.go:79.2,80.48 1 0
github.com/enetx/surf/request.go:80.48,84.13 3 0
github.com/enetx/surf/request.go:88.2,88.41 1 0
github.com/enetx/surf/request.go:88.41,90.3 1 0
github.com/enetx/surf/request.go:92.2,108.43 2 0
github.com/enetx/surf/request.go:108.43,114.3 5 0
github.com/enetx/surf/request.go:116.2,116.54 1 0
github.com/enetx/surf/request.go:116.54,118.3 1 0
github.com/enetx/surf/request.go:120.2,120.23 1 0
github.com/enetx/surf/request.go:126.63,127.16 1 0
github.com/enetx/surf/request.go:127.16,129.3 1 0
github.com/enetx/surf/request.go:131.2,131.12 1 0
github.com/enetx/surf/request.go:137.66,138.33 1 0
github.com/enetx/surf/request.go:138.33,140.3 1 0
github.com/enetx/surf/request.go:142.2,142.12 1 0
github.com/enetx/surf/request.go:151.57,152.42 1 0
github.com/enetx/surf/request.go:152.42,154.3 1 0
github.com/enetx/surf/request.go:156.2,156.61 1 0
github.com/enetx/surf/request.go:156.61,156.76 1 0
github.com/enetx/surf/request.go:158.2,158.12 1 0
github.com/enetx/surf/request.go:165.57,166.42 1 0
github.com/enetx/surf/request.go:166.42,168.3 1 0
github.com/enetx/surf/request.go:170.2,170.61 1 0
github.com/enetx/surf/request.go:170.61,170.76 1 0
github.com/enetx/surf/request.go:172.2,172.12 1 0
github.com/enetx/surf/request.go:181.3,183.26 2 0
github.com/enetx/surf/request.go:183.26,186.36 2 0
github.com/enetx/surf/request.go:187.15,188.11 1 0
github.com/enetx/surf/request.go:189.17,190.17 1 0
github.com/enetx/surf/request.go:191.11,192.100 1 0
github.com/enetx/surf/request.go:195.3,195.36 1 0
github.com/enetx/surf/request.go:196.15,197.13 1 0
github.com/enetx/surf/request.go:198.17,199.19 1 0
github.com/enetx/surf/request.go:200.11,201.102 1 0
github.com/enetx/surf/request.go:204.3,205.9 2 0
github.com/enetx/surf/request.go:208.2,208.35 1 0
github.com/enetx/surf/request.go:209.19,210.30 1 0
github.com/enetx/surf/request.go:210.30,211.33 1 0
github.com/enetx/surf/request.go:211.33,213.5 1 0
github.com/enetx/surf/request.go:215.15,216.30 1 0
github.com/enetx/surf/request.go:216.30,217.33 1 0
github.com/enetx/surf/request.go:217.33,219.5 1 0
github.com/enetx/surf/request.go:221.25,222.29 1 0
github.com/enetx/surf/request.go:222.29,224.4 1 0
github.com/enetx/surf/request.go:225.29,226.29 1 0
github.com/enetx/surf/request.go:226.29,228.4 1 0
github.com/enetx/surf/request.go:229.29,230.29 1 0
github.com/enetx/surf/request.go:230.29,232.4 1 0
github.com/enetx/surf/request.go:233.33,234.29 1 0
github.com/enetx/surf/request.go:234.29,236.4 1 0
github.com/enetx/surf/request.go:237.32,239.50 2 0
github.com/enetx/surf/request.go:239.50,239.84 1 0
github.com/enetx/surf/request.go:240.36,242.52 2 0
github.com/enetx/surf/request.go:242.52,242.98 1 0
github.com/enetx/surf/request.go:243.10,244.191 1 0
github.com/enetx/surf/request.go:253.87,256.26 2 0
github.com/enetx/surf/request.go:256.26,257.32 1 0
github.com/enetx/surf/request.go:258.22,259.45 1 0
github.com/enetx/surf/request.go:260.23,261.46 1 0
github.com/enetx/surf/request.go:265.2,267.19 1 0
github.com/enetx/surf/request.go:267.19,267.52 1 0
github.com/enetx/surf/request.go:268.31,268.51 1 0
github.com/enetx/surf/request.go:270.2,270.72 1 0
github.com/enetx/surf/request.go:270.72,270.94 1 0
github.com/enetx/surf/request.go:272.2,272.24 1 0
github.com/enetx/surf/request.go:272.24,274.3 1 0
github.com/enetx/surf/request.go:276.2,276.25 1 0
github.com/enetx/surf/request.go:276.25,278.3 1 0
github.com/enetx/surf/request.go:280.2,281.36 1 0
github.com/enetx/surf/request.go:281.36,281.81 1 0
github.com/enetx/surf/response.go:35.51,35.75 1 0
github.com/enetx/surf/response.go:39.41,39.93 1 0
github.com/enetx/surf/response.go:43.42,43.86 1 0
github.com/enetx/surf/response.go:47.65,47.99 1 0
github.com/enetx/surf/response.go:51.47,51.73 1 0
github.com/enetx/surf/response.go:55.81,57.2 1 0
github.com/enetx/surf/response.go:62.44,63.30 1 0
github.com/enetx/surf/response.go:63.30,65.3 1 0
github.com/enetx/surf/response.go:67.2,67.12 1 0
github.com/enetx/surf/status.go:10.44,10.74 1 0
github.com/enetx/surf/status.go:13.38,13.68 1 0
github.com/enetx/surf/status.go:16.42,16.72 1 0
github.com/enetx/surf/status.go:19.42,19.72 1 0
github.com/enetx/surf/status.go:22.42,22.61 1 0
github.com/enetx/surf/status.go:25.35,25.69 1 0
github.com/enetx/surf/tls.go:28.51,31.15 2 0
github.com/enetx/surf/tls.go:31.15,49.57 10 0
github.com/enetx/surf/tls.go:49.57,51.4 1 0
github.com/enetx/surf/tls.go:53.3,53.70 1 0
github.com/enetx/surf/tls.go:53.70,56.4 2 0
github.com/enetx/surf/tls.go:59.2,59.12 1 0
github.com/enetx/surf/tls.go:64.68,65.34 1 0
github.com/enetx/surf/tls.go:65.34,68.3 2 0
github.com/enetx/surf/tls.go:70.2,74.31 4 0
github.com/enetx/surf/tls.go:79.37,82.28 2 0
github.com/enetx/surf/tls.go:82.28,83.12 1 0
github.com/enetx/surf/tls.go:83.12,85.4 1 0
github.com/enetx/surf/tls.go:86.3,86.38 1 0
github.com/enetx/surf/tls.go:89.2,89.21 1 0
github.com/enetx/surf/profiles/firefox/firefox.go:66.26,91.14 4 0
github.com/enetx/surf/profiles/firefox/firefox.go:91.14,95.3 3 0
github.com/enetx/surf/profiles/firefox/firefox.go:97.2,97.25 1 0
github.com/enetx/surf/profiles/firefox/firefox.go:145.65,146.16 1 0
github.com/enetx/surf/profiles/firefox/firefox.go:147.23,155.52 8 0
github.com/enetx/surf/profiles/firefox/firefox.go:156.10,166.53 7 0
github.com/enetx/surf/profiles/firefox/firefox.go:169.2,169.46 1 0
github.com/enetx/surf/profiles/firefox/firefox.go:169.46,177.3 5 0
github.com/enetx/surf/pkg/connectproxy/connectproxy.go:28.43,28.93 1 0
github.com/enetx/surf/pkg/connectproxy/connectproxy.go:29.43,29.101 1 0
github.com/enetx/surf/pkg/connectproxy/connectproxy.go:30.43,30.97 1 0
github.com/enetx/surf/pkg/connectproxy/connectproxy.go:31.43,31.72 1 0
github.com/enetx/surf/pkg/connectproxy/connectproxy.go:58.52,60.16 2 0
github.com/enetx/surf/pkg/connectproxy/connectproxy.go:60.16,62.3 1 0
github.com/enetx/surf/pkg/connectproxy/connectproxy.go:64.2,64.23 1 0
github.com/enetx/surf/pkg/connectproxy/connectproxy.go:64.23,66.3 1 0
github.com/enetx/surf/pkg/connectproxy/connectproxy.go:68.2,68.23 1 0
github.com/enetx/surf/pkg/connectproxy/connectproxy.go:69.10,70.34 1 0
github.com/enetx/surf/pkg/connectproxy/connectproxy.go:71.18,72.26 1 0
github.com/enetx/surf/pkg/connectproxy/connectproxy.go:72.26,74.4 1 0
github.com/enetx/surf/pkg/connectproxy/connectproxy.go:75.19,76.26 1 0
github.com/enetx/surf/pkg/connectproxy/connectproxy.go:76.26,78.4 1 0
github.com/enetx/surf/pkg/connectproxy/connectproxy.go:79.23,80.26 1 0
github.com/enetx/surf/pkg/connectproxy/connectproxy.go:80.26,82.4 1 0
github.com/enetx/surf/pkg/connectproxy/connectproxy.go:83.10,84.34 1 0
github.com/enetx/surf/pkg/connectproxy/connectproxy.go:87.2,92.24 2 0
github.com/enetx/surf/pkg/connectproxy/connectproxy.go:92.24,93.35 1 0
github.com/enetx/surf/pkg/connectproxy/connectproxy.go:93.35,95.11 2 0
github.com/enetx/surf/pkg/connectproxy/connectproxy.go:95.11,97.5 1 0
github.com/enetx/surf/pkg/connectproxy/connectproxy.go:99.4,101.67 3 0
github.com/enetx/surf/pkg/connectproxy/connectproxy.go:105.2,105.25 1 0
github.com/enetx/surf/pkg/connectproxy/connectproxy.go:108.71,110.2 1 0
github.com/enetx/surf/pkg/connectproxy/connectproxy.go:114.76,120.16 5 0
github.com/enetx/surf/pkg/connectproxy/connectproxy.go:120.16,123.3 2 0
github.com/enetx/surf/pkg/connectproxy/connectproxy.go:125.2,126.16 2 0
github.com/enetx/surf/pkg/connectproxy/connectproxy.go:126.16,129.3 2 0
github.com/enetx/surf/pkg/connectproxy/connectproxy.go:131.2,131.38 1 0
github.com/enetx/surf/pkg/connectproxy/connectproxy.go:131.38,134.3 2 0
github.com/enetx/surf/pkg/connectproxy/connectproxy.go:136.2,136.12 1 0
github.com/enetx/surf/pkg/connectproxy/connectproxy.go:139.120,147.16 7 0
github.com/enetx/surf/pkg/connectproxy/connectproxy.go:147.16,150.3 2 0
github.com/enetx/surf/pkg/connectproxy/connectproxy.go:152.2,152.38 1 0
github.com/enetx/surf/pkg/connectproxy/connectproxy.go:152.38,155.3 2 0
github.com/enetx/surf/pkg/connectproxy/connectproxy.go:157.2,157.47 1 0
github.com/enetx/surf/pkg/connectproxy/connectproxy.go:160.99,161.23 1 0
github.com/enetx/surf/pkg/connectproxy/connectproxy.go:161.23,163.3 1 0
github.com/enetx/surf/pkg/connectproxy/connectproxy.go:165.2,165.51 1 0
github.com/enetx/surf/pkg/connectproxy/connectproxy.go:165.51,167.17 2 0
github.com/enetx/surf/pkg/connectproxy/connectproxy.go:167.17,169.4 1 0
github.com/enetx/surf/pkg/connectproxy/connectproxy.go:171.3,171.71 1 0
github.com/enetx/surf/pkg/connectproxy/connectproxy.go:174.2,183.90 3 0
github.com/enetx/surf/pkg/connectproxy/connectproxy.go:183.90,185.3 1 0
github.com/enetx/surf/pkg/connectproxy/connectproxy.go:187.2,190.38 3 0
github.com/enetx/surf/pkg/connectproxy/connectproxy.go:190.38,191.35 1 0
github.com/enetx/surf/pkg/connectproxy/connectproxy.go:191.35,197.18 6 0
github.com/enetx/surf/pkg/connectproxy/connectproxy.go:197.18,199.5 1 0
github.com/enetx/surf/pkg/connectproxy/connectproxy.go:203.2,203.15 1 0
github.com/enetx/surf/pkg/connectproxy/connectproxy.go:203.15,205.3 1 0
github.com/enetx/surf/pkg/connectproxy/connectproxy.go:207.2,208.16 2 0
github.com/enetx/surf/pkg/connectproxy/connectproxy.go:208.16,210.3 1 0
github.com/enetx/surf/pkg/connectproxy/connectproxy.go:212.2,212.52 1 0
github.com/enetx/surf/pkg/connectproxy/connectproxy.go:215.100,222.27 2 0
github.com/enetx/surf/pkg/connectproxy/connectproxy.go:223.18,225.17 2 0
github.com/enetx/surf/pkg/connectproxy/connectproxy.go:225.17,227.4 1 0
github.com/enetx/surf/pkg/connectproxy/connectproxy.go:229.19,230.23 1 0
github.com/enetx/surf/pkg/connectproxy/connectproxy.go:230.23,232.18 2 0
github.com/enetx/surf/pkg/connectproxy/connectproxy.go:232.18,234.5 1 0
github.com/enetx/surf/pkg/connectproxy/connectproxy.go:235.9,244.18 4 0
github.com/enetx/surf/pkg/connectproxy/connectproxy.go:244.18,246.5 1 0
github.com/enetx/surf/pkg/connectproxy/connectproxy.go:248.4,249.18 2 0
github.com/enetx/surf/pkg/connectproxy/connectproxy.go:249.18,251.5 1 0
github.com/enetx/surf/pkg/connectproxy/connectproxy.go:253.4,254.21 2 0
github.com/enetx/surf/pkg/connectproxy/connectproxy.go:256.10,257.52 1 0
github.com/enetx/surf/pkg/connectproxy/connectproxy.go:260.2,260.41 1 0
github.com/enetx/surf/pkg/connectproxy/connectproxy.go:263.110,264.46 1 0
github.com/enetx/surf/pkg/connectproxy/connectproxy.go:264.46,265.19 1 0
github.com/enetx/surf/pkg/connectproxy/connectproxy.go:265.19,267.4 1 0
github.com/enetx/surf/pkg/connectproxy/connectproxy.go:269.3,269.65 1 0
github.com/enetx/surf/pkg/connectproxy/connectproxy.go:269.65,270.77 1 0
github.com/enetx/surf/pkg/connectproxy/connectproxy.go:270.77,276.5 5 0
github.com/enetx/surf/pkg/connectproxy/connectproxy.go:280.2,280.50 1 0
github.com/enetx/surf/pkg/connectproxy/connectproxy.go:280.50,283.3 2 0
github.com/enetx/surf/pkg/connectproxy/connectproxy.go:285.2,285.18 1 0
github.com/enetx/surf/pkg/connectproxy/connectproxy.go:288.93,290.2 1 0
github.com/enetx/surf/pkg/connectproxy/connectproxy.go:298.35,301.37 2 0
github.com/enetx/surf/pkg/connectproxy/connectproxy.go:301.37,303.3 1 0
github.com/enetx/surf/pkg/connectproxy/connectproxy.go:304.2,304.38 1 0
github.com/enetx/surf/pkg/connectproxy/connectproxy.go:304.38,306.3 1 0
github.com/enetx/surf/pkg/connectproxy/connectproxy.go:308.2,308.15 1 0
github.com/enetx/surf/pkg/connectproxy/connectproxy.go:311.56,311.80 1 0
github.com/enetx/surf/pkg/connectproxy/connectproxy.go:312.56,312.80 1 0
github.com/enetx/surf/pkg/connectproxy/connectproxy.go:313.56,313.81 1 0
github.com/enetx/surf/pkg/connectproxy/connectproxy.go:314.56,314.79 1 0
github.com/enetx/surf/pkg/connectproxy/connectproxy.go:315.56,315.80 1 0
github.com/enetx/surf/pkg/sse/sse.go:19.25,24.2 4 0
github.com/enetx/surf/pkg/sse/sse.go:27.41,30.18 2 0
github.com/enetx/surf/pkg/sse/sse.go:31.15,32.17 1 0
github.com/enetx/surf/pkg/sse/sse.go:33.12,34.14 1 0
github.com/enetx/surf/pkg/sse/sse.go:35.15,36.38 1 0
github.com/enetx/surf/pkg/sse/sse.go:37.14,38.16 1 0
github.com/enetx/surf/pkg/sse/sse.go:43.29,44.20 1 0
github.com/enetx/surf/pkg/sse/sse.go:44.20,46.3 1 0
github.com/enetx/surf/pkg/sse/sse.go:48.2,50.29 1 0
github.com/enetx/surf/pkg/sse/sse.go:50.29,50.52 1 0
github.com/enetx/surf/pkg/sse/sse.go:54.29,54.59 1 0
github.com/enetx/surf/pkg/sse/sse.go:57.63,61.21 3 0
github.com/enetx/surf/pkg/sse/sse.go:61.21,65.22 3 0
github.com/enetx/surf/pkg/sse/sse.go:65.22,66.19 1 0
github.com/enetx/surf/pkg/sse/sse.go:66.19,68.5 1 0
github.com/enetx/surf/pkg/sse/sse.go:70.4,71.12 2 0
github.com/enetx/surf/pkg/sse/sse.go:74.3,75.23 2 0
github.com/enetx/surf/pkg/sse/sse.go:78.2,78.22 1 0
github.com/enetx/surf/internal/drainbody/drainbody.go:14.71,15.34 1 0
github.com/enetx/surf/internal/drainbody/drainbody.go:15.34,17.3 1 0
github.com/enetx/surf/internal/drainbody/drainbody.go:19.2,21.43 2 0
github.com/enetx/surf/internal/drainbody/drainbody.go:21.43,23.3 1 0
github.com/enetx/surf/internal/drainbody/drainbody.go:25.2,25.34 1 0
github.com/enetx/surf/internal/drainbody/drainbody.go:25.34,27.3 1 0
github.com/enetx/surf/internal/drainbody/drainbody.go:29.2,29.76 1 0
github.com/enetx/surf/profiles/chrome/chrome.go:14.26,68.14 4 0
github.com/enetx/surf/profiles/chrome/chrome.go:68.14,81.3 7 0
github.com/enetx/surf/profiles/chrome/chrome.go:83.2,83.27 1 0
github.com/enetx/surf/profiles/chrome/chrome.go:137.65,138.16 1 0
github.com/enetx/surf/profiles/chrome/chrome.go:139.23,147.52 8 0
github.com/enetx/surf/profiles/chrome/chrome.go:148.10,158.53 7 0
github.com/enetx/surf/profiles/chrome/chrome.go:161.2,161.46 1 0
github.com/enetx/surf/profiles/chrome/chrome.go:161.46,169.3 5 0
github.com/enetx/surf/pkg/quicconn/quic_conn.go:90.85,91.46 1 0
github.com/enetx/surf/pkg/quicconn/quic_conn.go:91.46,92.77 1 0
github.com/enetx/surf/pkg/quicconn/quic_conn.go:95.2,101.3 1 0
github.com/enetx/surf/pkg/quicconn/quic_conn.go:108.53,109.40 1 0
github.com/enetx/surf/pkg/quicconn/quic_conn.go:109.40,111.3 1 0
github.com/enetx/surf/pkg/quicconn/quic_conn.go:113.2,114.30 2 0
github.com/enetx/surf/pkg/quicconn/quic_conn.go:114.30,116.3 1 0
github.com/enetx/surf/pkg/quicconn/quic_conn.go:118.2,118.12 1 0
github.com/enetx/surf/pkg/quicconn/quic_conn.go:125.54,126.40 1 0
github.com/enetx/surf/pkg/quicconn/quic_conn.go:126.40,128.3 1 0
github.com/enetx/surf/pkg/quicconn/quic_conn.go:130.2,131.30 2 0
github.com/enetx/surf/pkg/quicconn/quic_conn.go:131.30,133.3 1 0
github.com/enetx/surf/pkg/quicconn/quic_conn.go:135.2,135.12 1 0
github.com/enetx/surf/pkg/quicconn/quic_conn.go:142.68,148.27 4 0
github.com/enetx/surf/pkg/quicconn/quic_conn.go:148.27,152.3 1 0
github.com/enetx/surf/pkg/quicconn/quic_conn.go:154.2,154.27 1 0
github.com/enetx/surf/pkg/quicconn/quic_conn.go:154.27,158.3 2 0
github.com/enetx/surf/pkg/quicconn/quic_conn.go:160.2,161.16 2 0
github.com/enetx/surf/pkg/quicconn/quic_conn.go:161.16,163.3 1 0
github.com/enetx/surf/pkg/quicconn/quic_conn.go:165.2,165.16 1 0
github.com/enetx/surf/pkg/quicconn/quic_conn.go:166.19,168.18 2 0
github.com/enetx/surf/pkg/quicconn/quic_conn.go:168.18,170.4 1 0
github.com/enetx/surf/pkg/quicconn/quic_conn.go:172.3,172.10 1 0
github.com/enetx/surf/pkg/quicconn/quic_conn.go:172.10,173.35 1 0
github.com/enetx/surf/pkg/quicconn/quic_conn.go:173.35,175.5 1 0
github.com/enetx/surf/pkg/quicconn/quic_conn.go:177.4,177.30 1 0
github.com/enetx/surf/pkg/quicconn/quic_conn.go:177.30,179.5 1 0
github.com/enetx/surf/pkg/quicconn/quic_conn.go:181.4,183.34 2 0
github.com/enetx/surf/pkg/quicconn/quic_conn.go:186.3,186.28 1 0
github.com/enetx/surf/pkg/quicconn/quic_conn.go:186.28,188.4 1 0
github.com/enetx/surf/pkg/quicconn/quic_conn.go:190.3,192.32 2 0
github.com/enetx/surf/pkg/quicconn/quic_conn.go:193.10,194.34 1 0
github.com/enetx/surf/pkg/quicconn/quic_conn.go:194.34,196.4 1 0
github.com/enetx/surf/pkg/quicconn/quic_conn.go:198.3,198.29 1 0
github.com/enetx/surf/pkg/quicconn/quic_conn.go:198.29,200.4 1 0
github.com/enetx/surf/pkg/quicconn/quic_conn.go:202.3,204.33 2 0
github.com/enetx/surf/pkg/quicconn/quic_conn.go:211.72,216.17 4 0
github.com/enetx/surf/pkg/quicconn/quic_conn.go:216.17,218.10 2 0
github.com/enetx/surf/pkg/quicconn/quic_conn.go:218.10,220.4 1 0
github.com/enetx/surf/pkg/quicconn/quic_conn.go:222.3,222.11 1 0
github.com/enetx/surf/pkg/quicconn/quic_conn.go:225.2,225.16 1 0
github.com/enetx/surf/pkg/quicconn/quic_conn.go:225.16,227.3 1 0
github.com/enetx/surf/pkg/quicconn/quic_conn.go:229.2,229.27 1 0
github.com/enetx/surf/pkg/quicconn/quic_conn.go:229.27,231.17 2 0
github.com/enetx/surf/pkg/quicconn/quic_conn.go:231.17,233.4 1 0
github.com/enetx/surf/pkg/quicconn/quic_conn.go:236.3,237.29 2 0
github.com/enetx/surf/pkg/quicconn/quic_conn.go:237.29,241.4 2 0
github.com/enetx/surf/pkg/quicconn/quic_conn.go:244.3,248.17 4 0
github.com/enetx/surf/pkg/quicconn/quic_conn.go:248.17,250.4 1 0
github.com/enetx/surf/pkg/quicconn/quic_conn.go:252.3,252.26 1 0
github.com/enetx/surf/pkg/quicconn/quic_conn.go:252.26,254.4 1 0
github.com/enetx/surf/pkg/quicconn/quic_conn.go:256.3,256.21 1 0
github.com/enetx/surf/pkg/quicconn/quic_conn.go:260.2,261.16 2 0
github.com/enetx/surf/pkg/quicconn/quic_conn.go:261.16,263.3 1 0
github.com/enetx/surf/pkg/quicconn/quic_conn.go:265.2,265.16 1 0
github.com/enetx/surf/pkg/quicconn/quic_conn.go:265.16,267.3 1 0
github.com/enetx/surf/pkg/quicconn/quic_conn.go:269.2,269.20 1 0
github.com/enetx/surf/pkg/quicconn/quic_conn.go:273.40,275.2 1 0
github.com/enetx/surf/pkg/quicconn/quic_conn.go:279.47,281.2 1 0
github.com/enetx/surf/pkg/quicconn/quic_conn.go:284.57,286.2 1 0
github.com/enetx/surf/pkg/quicconn/quic_conn.go:289.61,291.2 1 0
github.com/enetx/surf/pkg/quicconn/quic_conn.go:294.62,296.2 1 0
github.com/enetx/surf/pkg/quicconn/quic_conn.go:301.55,302.16 1 0
github.com/enetx/surf/pkg/quicconn/quic_conn.go:302.16,304.3 1 0
github.com/enetx/surf/pkg/quicconn/quic_conn.go:306.2,309.37 3 0
github.com/enetx/surf/pkg/quicconn/quic_conn.go:309.37,312.3 2 0
github.com/enetx/surf/pkg/quicconn/quic_conn.go:312.8,312.45 1 0
github.com/enetx/surf/pkg/quicconn/quic_conn.go:312.45,315.3 2 0
github.com/enetx/surf/pkg/quicconn/quic_conn.go:315.8,317.3 1 0
github.com/enetx/surf/pkg/quicconn/quic_conn.go:319.2,323.15 4 0
github.com/enetx/surf/pkg/quicconn/quic_conn.go:330.65,331.18 1 0
github.com/enetx/surf/pkg/quicconn/quic_conn.go:331.18,333.3 1 0
github.com/enetx/surf/pkg/quicconn/quic_conn.go:335.2,335.38 1 0
github.com/enetx/surf/pkg/quicconn/quic_conn.go:335.38,337.3 1 0
github.com/enetx/surf/pkg/quicconn/quic_conn.go:340.2,340.20 1 0
github.com/enetx/surf/pkg/quicconn/quic_conn.go:340.20,342.3 1 0
github.com/enetx/surf/pkg/quicconn/quic_conn.go:344.2,349.14 4 0
github.com/enetx/surf/pkg/quicconn/quic_conn.go:350.12,351.25 1 0
github.com/enetx/surf/pkg/quicconn/quic_conn.go:351.25,353.4 1 0
github.com/enetx/surf/pkg/quicconn/quic_conn.go:355.3,356.11 2 0
github.com/enetx/surf/pkg/quicconn/quic_conn.go:357.12,358.26 1 0
github.com/enetx/surf/pkg/quicconn/quic_conn.go:358.26,360.4 1 0
github.com/enetx/surf/pkg/quicconn/quic_conn.go:362.3,363.12 2 0
github.com/enetx/surf/pkg/quicconn/quic_conn.go:364.12,365.23 1 0
github.com/enetx/surf/pkg/quicconn/quic_conn.go:365.23,367.4 1 0
github.com/enetx/surf/pkg/quicconn/quic_conn.go:369.3,371.28 3 0
github.com/enetx/surf/pkg/quicconn/quic_conn.go:371.28,373.4 1 0
github.com/enetx/surf/pkg/quicconn/quic_conn.go:375.3,375.76 1 0
github.com/enetx/surf/pkg/quicconn/quic_conn.go:376.10,377.52 1 0
github.com/enetx/surf/pkg/quicconn/quic_conn.go:380.2,380.22 1 0
github.com/enetx/surf/pkg/quicconn/quic_conn.go:380.22,382.3 1 0
github.com/enetx/surf/pkg/quicconn/quic_conn.go:384.2,387.20 3 0
github.com/enetx/surf/pkg/quicconn/quic_conn.go:387.20,389.3 1 0
github.com/enetx/surf/pkg/quicconn/quic_conn.go:391.2,391.63 1 0
github.com/enetx/surf/pkg/quicconn/quic_conn.go:397.40,398.15 1 0
github.com/enetx/surf/pkg/quicconn/quic_conn.go:398.15,400.3 1 0
github.com/enetx/surf/pkg/quicconn/quic_conn.go:402.2,402.37 1 0
github.com/enetx/surf/pkg/quicconn/quic_conn.go:402.37,403.32 1 0
github.com/enetx/surf/pkg/quicconn/quic_conn.go:403.32,405.4 1 0
github.com/enetx/surf/pkg/quicconn/quic_conn.go:408.2,408.34 1 0
github.com/enetx/surf/internal/specclone/specclone.go:70.59,71.14 1 0
github.com/enetx/surf/internal/specclone/specclone.go:71.14,73.3 1 0
github.com/enetx/surf/internal/specclone/specclone.go:75.2,81.27 2 0
github.com/enetx/surf/internal/specclone/specclone.go:81.27,83.3 1 0
github.com/enetx/surf/internal/specclone/specclone.go:85.2,85.33 1 0
github.com/enetx/surf/internal/specclone/specclone.go:85.33,87.3 1 0
github.com/enetx/surf/internal/specclone/specclone.go:89.2,89.25 1 0
github.com/enetx/surf/internal/specclone/specclone.go:89.25,91.36 2 0
github.com/enetx/surf/internal/specclone/specclone.go:91.36,92.18 1 0
github.com/enetx/surf/internal/specclone/specclone.go:92.18,94.5 1 0
github.com/enetx/surf/internal/specclone/specclone.go:98.2,98.14 1 0
github.com/enetx/surf/internal/specclone/specclone.go:130.66,131.25 1 0
github.com/enetx/surf/internal/specclone/specclone.go:132.26,135.4 1 0
github.com/enetx/surf/internal/specclone/specclone.go:136.36,137.40 1 0
github.com/enetx/surf/internal/specclone/specclone.go:138.38,141.4 1 0
github.com/enetx/surf/internal/specclone/specclone.go:142.38,145.4 1 0
github.com/enetx/surf/internal/specclone/specclone.go:146.42,149.4 1 0
github.com/enetx/surf/internal/specclone/specclone.go:150.27,153.4 1 0
github.com/enetx/surf/internal/specclone/specclone.go:154.38,155.42 1 0
github.com/enetx/surf/internal/specclone/specclone.go:156.26,157.30 1 0
github.com/enetx/surf/internal/specclone/specclone.go:158.34,163.4 1 0
github.com/enetx/surf/internal/specclone/specclone.go:164.43,165.47 1 0
github.com/enetx/surf/internal/specclone/specclone.go:166.39,171.4 1 0
github.com/enetx/surf/internal/specclone/specclone.go:172.39,175.4 1 0
github.com/enetx/surf/internal/specclone/specclone.go:176.42,179.4 1 0
github.com/enetx/surf/internal/specclone/specclone.go:180.47,183.4 1 0
github.com/enetx/surf/internal/specclone/specclone.go:184.36,186.23 2 0
github.com/enetx/surf/internal/specclone/specclone.go:186.23,188.38 2 0
github.com/enetx/surf/internal/specclone/specclone.go:188.38,189.17 1 0
github.com/enetx/surf/internal/specclone/specclone.go:189.17,191.6 1 0
github.com/enetx/surf/internal/specclone/specclone.go:194.4,197.5 1 0
github.com/enetx/surf/internal/specclone/specclone.go:200.3,204.4 1 0
github.com/enetx/surf/internal/specclone/specclone.go:205.39,207.35 2 0
github.com/enetx/surf/internal/specclone/specclone.go:207.35,212.4 1 0
github.com/enetx/surf/internal/specclone/specclone.go:214.3,215.31 2 0
github.com/enetx/surf/internal/specclone/specclone.go:215.31,216.16 1 0
github.com/enetx/surf/internal/specclone/specclone.go:216.16,218.5 1 0
github.com/enetx/surf/internal/specclone/specclone.go:221.3,224.4 1 0
github.com/enetx/surf/internal/specclone/specclone.go:225.39,227.35 2 0
github.com/enetx/surf/internal/specclone/specclone.go:227.35,232.4 1 0
github.com/enetx/surf/internal/specclone/specclone.go:234.3,235.31 2 0
github.com/enetx/surf/internal/specclone/specclone.go:235.31,236.16 1 0
github.com/enetx/surf/internal/specclone/specclone.go:236.16,238.5 1 0
github.com/enetx/surf/internal/specclone/specclone.go:241.3,242.23 2 0
github.com/enetx/surf/internal/specclone/specclone.go:242.23,244.38 2 0
github.com/enetx/surf/internal/specclone/specclone.go:244.38,245.17 1 0
github.com/enetx/surf/internal/specclone/specclone.go:245.17,247.6 1 0
github.com/enetx/surf/internal/specclone/specclone.go:249.4,252.5 1 0
github.com/enetx/surf/internal/specclone/specclone.go:255.3,264.4 1 0
github.com/enetx/surf/internal/specclone/specclone.go:265.40,268.4 1 0
github.com/enetx/surf/internal/specclone/specclone.go:269.29,272.4 1 0
github.com/enetx/surf/internal/specclone/specclone.go:273.42,276.4 1 0
github.com/enetx/surf/internal/specclone/specclone.go:277.46,280.4 1 0
github.com/enetx/surf/internal/specclone/specclone.go:281.31,283.34 2 0
github.com/enetx/surf/internal/specclone/specclone.go:283.34,288.4 1 0
github.com/enetx/surf/internal/specclone/specclone.go:290.3,290.55 1 0
github.com/enetx/surf/internal/specclone/specclone.go:291.46,294.4 1 0
github.com/enetx/surf/internal/specclone/specclone.go:295.26,298.4 1 0
github.com/enetx/surf/internal/specclone/specclone.go:299.42,302.4 1 0
github.com/enetx/surf/internal/specclone/specclone.go:303.45,306.4 1 0
github.com/enetx/surf/internal/specclone/specclone.go:307.36,310.4 1 0
github.com/enetx/surf/internal/specclone/specclone.go:311.49,315.4 1 0
github.com/enetx/surf/internal/specclone/specclone.go:316.40,320.4 1 0
github.com/enetx/surf/internal/specclone/specclone.go:321.33,325.4 1 0
github.com/enetx/surf/internal/specclone/specclone.go:326.30,330.4 1 0
github.com/enetx/surf/internal/specclone/specclone.go:331.34,332.26 1 0
github.com/enetx/surf/internal/specclone/specclone.go:333.40,334.34 1 0
github.com/enetx/surf/internal/specclone/specclone.go:335.40,336.34 1 0
github.com/enetx/surf/internal/specclone/specclone.go:337.11,338.52 1 0
github.com/enetx/surf/internal/specclone/specclone.go:340.10,341.53 1 0
github.com/enetx/surf/internal/specclone/specclone.go:357.45,358.20 1 0
github.com/enetx/surf/internal/specclone/specclone.go:358.20,360.3 1 0
github.com/enetx/surf/internal/specclone/specclone.go:362.2,362.20 1 0
github.com/enetx/surf/internal/specclone/specclone.go:363.22,364.39 1 0
github.com/enetx/surf/internal/specclone/specclone.go:364.39,368.26 3 0
github.com/enetx/surf/internal/specclone/specclone.go:368.26,369.54 1 0
github.com/enetx/surf/internal/specclone/specclone.go:369.54,373.6 2 0
github.com/enetx/surf/internal/specclone/specclone.go:374.10,376.5 1 0
github.com/enetx/surf/internal/specclone/specclone.go:378.10,379.26 1 0
github.com/enetx/surf/internal/specclone/specclone.go:402.44,403.20 1 0
github.com/enetx/surf/internal/specclone/specclone.go:403.20,405.3 1 0
github.com/enetx/surf/internal/specclone/specclone.go:407.2,407.20 1 0
github.com/enetx/surf/internal/specclone/specclone.go:408.22,409.27 1 0
github.com/enetx/surf/internal/specclone/specclone.go:410.21,411.18 1 0
github.com/enetx/surf/internal/specclone/specclone.go:411.18,412.20 1 0
github.com/enetx/surf/internal/specclone/specclone.go:412.20,414.5 1 0
github.com/enetx/surf/internal/specclone/specclone.go:415.4,415.10 1 0
github.com/enetx/surf/internal/specclone/specclone.go:418.3,420.34 2 0
github.com/enetx/surf/internal/specclone/specclone.go:420.34,422.4 1 0
github.com/enetx/surf/internal/specclone/specclone.go:424.3,424.19 1 0
github.com/enetx/surf/internal/specclone/specclone.go:424.19,426.4 1 0
github.com/enetx/surf/internal/specclone/specclone.go:427.21,428.34 1 0
github.com/enetx/surf/internal/specclone/specclone.go:428.34,430.4 1 0
github.com/enetx/surf/internal/specclone/specclone.go:431.19,432.18 1 0
github.com/enetx/surf/internal/specclone/specclone.go:432.18,433.20 1 0
github.com/enetx/surf/internal/specclone/specclone.go:433.20,435.5 1 0
github.com/enetx/surf/internal/specclone/specclone.go:436.4,436.10 1 0
github.com/enetx/surf/internal/specclone/specclone.go:439.3,441.37 2 0
github.com/enetx/surf/internal/specclone/specclone.go:441.37,449.4 5 0
github.com/enetx/surf/internal/specclone/specclone.go:451.3,451.19 1 0
github.com/enetx/surf/internal/specclone/specclone.go:451.19,453.4 1 0
github.com/enetx/surf/internal/specclone/specclone.go:454.23,455.18 1 0
github.com/enetx/surf/internal/specclone/specclone.go:455.18,456.20 1 0
github.com/enetx/surf/internal/specclone/specclone.go:456.20,458.5 1 0
github.com/enetx/surf/internal/specclone/specclone.go:459.4,459.10 1 0
github.com/enetx/surf/internal/specclone/specclone.go:462.3,466.19 3 0
github.com/enetx/surf/internal/specclone/specclone.go:466.19,468.4 1 0
github.com/enetx/surf/internal/specclone/specclone.go:469.25,470.18 1 0
github.com/enetx/surf/internal/specclone/specclone.go:470.18,471.20 1 0
github.com/enetx/surf/internal/specclone/specclone.go:471.20,473.5 1 0
github.com/enetx/surf/internal/specclone/specclone.go:474.4,474.10 1 0
github.com/enetx/surf/internal/specclone/specclone.go:477.3,479.19 2 0
github.com/enetx/surf/internal/specclone/specclone.go:479.19,481.4 1 0
github.com/enetx/surf/internal/specclone/specclone.go:482.34,483.19 1 0
github.com/enetx/surf/internal/specclone/specclone.go:483.19,485.4 1 0
github.com/enetx/surf/internal/specclone/specclone.go:486.10,487.19 1 0
github.com/enetx/surf/internal/specclone/specclone.go:487.19,489.4 1 0
github.com/enetx/surf/internal/specclone/specclone.go:515.38,516.16 1 0
github.com/enetx/surf/internal/specclone/specclone.go:516.16,518.3 1 0
github.com/enetx/surf/internal/specclone/specclone.go:520.2,523.39 3 0
github.com/enetx/surf/internal/specclone/specclone.go:523.39,524.21 1 0
github.com/enetx/surf/internal/specclone/specclone.go:524.21,526.4 1 0
github.com/enetx/surf/internal/specclone/specclone.go:528.3,531.28 3 0
github.com/enetx/surf/internal/specclone/specclone.go:534.2,537.24 3 0
