mode: atomic
github.com/enetx/surf/pkg/connectproxy/connectproxy.go:28.43,28.93 1 8
github.com/enetx/surf/pkg/connectproxy/connectproxy.go:29.43,29.101 1 5
github.com/enetx/surf/pkg/connectproxy/connectproxy.go:30.43,30.97 1 4
github.com/enetx/surf/pkg/connectproxy/connectproxy.go:31.43,31.72 1 4
github.com/enetx/surf/pkg/connectproxy/connectproxy.go:58.52,60.16 2 60
github.com/enetx/surf/pkg/connectproxy/connectproxy.go:60.16,62.3 1 3
github.com/enetx/surf/pkg/connectproxy/connectproxy.go:64.2,64.23 1 57
github.com/enetx/surf/pkg/connectproxy/connectproxy.go:64.23,66.3 1 4
github.com/enetx/surf/pkg/connectproxy/connectproxy.go:68.2,68.23 1 53
github.com/enetx/surf/pkg/connectproxy/connectproxy.go:69.10,70.34 1 0
github.com/enetx/surf/pkg/connectproxy/connectproxy.go:71.18,72.26 1 28
github.com/enetx/surf/pkg/connectproxy/connectproxy.go:72.26,74.4 1 2
github.com/enetx/surf/pkg/connectproxy/connectproxy.go:75.19,76.26 1 8
github.com/enetx/surf/pkg/connectproxy/connectproxy.go:76.26,78.4 1 3
github.com/enetx/surf/pkg/connectproxy/connectproxy.go:79.23,80.26 1 14
github.com/enetx/surf/pkg/connectproxy/connectproxy.go:80.26,82.4 1 5
github.com/enetx/surf/pkg/connectproxy/connectproxy.go:83.10,84.34 1 3
github.com/enetx/surf/pkg/connectproxy/connectproxy.go:87.2,92.24 2 50
github.com/enetx/surf/pkg/connectproxy/connectproxy.go:92.24,93.35 1 12
github.com/enetx/surf/pkg/connectproxy/connectproxy.go:93.35,95.11 2 11
github.com/enetx/surf/pkg/connectproxy/connectproxy.go:95.11,97.5 1 2
github.com/enetx/surf/pkg/connectproxy/connectproxy.go:99.4,101.67 3 9
github.com/enetx/surf/pkg/connectproxy/connectproxy.go:105.2,105.25 1 48
github.com/enetx/surf/pkg/connectproxy/connectproxy.go:108.71,110.2 1 2
github.com/enetx/surf/pkg/connectproxy/connectproxy.go:114.76,120.16 5 3
github.com/enetx/surf/pkg/connectproxy/connectproxy.go:120.16,123.3 2 0
github.com/enetx/surf/pkg/connectproxy/connectproxy.go:125.2,126.16 2 3
github.com/enetx/surf/pkg/connectproxy/connectproxy.go:126.16,129.3 2 0
github.com/enetx/surf/pkg/connectproxy/connectproxy.go:131.2,131.38 1 3
github.com/enetx/surf/pkg/connectproxy/connectproxy.go:131.38,134.3 2 3
github.com/enetx/surf/pkg/connectproxy/connectproxy.go:136.2,136.12 1 0
github.com/enetx/surf/pkg/connectproxy/connectproxy.go:139.120,147.16 7 0
github.com/enetx/surf/pkg/connectproxy/connectproxy.go:147.16,150.3 2 0
github.com/enetx/surf/pkg/connectproxy/connectproxy.go:152.2,152.38 1 0
github.com/enetx/surf/pkg/connectproxy/connectproxy.go:152.38,155.3 2 0
github.com/enetx/surf/pkg/connectproxy/connectproxy.go:157.2,157.47 1 0
github.com/enetx/surf/pkg/connectproxy/connectproxy.go:160.99,161.23 1 16
github.com/enetx/surf/pkg/connectproxy/connectproxy.go:161.23,163.3 1 1
github.com/enetx/surf/pkg/connectproxy/connectproxy.go:165.2,165.51 1 15
github.com/enetx/surf/pkg/connectproxy/connectproxy.go:165.51,167.17 2 0
github.com/enetx/surf/pkg/connectproxy/connectproxy.go:167.17,169.4 1 0
github.com/enetx/surf/pkg/connectproxy/connectproxy.go:171.3,171.71 1 0
github.com/enetx/surf/pkg/connectproxy/connectproxy.go:174.2,183.90 3 15
github.com/enetx/surf/pkg/connectproxy/connectproxy.go:183.90,185.3 1 0
github.com/enetx/surf/pkg/connectproxy/connectproxy.go:187.2,190.38 3 15
github.com/enetx/surf/pkg/connectproxy/connectproxy.go:190.38,191.35 1 0
github.com/enetx/surf/pkg/connectproxy/connectproxy.go:191.35,197.18 6 0
github.com/enetx/surf/pkg/connectproxy/connectproxy.go:197.18,199.5 1 0
github.com/enetx/surf/pkg/connectproxy/connectproxy.go:203.2,203.15 1 15
github.com/enetx/surf/pkg/connectproxy/connectproxy.go:203.15,205.3 1 15
github.com/enetx/surf/pkg/connectproxy/connectproxy.go:207.2,208.16 2 15
github.com/enetx/surf/pkg/connectproxy/connectproxy.go:208.16,210.3 1 12
github.com/enetx/surf/pkg/connectproxy/connectproxy.go:212.2,212.52 1 3
github.com/enetx/surf/pkg/connectproxy/connectproxy.go:215.100,222.27 2 15
github.com/enetx/surf/pkg/connectproxy/connectproxy.go:223.18,225.17 2 13
github.com/enetx/surf/pkg/connectproxy/connectproxy.go:225.17,227.4 1 10
github.com/enetx/surf/pkg/connectproxy/connectproxy.go:229.19,230.23 1 2
github.com/enetx/surf/pkg/connectproxy/connectproxy.go:230.23,232.18 2 1
github.com/enetx/surf/pkg/connectproxy/connectproxy.go:232.18,234.5 1 1
github.com/enetx/surf/pkg/connectproxy/connectproxy.go:235.9,244.18 4 1
github.com/enetx/surf/pkg/connectproxy/connectproxy.go:244.18,246.5 1 1
github.com/enetx/surf/pkg/connectproxy/connectproxy.go:248.4,249.18 2 0
github.com/enetx/surf/pkg/connectproxy/connectproxy.go:249.18,251.5 1 0
github.com/enetx/surf/pkg/connectproxy/connectproxy.go:253.4,254.21 2 0
github.com/enetx/surf/pkg/connectproxy/connectproxy.go:256.10,257.52 1 0
github.com/enetx/surf/pkg/connectproxy/connectproxy.go:260.2,260.41 1 3
github.com/enetx/surf/pkg/connectproxy/connectproxy.go:263.110,264.46 1 3
github.com/enetx/surf/pkg/connectproxy/connectproxy.go:264.46,265.19 1 0
github.com/enetx/surf/pkg/connectproxy/connectproxy.go:265.19,267.4 1 0
github.com/enetx/surf/pkg/connectproxy/connectproxy.go:269.3,269.65 1 0
github.com/enetx/surf/pkg/connectproxy/connectproxy.go:269.65,270.77 1 0
github.com/enetx/surf/pkg/connectproxy/connectproxy.go:270.77,276.5 5 0
github.com/enetx/surf/pkg/connectproxy/connectproxy.go:280.2,280.50 1 3
github.com/enetx/surf/pkg/connectproxy/connectproxy.go:280.50,283.3 2 3
github.com/enetx/surf/pkg/connectproxy/connectproxy.go:285.2,285.18 1 0
github.com/enetx/surf/pkg/connectproxy/connectproxy.go:288.93,290.2 1 0
github.com/enetx/surf/pkg/connectproxy/connectproxy.go:298.35,301.37 2 0
github.com/enetx/surf/pkg/connectproxy/connectproxy.go:301.37,303.3 1 0
github.com/enetx/surf/pkg/connectproxy/connectproxy.go:304.2,304.38 1 0
github.com/enetx/surf/pkg/connectproxy/connectproxy.go:304.38,306.3 1 0
github.com/enetx/surf/pkg/connectproxy/connectproxy.go:308.2,308.15 1 0
github.com/enetx/surf/pkg/connectproxy/connectproxy.go:311.56,311.80 1 0
github.com/enetx/surf/pkg/connectproxy/connectproxy.go:312.56,312.80 1 0
github.com/enetx/surf/pkg/connectproxy/connectproxy.go:313.56,313.81 1 0
github.com/enetx/surf/pkg/connectproxy/connectproxy.go:314.56,314.79 1 0
github.com/enetx/surf/pkg/connectproxy/connectproxy.go:315.56,315.80 1 0
github.com/enetx/surf/internal/drainbody/drainbody.go:14.71,15.34 1 10
github.com/enetx/surf/internal/drainbody/drainbody.go:15.34,17.3 1 2
github.com/enetx/surf/internal/drainbody/drainbody.go:19.2,21.43 2 8
github.com/enetx/surf/internal/drainbody/drainbody.go:21.43,23.3 1 1
github.com/enetx/surf/internal/drainbody/drainbody.go:25.2,25.34 1 7
github.com/enetx/surf/internal/drainbody/drainbody.go:25.34,27.3 1 1
github.com/enetx/surf/internal/drainbody/drainbody.go:29.2,29.76 1 6
github.com/enetx/surf/internal/specclone/specclone.go:70.59,71.14 1 44
github.com/enetx/surf/internal/specclone/specclone.go:71.14,73.3 1 1
github.com/enetx/surf/internal/specclone/specclone.go:75.2,84.27 4 43
github.com/enetx/surf/internal/specclone/specclone.go:84.27,86.36 2 39
github.com/enetx/surf/internal/specclone/specclone.go:86.36,87.18 1 202
github.com/enetx/surf/internal/specclone/specclone.go:87.18,89.5 1 201
github.com/enetx/surf/internal/specclone/specclone.go:93.2,93.14 1 43
github.com/enetx/surf/internal/specclone/specclone.go:125.66,126.25 1 201
github.com/enetx/surf/internal/specclone/specclone.go:127.26,130.4 1 18
github.com/enetx/surf/internal/specclone/specclone.go:131.36,132.40 1 12
github.com/enetx/surf/internal/specclone/specclone.go:133.38,136.4 1 12
github.com/enetx/surf/internal/specclone/specclone.go:137.38,140.4 1 12
github.com/enetx/surf/internal/specclone/specclone.go:141.42,144.4 1 12
github.com/enetx/surf/internal/specclone/specclone.go:145.27,148.4 1 16
github.com/enetx/surf/internal/specclone/specclone.go:149.38,150.42 1 1
github.com/enetx/surf/internal/specclone/specclone.go:151.26,152.30 1 9
github.com/enetx/surf/internal/specclone/specclone.go:153.34,158.4 1 4
github.com/enetx/surf/internal/specclone/specclone.go:159.43,160.47 1 13
github.com/enetx/surf/internal/specclone/specclone.go:161.39,166.4 1 1
github.com/enetx/surf/internal/specclone/specclone.go:167.39,170.4 1 7
github.com/enetx/surf/internal/specclone/specclone.go:171.42,174.4 1 3
github.com/enetx/surf/internal/specclone/specclone.go:175.47,178.4 1 3
github.com/enetx/surf/internal/specclone/specclone.go:179.36,181.23 2 8
github.com/enetx/surf/internal/specclone/specclone.go:181.23,183.38 2 1
github.com/enetx/surf/internal/specclone/specclone.go:183.38,184.17 1 4
github.com/enetx/surf/internal/specclone/specclone.go:184.17,186.6 1 3
github.com/enetx/surf/internal/specclone/specclone.go:189.4,192.5 1 1
github.com/enetx/surf/internal/specclone/specclone.go:195.3,199.4 1 8
github.com/enetx/surf/internal/specclone/specclone.go:200.39,202.35 2 2
github.com/enetx/surf/internal/specclone/specclone.go:202.35,207.4 1 3
github.com/enetx/surf/internal/specclone/specclone.go:209.3,210.31 2 2
github.com/enetx/surf/internal/specclone/specclone.go:210.31,211.16 1 4
github.com/enetx/surf/internal/specclone/specclone.go:211.16,213.5 1 3
github.com/enetx/surf/internal/specclone/specclone.go:216.3,219.4 1 2
github.com/enetx/surf/internal/specclone/specclone.go:220.39,222.35 2 1
github.com/enetx/surf/internal/specclone/specclone.go:222.35,227.4 1 1
github.com/enetx/surf/internal/specclone/specclone.go:229.3,230.31 2 1
github.com/enetx/surf/internal/specclone/specclone.go:230.31,231.16 1 1
github.com/enetx/surf/internal/specclone/specclone.go:231.16,233.5 1 1
github.com/enetx/surf/internal/specclone/specclone.go:236.3,237.23 2 1
github.com/enetx/surf/internal/specclone/specclone.go:237.23,239.38 2 1
github.com/enetx/surf/internal/specclone/specclone.go:239.38,240.17 1 1
github.com/enetx/surf/internal/specclone/specclone.go:240.17,242.6 1 1
github.com/enetx/surf/internal/specclone/specclone.go:244.4,247.5 1 1
github.com/enetx/surf/internal/specclone/specclone.go:250.3,259.4 1 1
github.com/enetx/surf/internal/specclone/specclone.go:260.40,263.4 1 8
github.com/enetx/surf/internal/specclone/specclone.go:264.29,267.4 1 0
github.com/enetx/surf/internal/specclone/specclone.go:268.42,271.4 1 8
github.com/enetx/surf/internal/specclone/specclone.go:272.46,275.4 1 1
github.com/enetx/surf/internal/specclone/specclone.go:276.39,278.33 2 1
github.com/enetx/surf/internal/specclone/specclone.go:278.33,280.35 2 1
github.com/enetx/surf/internal/specclone/specclone.go:280.35,285.5 1 1
github.com/enetx/surf/internal/specclone/specclone.go:287.3,292.4 1 1
github.com/enetx/surf/internal/specclone/specclone.go:293.31,295.34 2 9
github.com/enetx/surf/internal/specclone/specclone.go:295.34,300.4 1 18
github.com/enetx/surf/internal/specclone/specclone.go:301.3,301.55 1 9
github.com/enetx/surf/internal/specclone/specclone.go:302.46,305.4 1 0
github.com/enetx/surf/internal/specclone/specclone.go:306.26,309.4 1 2
github.com/enetx/surf/internal/specclone/specclone.go:310.42,313.4 1 4
github.com/enetx/surf/internal/specclone/specclone.go:314.45,317.4 1 1
github.com/enetx/surf/internal/specclone/specclone.go:318.36,321.4 1 1
github.com/enetx/surf/internal/specclone/specclone.go:322.49,326.4 1 5
github.com/enetx/surf/internal/specclone/specclone.go:327.40,331.4 1 12
github.com/enetx/surf/internal/specclone/specclone.go:332.33,336.4 1 12
github.com/enetx/surf/internal/specclone/specclone.go:337.30,341.4 1 2
github.com/enetx/surf/internal/specclone/specclone.go:342.34,343.26 1 1
github.com/enetx/surf/internal/specclone/specclone.go:344.40,345.34 1 0
github.com/enetx/surf/internal/specclone/specclone.go:346.40,347.34 1 0
github.com/enetx/surf/internal/specclone/specclone.go:348.11,349.52 1 1
github.com/enetx/surf/internal/specclone/specclone.go:351.10,352.53 1 0
github.com/enetx/surf/internal/specclone/specclone.go:368.45,369.20 1 4
github.com/enetx/surf/internal/specclone/specclone.go:369.20,371.3 1 0
github.com/enetx/surf/internal/specclone/specclone.go:373.2,373.20 1 4
github.com/enetx/surf/internal/specclone/specclone.go:374.22,375.39 1 4
github.com/enetx/surf/internal/specclone/specclone.go:375.39,379.26 3 8
github.com/enetx/surf/internal/specclone/specclone.go:379.26,380.54 1 0
github.com/enetx/surf/internal/specclone/specclone.go:380.54,384.6 2 0
github.com/enetx/surf/internal/specclone/specclone.go:385.10,387.5 1 8
github.com/enetx/surf/internal/specclone/specclone.go:389.10,390.26 1 0
github.com/enetx/surf/internal/specclone/specclone.go:413.44,414.20 1 37
github.com/enetx/surf/internal/specclone/specclone.go:414.20,416.3 1 0
github.com/enetx/surf/internal/specclone/specclone.go:418.2,418.20 1 37
github.com/enetx/surf/internal/specclone/specclone.go:419.22,420.27 1 4
github.com/enetx/surf/internal/specclone/specclone.go:421.21,422.18 1 4
github.com/enetx/surf/internal/specclone/specclone.go:422.18,423.20 1 0
github.com/enetx/surf/internal/specclone/specclone.go:423.20,425.5 1 0
github.com/enetx/surf/internal/specclone/specclone.go:426.4,426.10 1 0
github.com/enetx/surf/internal/specclone/specclone.go:429.3,431.34 2 4
github.com/enetx/surf/internal/specclone/specclone.go:431.34,433.4 1 27
github.com/enetx/surf/internal/specclone/specclone.go:435.3,435.19 1 4
github.com/enetx/surf/internal/specclone/specclone.go:435.19,437.4 1 4
github.com/enetx/surf/internal/specclone/specclone.go:438.21,439.34 1 0
github.com/enetx/surf/internal/specclone/specclone.go:439.34,441.4 1 0
github.com/enetx/surf/internal/specclone/specclone.go:442.19,443.18 1 0
github.com/enetx/surf/internal/specclone/specclone.go:443.18,444.20 1 0
github.com/enetx/surf/internal/specclone/specclone.go:444.20,446.5 1 0
github.com/enetx/surf/internal/specclone/specclone.go:447.4,447.10 1 0
github.com/enetx/surf/internal/specclone/specclone.go:450.3,452.37 2 0
github.com/enetx/surf/internal/specclone/specclone.go:452.37,460.4 5 0
github.com/enetx/surf/internal/specclone/specclone.go:462.3,462.19 1 0
github.com/enetx/surf/internal/specclone/specclone.go:462.19,464.4 1 0
github.com/enetx/surf/internal/specclone/specclone.go:465.23,466.18 1 1
github.com/enetx/surf/internal/specclone/specclone.go:466.18,467.20 1 0
github.com/enetx/surf/internal/specclone/specclone.go:467.20,469.5 1 0
github.com/enetx/surf/internal/specclone/specclone.go:470.4,470.10 1 0
github.com/enetx/surf/internal/specclone/specclone.go:473.3,477.19 3 1
github.com/enetx/surf/internal/specclone/specclone.go:477.19,479.4 1 1
github.com/enetx/surf/internal/specclone/specclone.go:480.25,481.18 1 0
github.com/enetx/surf/internal/specclone/specclone.go:481.18,482.20 1 0
github.com/enetx/surf/internal/specclone/specclone.go:482.20,484.5 1 0
github.com/enetx/surf/internal/specclone/specclone.go:485.4,485.10 1 0
github.com/enetx/surf/internal/specclone/specclone.go:488.3,490.19 2 0
github.com/enetx/surf/internal/specclone/specclone.go:490.19,492.4 1 0
github.com/enetx/surf/internal/specclone/specclone.go:493.34,494.19 1 0
github.com/enetx/surf/internal/specclone/specclone.go:494.19,496.4 1 0
github.com/enetx/surf/internal/specclone/specclone.go:497.10,498.19 1 28
github.com/enetx/surf/internal/specclone/specclone.go:498.19,500.4 1 28
github.com/enetx/surf/internal/specclone/specclone.go:526.38,527.16 1 1
github.com/enetx/surf/internal/specclone/specclone.go:527.16,529.3 1 0
github.com/enetx/surf/internal/specclone/specclone.go:531.2,534.39 3 1
github.com/enetx/surf/internal/specclone/specclone.go:534.39,535.21 1 1
github.com/enetx/surf/internal/specclone/specclone.go:535.21,537.4 1 0
github.com/enetx/surf/internal/specclone/specclone.go:539.3,542.28 3 1
github.com/enetx/surf/internal/specclone/specclone.go:545.2,548.24 3 0
github.com/enetx/surf/pkg/quicconn/quic_conn.go:89.85,90.46 1 17
github.com/enetx/surf/pkg/quicconn/quic_conn.go:90.46,91.77 1 1
github.com/enetx/surf/pkg/quicconn/quic_conn.go:94.2,100.3 1 16
github.com/enetx/surf/pkg/quicconn/quic_conn.go:107.53,108.40 1 0
github.com/enetx/surf/pkg/quicconn/quic_conn.go:108.40,110.3 1 0
github.com/enetx/surf/pkg/quicconn/quic_conn.go:112.2,113.30 2 0
github.com/enetx/surf/pkg/quicconn/quic_conn.go:113.30,115.3 1 0
github.com/enetx/surf/pkg/quicconn/quic_conn.go:117.2,117.12 1 0
github.com/enetx/surf/pkg/quicconn/quic_conn.go:124.54,125.40 1 0
github.com/enetx/surf/pkg/quicconn/quic_conn.go:125.40,127.3 1 0
github.com/enetx/surf/pkg/quicconn/quic_conn.go:129.2,130.30 2 0
github.com/enetx/surf/pkg/quicconn/quic_conn.go:130.30,132.3 1 0
github.com/enetx/surf/pkg/quicconn/quic_conn.go:134.2,134.12 1 0
github.com/enetx/surf/pkg/quicconn/quic_conn.go:141.68,147.27 4 17
github.com/enetx/surf/pkg/quicconn/quic_conn.go:147.27,151.3 1 4
github.com/enetx/surf/pkg/quicconn/quic_conn.go:153.2,153.27 1 17
github.com/enetx/surf/pkg/quicconn/quic_conn.go:153.27,157.3 2 0
github.com/enetx/surf/pkg/quicconn/quic_conn.go:159.2,160.16 2 17
github.com/enetx/surf/pkg/quicconn/quic_conn.go:160.16,162.3 1 10
github.com/enetx/surf/pkg/quicconn/quic_conn.go:164.2,164.16 1 7
github.com/enetx/surf/pkg/quicconn/quic_conn.go:165.19,167.18 2 4
github.com/enetx/surf/pkg/quicconn/quic_conn.go:167.18,169.4 1 1
github.com/enetx/surf/pkg/quicconn/quic_conn.go:171.3,171.10 1 3
github.com/enetx/surf/pkg/quicconn/quic_conn.go:171.10,172.35 1 2
github.com/enetx/surf/pkg/quicconn/quic_conn.go:172.35,174.5 1 0
github.com/enetx/surf/pkg/quicconn/quic_conn.go:176.4,176.30 1 2
github.com/enetx/surf/pkg/quicconn/quic_conn.go:176.30,178.5 1 1
github.com/enetx/surf/pkg/quicconn/quic_conn.go:180.4,182.34 2 1
github.com/enetx/surf/pkg/quicconn/quic_conn.go:185.3,185.28 1 1
github.com/enetx/surf/pkg/quicconn/quic_conn.go:185.28,187.4 1 0
github.com/enetx/surf/pkg/quicconn/quic_conn.go:189.3,191.32 2 1
github.com/enetx/surf/pkg/quicconn/quic_conn.go:192.10,193.34 1 3
github.com/enetx/surf/pkg/quicconn/quic_conn.go:193.34,195.4 1 2
github.com/enetx/surf/pkg/quicconn/quic_conn.go:197.3,197.29 1 1
github.com/enetx/surf/pkg/quicconn/quic_conn.go:197.29,199.4 1 0
github.com/enetx/surf/pkg/quicconn/quic_conn.go:201.3,203.33 2 1
github.com/enetx/surf/pkg/quicconn/quic_conn.go:210.72,215.17 4 16
github.com/enetx/surf/pkg/quicconn/quic_conn.go:215.17,217.10 2 15
github.com/enetx/surf/pkg/quicconn/quic_conn.go:217.10,219.4 1 1
github.com/enetx/surf/pkg/quicconn/quic_conn.go:221.3,221.11 1 14
github.com/enetx/surf/pkg/quicconn/quic_conn.go:224.2,224.16 1 15
github.com/enetx/surf/pkg/quicconn/quic_conn.go:224.16,226.3 1 0
github.com/enetx/surf/pkg/quicconn/quic_conn.go:228.2,228.27 1 15
github.com/enetx/surf/pkg/quicconn/quic_conn.go:228.27,230.17 2 1
github.com/enetx/surf/pkg/quicconn/quic_conn.go:230.17,232.4 1 0
github.com/enetx/surf/pkg/quicconn/quic_conn.go:235.3,236.29 2 1
github.com/enetx/surf/pkg/quicconn/quic_conn.go:236.29,240.4 2 0
github.com/enetx/surf/pkg/quicconn/quic_conn.go:243.3,247.17 4 1
github.com/enetx/surf/pkg/quicconn/quic_conn.go:247.17,249.4 1 0
github.com/enetx/surf/pkg/quicconn/quic_conn.go:251.3,251.26 1 1
github.com/enetx/surf/pkg/quicconn/quic_conn.go:251.26,253.4 1 0
github.com/enetx/surf/pkg/quicconn/quic_conn.go:255.3,255.21 1 1
github.com/enetx/surf/pkg/quicconn/quic_conn.go:259.2,260.16 2 14
github.com/enetx/surf/pkg/quicconn/quic_conn.go:260.16,262.3 1 2
github.com/enetx/surf/pkg/quicconn/quic_conn.go:264.2,264.16 1 12
github.com/enetx/surf/pkg/quicconn/quic_conn.go:264.16,266.3 1 1
github.com/enetx/surf/pkg/quicconn/quic_conn.go:268.2,268.20 1 11
github.com/enetx/surf/pkg/quicconn/quic_conn.go:272.40,274.2 1 1
github.com/enetx/surf/pkg/quicconn/quic_conn.go:278.47,280.2 1 1
github.com/enetx/surf/pkg/quicconn/quic_conn.go:283.57,285.2 1 1
github.com/enetx/surf/pkg/quicconn/quic_conn.go:288.61,290.2 1 1
github.com/enetx/surf/pkg/quicconn/quic_conn.go:293.62,295.2 1 1
github.com/enetx/surf/pkg/quicconn/quic_conn.go:300.55,301.16 1 1
github.com/enetx/surf/pkg/quicconn/quic_conn.go:301.16,303.3 1 0
github.com/enetx/surf/pkg/quicconn/quic_conn.go:305.2,308.37 3 1
github.com/enetx/surf/pkg/quicconn/quic_conn.go:308.37,311.3 2 1
github.com/enetx/surf/pkg/quicconn/quic_conn.go:311.8,311.45 1 0
github.com/enetx/surf/pkg/quicconn/quic_conn.go:311.45,314.3 2 0
github.com/enetx/surf/pkg/quicconn/quic_conn.go:314.8,316.3 1 0
github.com/enetx/surf/pkg/quicconn/quic_conn.go:318.2,322.15 4 1
github.com/enetx/surf/pkg/quicconn/quic_conn.go:329.65,330.18 1 4
github.com/enetx/surf/pkg/quicconn/quic_conn.go:330.18,332.3 1 1
github.com/enetx/surf/pkg/quicconn/quic_conn.go:334.2,334.38 1 3
github.com/enetx/surf/pkg/quicconn/quic_conn.go:334.38,336.3 1 1
github.com/enetx/surf/pkg/quicconn/quic_conn.go:339.2,339.20 1 2
github.com/enetx/surf/pkg/quicconn/quic_conn.go:339.20,341.3 1 1
github.com/enetx/surf/pkg/quicconn/quic_conn.go:343.2,348.14 4 1
github.com/enetx/surf/pkg/quicconn/quic_conn.go:349.12,350.25 1 1
github.com/enetx/surf/pkg/quicconn/quic_conn.go:350.25,352.4 1 0
github.com/enetx/surf/pkg/quicconn/quic_conn.go:354.3,355.11 2 1
github.com/enetx/surf/pkg/quicconn/quic_conn.go:356.12,357.26 1 0
github.com/enetx/surf/pkg/quicconn/quic_conn.go:357.26,359.4 1 0
github.com/enetx/surf/pkg/quicconn/quic_conn.go:361.3,362.12 2 0
github.com/enetx/surf/pkg/quicconn/quic_conn.go:363.12,364.23 1 0
github.com/enetx/surf/pkg/quicconn/quic_conn.go:364.23,366.4 1 0
github.com/enetx/surf/pkg/quicconn/quic_conn.go:368.3,370.28 3 0
github.com/enetx/surf/pkg/quicconn/quic_conn.go:370.28,372.4 1 0
github.com/enetx/surf/pkg/quicconn/quic_conn.go:374.3,374.76 1 0
github.com/enetx/surf/pkg/quicconn/quic_conn.go:375.10,376.52 1 0
github.com/enetx/surf/pkg/quicconn/quic_conn.go:379.2,379.22 1 1
github.com/enetx/surf/pkg/quicconn/quic_conn.go:379.22,381.3 1 0
github.com/enetx/surf/pkg/quicconn/quic_conn.go:383.2,386.20 3 1
github.com/enetx/surf/pkg/quicconn/quic_conn.go:386.20,388.3 1 0
github.com/enetx/surf/pkg/quicconn/quic_conn.go:390.2,390.63 1 1
github.com/enetx/surf/pkg/sse/sse.go:19.25,24.2 4 17
github.com/enetx/surf/pkg/sse/sse.go:27.41,30.18 2 25
github.com/enetx/surf/pkg/sse/sse.go:31.15,32.17 1 4
github.com/enetx/surf/pkg/sse/sse.go:33.12,34.14 1 4
github.com/enetx/surf/pkg/sse/sse.go:35.15,36.38 1 3
github.com/enetx/surf/pkg/sse/sse.go:37.14,38.16 1 14
github.com/enetx/surf/pkg/sse/sse.go:43.29,44.20 1 12
github.com/enetx/surf/pkg/sse/sse.go:44.20,46.3 1 5
github.com/enetx/surf/pkg/sse/sse.go:48.2,50.29 1 7
github.com/enetx/surf/pkg/sse/sse.go:50.29,50.52 1 20
github.com/enetx/surf/pkg/sse/sse.go:54.29,54.59 1 4
github.com/enetx/surf/pkg/sse/sse.go:57.63,61.21 3 10
github.com/enetx/surf/pkg/sse/sse.go:61.21,65.22 3 43
github.com/enetx/surf/pkg/sse/sse.go:65.22,66.19 1 18
github.com/enetx/surf/pkg/sse/sse.go:66.19,68.5 1 1
github.com/enetx/surf/pkg/sse/sse.go:70.4,71.12 2 17
github.com/enetx/surf/pkg/sse/sse.go:74.3,75.23 2 25
github.com/enetx/surf/pkg/sse/sse.go:78.2,78.22 1 9
github.com/enetx/surf/profiles/chrome/chrome.go:14.26,68.14 4 0
github.com/enetx/surf/profiles/chrome/chrome.go:68.14,81.3 7 0
github.com/enetx/surf/profiles/chrome/chrome.go:83.2,83.27 1 0
github.com/enetx/surf/profiles/chrome/chrome.go:186.65,187.16 1 4
github.com/enetx/surf/profiles/chrome/chrome.go:188.23,197.52 9 4
github.com/enetx/surf/profiles/chrome/chrome.go:198.10,208.53 7 0
github.com/enetx/surf/profiles/chrome/chrome.go:211.2,211.46 1 4
github.com/enetx/surf/profiles/chrome/chrome.go:211.46,219.3 5 143
github.com/enetx/surf/adapter.go:48.38,50.22 2 12
github.com/enetx/surf/adapter.go:50.22,52.3 1 5
github.com/enetx/surf/adapter.go:54.2,62.3 1 12
github.com/enetx/surf/adapter.go:72.51,73.73 1 1
github.com/enetx/surf/adapter.go:73.73,75.3 1 1
github.com/enetx/surf/adapter.go:79.83,85.50 2 14
github.com/enetx/surf/adapter.go:85.50,87.3 1 0
github.com/enetx/surf/adapter.go:89.2,90.16 2 13
github.com/enetx/surf/adapter.go:90.16,92.3 1 1
github.com/enetx/surf/adapter.go:94.2,102.51 2 12
github.com/enetx/surf/adapter.go:102.51,104.3 1 0
github.com/enetx/surf/adapter.go:106.2,106.42 1 12
github.com/enetx/surf/adapter.go:112.49,139.2 2 19
github.com/enetx/surf/adapter.go:144.73,161.2 1 12
github.com/enetx/surf/adapter.go:171.77,172.24 1 2
github.com/enetx/surf/adapter.go:172.24,175.3 2 0
github.com/enetx/surf/adapter.go:177.2,178.30 2 2
github.com/enetx/surf/adapter.go:178.30,195.3 1 3
github.com/enetx/surf/adapter.go:197.2,197.30 1 2
github.com/enetx/surf/adapter.go:203.64,205.23 2 7
github.com/enetx/surf/adapter.go:205.23,207.3 1 4
github.com/enetx/surf/adapter.go:209.2,211.29 2 3
github.com/enetx/surf/adapter.go:211.29,228.3 1 5
github.com/enetx/surf/adapter.go:230.2,230.17 1 3
github.com/enetx/surf/adapter.go:237.107,238.15 1 12
github.com/enetx/surf/adapter.go:238.15,240.3 1 0
github.com/enetx/surf/adapter.go:242.2,242.62 1 12
github.com/enetx/surf/adapter.go:242.62,245.22 3 2
github.com/enetx/surf/adapter.go:245.22,247.4 1 3
github.com/enetx/surf/adapter.go:248.3,248.24 1 2
github.com/enetx/surf/body.go:29.31,29.65 1 11
github.com/enetx/surf/body.go:32.36,34.2 1 8
github.com/enetx/surf/body.go:37.37,37.79 1 11
github.com/enetx/surf/body.go:40.39,41.33 1 16
github.com/enetx/surf/body.go:41.33,43.3 1 1
github.com/enetx/surf/body.go:45.2,45.34 1 15
github.com/enetx/surf/body.go:51.58,51.93 1 8
github.com/enetx/surf/body.go:54.34,54.63 1 209
github.com/enetx/surf/body.go:57.41,58.14 1 8
github.com/enetx/surf/body.go:58.14,60.3 1 7
github.com/enetx/surf/body.go:62.2,62.10 1 8
github.com/enetx/surf/body.go:66.30,67.33 1 228
github.com/enetx/surf/body.go:67.33,69.3 1 2
github.com/enetx/surf/body.go:71.2,71.57 1 226
github.com/enetx/surf/body.go:71.57,73.3 1 0
github.com/enetx/surf/body.go:75.2,75.25 1 226
github.com/enetx/surf/body.go:79.32,80.14 1 2
github.com/enetx/surf/body.go:80.14,82.3 1 1
github.com/enetx/surf/body.go:84.2,85.16 2 1
github.com/enetx/surf/body.go:85.16,87.3 1 0
github.com/enetx/surf/body.go:89.2,90.16 2 1
github.com/enetx/surf/body.go:90.16,92.3 1 0
github.com/enetx/surf/body.go:94.2,94.26 1 1
github.com/enetx/surf/body.go:98.32,99.14 1 254
github.com/enetx/surf/body.go:99.14,101.3 1 3
github.com/enetx/surf/body.go:103.2,103.33 1 251
github.com/enetx/surf/body.go:103.33,105.3 1 28
github.com/enetx/surf/body.go:107.2,107.46 1 223
github.com/enetx/surf/body.go:107.46,108.58 1 11
github.com/enetx/surf/body.go:108.58,110.4 1 5
github.com/enetx/surf/body.go:113.2,115.19 2 218
github.com/enetx/surf/body.go:115.19,117.3 1 212
github.com/enetx/surf/body.go:119.2,120.16 2 218
github.com/enetx/surf/body.go:120.16,122.3 1 0
github.com/enetx/surf/body.go:124.2,124.13 1 218
github.com/enetx/surf/body.go:124.13,126.3 1 14
github.com/enetx/surf/body.go:128.2,128.16 1 218
github.com/enetx/surf/body.go:132.46,133.33 1 3
github.com/enetx/surf/body.go:133.33,135.3 1 2
github.com/enetx/surf/body.go:137.2,139.60 2 1
github.com/enetx/surf/body.go:144.43,145.29 1 134
github.com/enetx/surf/body.go:146.14,147.56 1 7
github.com/enetx/surf/body.go:148.15,149.47 1 2
github.com/enetx/surf/body.go:150.14,151.58 1 115
github.com/enetx/surf/body.go:152.16,153.48 1 2
github.com/enetx/surf/body.go:154.22,155.38 1 4
github.com/enetx/surf/body.go:158.2,158.14 1 4
github.com/enetx/surf/builder.go:50.35,54.2 2 459
github.com/enetx/surf/builder.go:91.66,94.32 2 16
github.com/enetx/surf/builder.go:95.27,96.19 1 1
github.com/enetx/surf/builder.go:97.28,98.19 1 8
github.com/enetx/surf/builder.go:99.29,100.20 1 6
github.com/enetx/surf/builder.go:101.10,102.55 1 1
github.com/enetx/surf/builder.go:105.2,105.10 1 15
github.com/enetx/surf/builder.go:109.76,112.2 2 580
github.com/enetx/surf/builder.go:115.77,118.2 2 94
github.com/enetx/surf/builder.go:121.79,124.2 2 184
github.com/enetx/surf/builder.go:126.63,127.47 1 40
github.com/enetx/surf/builder.go:127.47,127.86 1 40
github.com/enetx/surf/builder.go:141.40,144.2 2 7
github.com/enetx/surf/builder.go:147.34,147.67 1 12
github.com/enetx/surf/builder.go:150.50,155.2 3 57
github.com/enetx/surf/builder.go:158.50,163.2 3 107
github.com/enetx/surf/builder.go:165.36,168.2 2 77
github.com/enetx/surf/builder.go:171.46,171.81 1 38
github.com/enetx/surf/builder.go:174.28,177.2 2 113
github.com/enetx/surf/builder.go:182.57,183.47 1 8
github.com/enetx/surf/builder.go:183.47,183.87 1 8
github.com/enetx/surf/builder.go:187.46,188.47 1 33
github.com/enetx/surf/builder.go:188.47,188.76 1 33
github.com/enetx/surf/builder.go:192.44,192.78 1 67
github.com/enetx/surf/builder.go:195.59,196.47 1 31
github.com/enetx/surf/builder.go:196.47,196.84 1 30
github.com/enetx/surf/builder.go:200.60,201.47 1 12
github.com/enetx/surf/builder.go:201.47,201.90 1 12
github.com/enetx/surf/builder.go:218.45,220.47 2 37
github.com/enetx/surf/builder.go:220.47,220.80 1 37
github.com/enetx/surf/builder.go:224.63,225.45 1 4
github.com/enetx/surf/builder.go:225.45,225.88 1 4
github.com/enetx/surf/builder.go:229.64,230.45 1 4
github.com/enetx/surf/builder.go:230.45,230.89 1 4
github.com/enetx/surf/builder.go:234.53,235.45 1 18
github.com/enetx/surf/builder.go:235.45,235.83 1 24
github.com/enetx/surf/builder.go:239.55,240.43 1 42
github.com/enetx/surf/builder.go:240.43,243.3 2 35
github.com/enetx/surf/builder.go:247.55,248.43 1 2
github.com/enetx/surf/builder.go:248.43,251.3 2 2
github.com/enetx/surf/builder.go:255.64,256.43 1 1
github.com/enetx/surf/builder.go:256.43,259.3 2 1
github.com/enetx/surf/builder.go:263.61,264.43 1 2
github.com/enetx/surf/builder.go:264.43,267.3 2 1
github.com/enetx/surf/builder.go:271.62,272.45 1 9
github.com/enetx/surf/builder.go:272.45,272.87 1 9
github.com/enetx/surf/builder.go:276.40,279.2 2 13
github.com/enetx/surf/builder.go:282.47,282.85 1 4
github.com/enetx/surf/builder.go:285.47,285.91 1 6
github.com/enetx/surf/builder.go:288.49,288.95 1 4
github.com/enetx/surf/builder.go:299.87,303.21 3 4
github.com/enetx/surf/builder.go:303.21,309.3 1 3
github.com/enetx/surf/builder.go:309.8,311.3 1 1
github.com/enetx/surf/builder.go:313.2,313.10 1 4
github.com/enetx/surf/builder.go:317.41,320.2 2 8
github.com/enetx/surf/builder.go:323.41,326.2 2 1
github.com/enetx/surf/builder.go:329.41,332.2 2 0
github.com/enetx/surf/builder.go:335.38,335.73 1 31
github.com/enetx/surf/builder.go:338.59,341.2 2 5
github.com/enetx/surf/builder.go:344.49,345.69 1 3
github.com/enetx/surf/builder.go:345.69,345.103 1 3
github.com/enetx/surf/builder.go:350.54,353.2 2 2
github.com/enetx/surf/builder.go:357.55,360.2 2 2
github.com/enetx/surf/builder.go:363.90,366.2 2 4
github.com/enetx/surf/builder.go:369.34,369.66 1 1
github.com/enetx/surf/client.go:45.26,64.2 11 773
github.com/enetx/surf/client.go:68.49,73.2 3 623
github.com/enetx/surf/client.go:77.52,82.2 3 566
github.com/enetx/surf/client.go:86.41,87.46 1 11
github.com/enetx/surf/client.go:87.46,89.3 1 5
github.com/enetx/surf/client.go:91.2,91.30 1 6
github.com/enetx/surf/client.go:95.43,95.59 1 1048
github.com/enetx/surf/client.go:98.42,98.61 1 235
github.com/enetx/surf/client.go:101.51,101.73 1 504
github.com/enetx/surf/client.go:104.45,104.67 1 46
github.com/enetx/surf/client.go:108.37,111.2 2 461
github.com/enetx/surf/client.go:116.53,120.16 3 2
github.com/enetx/surf/client.go:120.16,123.3 2 1
github.com/enetx/surf/client.go:125.2,130.16 4 1
github.com/enetx/surf/client.go:135.61,136.20 1 593
github.com/enetx/surf/client.go:136.20,138.3 1 1
github.com/enetx/surf/client.go:140.2,140.52 1 592
github.com/enetx/surf/client.go:145.64,146.20 1 4
github.com/enetx/surf/client.go:146.20,148.3 1 1
github.com/enetx/surf/client.go:150.2,150.55 1 3
github.com/enetx/surf/client.go:155.49,157.2 1 4
github.com/enetx/surf/client.go:161.59,163.2 1 22
github.com/enetx/surf/client.go:167.58,169.2 1 3
github.com/enetx/surf/client.go:173.60,175.2 1 1
github.com/enetx/surf/client.go:180.89,192.28 4 11
github.com/enetx/surf/client.go:192.28,194.3 1 0
github.com/enetx/surf/client.go:196.2,196.25 1 11
github.com/enetx/surf/client.go:196.25,197.24 1 13
github.com/enetx/surf/client.go:198.37,200.41 2 1
github.com/enetx/surf/client.go:200.41,200.69 1 1
github.com/enetx/surf/client.go:201.4,201.22 1 1
github.com/enetx/surf/client.go:202.33,203.21 1 2
github.com/enetx/surf/client.go:204.15,205.33 1 4
github.com/enetx/surf/client.go:206.17,207.23 1 1
github.com/enetx/surf/client.go:208.18,209.14 1 5
github.com/enetx/surf/client.go:213.2,215.19 2 11
github.com/enetx/surf/client.go:215.19,217.17 2 1
github.com/enetx/surf/client.go:217.17,220.4 2 1
github.com/enetx/surf/client.go:222.3,222.33 1 0
github.com/enetx/surf/client.go:225.2,228.23 3 10
github.com/enetx/surf/client.go:228.23,229.67 1 1
github.com/enetx/surf/client.go:229.67,232.4 2 0
github.com/enetx/surf/client.go:235.2,240.33 2 10
github.com/enetx/surf/client.go:240.33,241.17 1 21
github.com/enetx/surf/client.go:241.17,242.22 1 1
github.com/enetx/surf/client.go:242.22,242.40 1 1
github.com/enetx/surf/client.go:246.2,246.12 1 10
github.com/enetx/surf/client.go:246.12,247.16 1 10
github.com/enetx/surf/client.go:247.16,248.25 1 10
github.com/enetx/surf/client.go:248.25,250.5 1 10
github.com/enetx/surf/client.go:252.4,252.25 1 10
github.com/enetx/surf/client.go:252.25,254.5 1 10
github.com/enetx/surf/client.go:256.4,256.19 1 10
github.com/enetx/surf/client.go:256.19,258.5 1 0
github.com/enetx/surf/client.go:261.3,262.17 2 10
github.com/enetx/surf/client.go:262.17,265.4 2 0
github.com/enetx/surf/client.go:267.3,267.55 1 10
github.com/enetx/surf/client.go:267.55,270.4 2 1
github.com/enetx/surf/client.go:272.3,273.45 1 9
github.com/enetx/surf/client.go:273.45,274.66 1 3
github.com/enetx/surf/client.go:274.66,277.6 2 0
github.com/enetx/surf/client.go:279.5,279.16 1 3
github.com/enetx/surf/client.go:283.2,284.16 2 10
github.com/enetx/surf/client.go:284.16,287.3 2 0
github.com/enetx/surf/client.go:289.2,295.16 5 10
github.com/enetx/surf/client.go:300.98,306.23 4 17
github.com/enetx/surf/client.go:306.23,307.64 1 13
github.com/enetx/surf/client.go:307.64,311.4 3 0
github.com/enetx/surf/client.go:314.2,317.46 2 17
github.com/enetx/surf/client.go:317.46,319.18 2 29
github.com/enetx/surf/client.go:319.18,322.5 2 0
github.com/enetx/surf/client.go:324.4,324.65 1 29
github.com/enetx/surf/client.go:324.65,327.5 2 0
github.com/enetx/surf/client.go:329.4,329.15 1 29
github.com/enetx/surf/client.go:332.2,332.24 1 17
github.com/enetx/surf/client.go:332.24,334.3 1 0
github.com/enetx/surf/client.go:336.2,336.39 1 17
github.com/enetx/surf/client.go:336.39,339.3 2 0
github.com/enetx/surf/client.go:341.2,342.16 2 17
github.com/enetx/surf/client.go:342.16,345.3 2 0
github.com/enetx/surf/client.go:347.2,352.16 4 17
github.com/enetx/surf/client.go:356.61,357.22 1 5
github.com/enetx/surf/client.go:357.22,359.3 1 0
github.com/enetx/surf/client.go:361.2,362.23 2 5
github.com/enetx/surf/client.go:362.23,364.3 1 1
github.com/enetx/surf/client.go:366.2,366.42 1 4
github.com/enetx/surf/client.go:370.76,371.22 1 4
github.com/enetx/surf/client.go:371.22,373.3 1 1
github.com/enetx/surf/client.go:375.2,376.23 2 3
github.com/enetx/surf/client.go:376.23,378.3 1 1
github.com/enetx/surf/client.go:380.2,382.12 2 2
github.com/enetx/surf/client.go:389.86,395.16 4 627
github.com/enetx/surf/client.go:395.16,398.3 2 1
github.com/enetx/surf/client.go:400.2,401.16 2 626
github.com/enetx/surf/client.go:401.16,404.3 2 1
github.com/enetx/surf/client.go:406.2,406.23 1 625
github.com/enetx/surf/client.go:406.23,408.3 1 27
github.com/enetx/surf/client.go:410.2,413.16 3 625
github.com/enetx/surf/client.go:419.53,420.17 1 627
github.com/enetx/surf/client.go:420.17,422.3 1 599
github.com/enetx/surf/client.go:424.2,424.26 1 28
github.com/enetx/surf/client.go:425.14,426.26 1 1
github.com/enetx/surf/client.go:427.15,428.26 1 1
github.com/enetx/surf/client.go:429.14,430.28 1 6
github.com/enetx/surf/client.go:431.16,432.28 1 12
github.com/enetx/surf/client.go:433.25,434.25 1 1
github.com/enetx/surf/client.go:435.29,436.25 1 1
github.com/enetx/surf/client.go:437.33,438.25 1 1
github.com/enetx/surf/client.go:439.36,440.28 1 2
github.com/enetx/surf/client.go:441.32,442.28 1 1
github.com/enetx/surf/client.go:443.10,444.34 1 2
github.com/enetx/surf/client.go:451.60,457.2 3 2
github.com/enetx/surf/client.go:462.68,468.76 3 18
github.com/enetx/surf/client.go:468.76,470.3 1 2
github.com/enetx/surf/client.go:472.2,472.37 1 18
github.com/enetx/surf/client.go:477.44,480.37 2 18
github.com/enetx/surf/client.go:480.37,482.3 1 3
github.com/enetx/surf/client.go:482.8,482.43 1 15
github.com/enetx/surf/client.go:482.43,484.3 1 0
github.com/enetx/surf/client.go:487.2,487.37 1 15
github.com/enetx/surf/client.go:493.74,498.28 3 3
github.com/enetx/surf/client.go:498.28,500.3 1 4
github.com/enetx/surf/client.go:502.2,504.33 2 3
github.com/enetx/surf/client.go:513.78,518.38 3 3
github.com/enetx/surf/client.go:518.38,519.20 1 10
github.com/enetx/surf/client.go:519.20,521.4 1 7
github.com/enetx/surf/client.go:522.3,524.50 3 10
github.com/enetx/surf/client.go:527.2,529.33 2 3
github.com/enetx/surf/client.go:535.62,538.39 2 2
github.com/enetx/surf/client.go:539.14,540.48 1 1
github.com/enetx/surf/client.go:540.48,542.4 1 1
github.com/enetx/surf/client.go:543.13,544.47 1 1
github.com/enetx/surf/client.go:544.47,546.4 1 0
github.com/enetx/surf/client.go:549.2,549.54 1 1
github.com/enetx/surf/client.go:554.47,556.14 2 2
github.com/enetx/surf/client.go:556.14,558.3 1 0
github.com/enetx/surf/client.go:560.2,560.33 1 2
github.com/enetx/surf/client.go:560.33,562.3 1 0
github.com/enetx/surf/client.go:564.2,564.32 1 2
github.com/enetx/surf/client.go:564.32,566.3 1 0
github.com/enetx/surf/client.go:568.2,568.30 1 2
github.com/enetx/surf/client.go:568.30,571.38 2 2
github.com/enetx/surf/client.go:571.38,573.4 1 1
github.com/enetx/surf/client.go:575.3,575.37 1 1
github.com/enetx/surf/client.go:575.37,577.4 1 1
github.com/enetx/surf/client.go:580.2,580.11 1 0
github.com/enetx/surf/client.go:585.42,588.50 2 655
github.com/enetx/surf/client.go:588.50,590.3 1 11
github.com/enetx/surf/client.go:592.2,592.21 1 655
github.com/enetx/surf/client.go:597.51,598.20 1 8
github.com/enetx/surf/client.go:598.20,600.3 1 2
github.com/enetx/surf/client.go:602.2,603.16 2 6
github.com/enetx/surf/client.go:603.16,605.3 1 0
github.com/enetx/surf/client.go:607.2,607.24 1 6
github.com/enetx/surf/cookies.go:16.47,17.29 1 39
github.com/enetx/surf/cookies.go:17.29,19.30 2 42
github.com/enetx/surf/cookies.go:20.15,21.39 1 21
github.com/enetx/surf/cookies.go:21.39,23.5 1 18
github.com/enetx/surf/cookies.go:24.17,25.29 1 3
github.com/enetx/surf/cookies.go:25.29,27.5 1 3
github.com/enetx/surf/cookies.go:28.23,29.27 1 13
github.com/enetx/surf/cookies.go:29.27,31.5 1 6
github.com/enetx/surf/cookies.go:35.2,35.14 1 12
github.com/enetx/surf/debug.go:17.37,17.66 1 6
github.com/enetx/surf/debug.go:20.25,20.56 1 6
github.com/enetx/surf/debug.go:23.48,25.16 2 3
github.com/enetx/surf/debug.go:25.16,27.3 1 0
github.com/enetx/surf/debug.go:29.2,29.24 1 3
github.com/enetx/surf/debug.go:29.24,31.3 1 0
github.com/enetx/surf/debug.go:33.2,35.65 2 3
github.com/enetx/surf/debug.go:35.65,36.64 1 2
github.com/enetx/surf/debug.go:36.64,39.4 2 2
github.com/enetx/surf/debug.go:42.2,42.10 1 3
github.com/enetx/surf/debug.go:46.49,48.16 2 3
github.com/enetx/surf/debug.go:48.16,50.3 1 0
github.com/enetx/surf/debug.go:52.2,52.24 1 3
github.com/enetx/surf/debug.go:52.24,54.3 1 1
github.com/enetx/surf/debug.go:56.2,58.57 2 3
github.com/enetx/surf/debug.go:58.57,60.3 1 2
github.com/enetx/surf/debug.go:62.2,62.10 1 3
github.com/enetx/surf/dnsovertls.go:18.43,20.2 1 7
github.com/enetx/surf/dnsovertls.go:23.42,25.2 1 12
github.com/enetx/surf/dnsovertls.go:28.46,30.2 1 12
github.com/enetx/surf/dnsovertls.go:33.41,35.2 1 5
github.com/enetx/surf/dnsovertls.go:38.42,40.2 1 2
github.com/enetx/surf/dnsovertls.go:43.46,49.2 1 2
github.com/enetx/surf/dnsovertls.go:52.39,54.2 1 2
github.com/enetx/surf/dnsovertls.go:57.43,59.2 1 2
github.com/enetx/surf/dnsovertls.go:62.38,64.2 1 2
github.com/enetx/surf/dnsovertls.go:67.41,69.2 1 2
github.com/enetx/surf/dnsovertls.go:72.44,74.2 1 2
github.com/enetx/surf/dnsovertls.go:78.86,80.2 1 67
github.com/enetx/surf/dnsovertls.go:84.89,86.57 2 67
github.com/enetx/surf/dnsovertls.go:86.57,86.94 1 67
github.com/enetx/surf/dnsovertls.go:91.107,92.66 1 67
github.com/enetx/surf/dnsovertls.go:92.66,99.37 2 0
github.com/enetx/surf/dnsovertls.go:99.37,101.18 2 0
github.com/enetx/surf/dnsovertls.go:101.18,102.10 1 0
github.com/enetx/surf/dnsovertls.go:106.3,106.17 1 0
github.com/enetx/surf/dnsovertls.go:106.17,108.4 1 0
github.com/enetx/surf/dnsovertls.go:110.3,118.10 4 0
github.com/enetx/surf/errors.go:25.46,27.2 1 3
github.com/enetx/surf/errors.go:29.43,31.2 1 3
github.com/enetx/surf/errors.go:33.45,35.2 1 8
github.com/enetx/surf/headers.go:18.63,19.29 1 59
github.com/enetx/surf/headers.go:19.29,20.42 1 59
github.com/enetx/surf/headers.go:20.42,22.33 2 59
github.com/enetx/surf/headers.go:23.16,24.41 1 37
github.com/enetx/surf/headers.go:24.41,26.6 1 32
github.com/enetx/surf/headers.go:27.18,28.31 1 2
github.com/enetx/surf/headers.go:28.31,30.6 1 2
github.com/enetx/surf/headers.go:31.18,32.97 1 5
github.com/enetx/surf/headers.go:32.97,34.6 1 2
github.com/enetx/surf/headers.go:35.25,36.97 1 3
github.com/enetx/surf/headers.go:36.97,38.6 1 2
github.com/enetx/surf/headers.go:39.27,40.66 1 2
github.com/enetx/surf/headers.go:40.66,42.6 1 2
github.com/enetx/surf/headers.go:43.26,44.35 1 10
github.com/enetx/surf/headers.go:44.35,46.6 1 8
github.com/enetx/surf/headers.go:51.2,51.14 1 11
github.com/enetx/surf/headers.go:56.57,58.2 1 129
github.com/enetx/surf/headers.go:62.45,62.104 1 583
github.com/enetx/surf/headers.go:65.34,65.76 1 3
github.com/enetx/surf/http2s.go:26.67,29.2 2 8
github.com/enetx/surf/http2s.go:32.69,35.2 2 47
github.com/enetx/surf/http2s.go:38.64,42.2 3 44
github.com/enetx/surf/http2s.go:45.74,48.2 2 4
github.com/enetx/surf/http2s.go:51.71,54.2 2 43
github.com/enetx/surf/http2s.go:57.66,60.2 2 11
github.com/enetx/surf/http2s.go:63.71,66.2 2 36
github.com/enetx/surf/http2s.go:69.68,72.2 2 41
github.com/enetx/surf/http2s.go:75.89,78.2 2 39
github.com/enetx/surf/http2s.go:81.93,84.2 2 1
github.com/enetx/surf/http2s.go:88.40,89.26 1 57
github.com/enetx/surf/http2s.go:89.26,91.3 1 1
github.com/enetx/surf/http2s.go:93.2,93.50 1 56
github.com/enetx/surf/http2s.go:93.50,95.10 2 56
github.com/enetx/surf/http2s.go:95.10,97.4 1 0
github.com/enetx/surf/http2s.go:99.3,101.17 3 56
github.com/enetx/surf/http2s.go:101.17,103.4 1 0
github.com/enetx/surf/http2s.go:105.3,105.57 1 56
github.com/enetx/surf/http2s.go:105.57,106.64 1 336
github.com/enetx/surf/http2s.go:106.64,108.5 1 184
github.com/enetx/surf/http2s.go:111.3,123.30 2 56
github.com/enetx/surf/http2s.go:123.30,125.4 1 336
github.com/enetx/surf/http2s.go:127.3,127.29 1 56
github.com/enetx/surf/http2s.go:127.29,129.4 1 8
github.com/enetx/surf/http2s.go:131.3,131.28 1 56
github.com/enetx/surf/http2s.go:131.28,133.4 1 41
github.com/enetx/surf/http2s.go:135.3,135.32 1 56
github.com/enetx/surf/http2s.go:135.32,137.4 1 39
github.com/enetx/surf/http2s.go:139.3,139.30 1 56
github.com/enetx/surf/http2s.go:139.30,141.4 1 1
github.com/enetx/surf/http2s.go:143.3,146.13 3 56
github.com/enetx/surf/http3s.go:48.74,51.2 2 49
github.com/enetx/surf/http3s.go:54.72,57.2 2 34
github.com/enetx/surf/http3s.go:60.72,63.2 2 41
github.com/enetx/surf/http3s.go:66.74,69.2 2 10
github.com/enetx/surf/http3s.go:72.71,75.2 2 40
github.com/enetx/surf/http3s.go:78.63,81.2 2 10
github.com/enetx/surf/http3s.go:84.71,87.2 2 10
github.com/enetx/surf/http3s.go:91.49,100.2 6 35
github.com/enetx/surf/http3s.go:104.40,105.50 1 107
github.com/enetx/surf/http3s.go:105.50,106.71 1 107
github.com/enetx/surf/http3s.go:106.71,108.4 1 37
github.com/enetx/surf/http3s.go:110.3,110.27 1 70
github.com/enetx/surf/http3s.go:110.27,112.4 1 68
github.com/enetx/surf/http3s.go:114.3,124.28 3 70
github.com/enetx/surf/http3s.go:124.28,126.4 1 70
github.com/enetx/surf/http3s.go:128.3,128.38 1 70
github.com/enetx/surf/http3s.go:129.15,131.31 2 14
github.com/enetx/surf/http3s.go:132.17,134.31 2 0
github.com/enetx/surf/http3s.go:135.11,136.30 1 56
github.com/enetx/surf/http3s.go:139.3,142.13 3 70
github.com/enetx/surf/http3s.go:164.50,165.48 1 5
github.com/enetx/surf/http3s.go:165.48,168.3 2 0
github.com/enetx/surf/http3s.go:170.2,170.33 1 5
github.com/enetx/surf/http3s.go:170.33,171.83 1 5
github.com/enetx/surf/http3s.go:171.83,173.4 1 5
github.com/enetx/surf/http3s.go:178.61,180.16 2 7
github.com/enetx/surf/http3s.go:180.16,182.3 1 6
github.com/enetx/surf/http3s.go:184.2,186.42 2 1
github.com/enetx/surf/http3s.go:187.14,188.32 1 1
github.com/enetx/surf/http3s.go:189.15,190.33 1 0
github.com/enetx/surf/http3s.go:191.10,192.33 1 0
github.com/enetx/surf/http3s.go:195.2,195.52 1 1
github.com/enetx/surf/http3s.go:200.92,202.17 2 7
github.com/enetx/surf/http3s.go:202.17,204.3 1 0
github.com/enetx/surf/http3s.go:207.2,207.19 1 7
github.com/enetx/surf/http3s.go:207.19,208.54 1 0
github.com/enetx/surf/http3s.go:208.54,210.4 1 0
github.com/enetx/surf/http3s.go:214.2,225.68 2 7
github.com/enetx/surf/http3s.go:225.68,229.116 2 0
github.com/enetx/surf/http3s.go:229.116,230.21 1 0
github.com/enetx/surf/http3s.go:230.21,232.5 1 0
github.com/enetx/surf/http3s.go:234.4,234.31 1 0
github.com/enetx/surf/http3s.go:234.31,235.59 1 0
github.com/enetx/surf/http3s.go:235.59,239.6 3 0
github.com/enetx/surf/http3s.go:242.4,242.19 1 0
github.com/enetx/surf/http3s.go:242.19,244.5 1 0
github.com/enetx/surf/http3s.go:246.4,246.49 1 0
github.com/enetx/surf/http3s.go:249.3,249.21 1 0
github.com/enetx/surf/http3s.go:253.2,253.19 1 7
github.com/enetx/surf/http3s.go:253.19,255.3 1 0
github.com/enetx/surf/http3s.go:257.2,257.11 1 7
github.com/enetx/surf/http3s.go:262.88,264.16 2 0
github.com/enetx/surf/http3s.go:264.16,266.3 1 0
github.com/enetx/surf/http3s.go:269.2,269.40 1 0
github.com/enetx/surf/http3s.go:269.40,271.3 1 0
github.com/enetx/surf/http3s.go:273.2,274.51 2 0
github.com/enetx/surf/http3s.go:274.51,276.3 1 0
github.com/enetx/surf/http3s.go:278.2,279.16 2 0
github.com/enetx/surf/http3s.go:279.16,281.3 1 0
github.com/enetx/surf/http3s.go:283.2,283.19 1 0
github.com/enetx/surf/http3s.go:283.19,285.3 1 0
github.com/enetx/surf/http3s.go:288.2,288.26 1 0
github.com/enetx/surf/http3s.go:288.26,289.36 1 0
github.com/enetx/surf/http3s.go:289.36,291.4 1 0
github.com/enetx/surf/http3s.go:295.2,295.56 1 0
github.com/enetx/surf/http3s.go:310.65,312.16 2 0
github.com/enetx/surf/http3s.go:312.16,314.3 1 0
github.com/enetx/surf/http3s.go:316.2,317.16 2 0
github.com/enetx/surf/http3s.go:317.16,319.3 1 0
github.com/enetx/surf/http3s.go:321.2,321.38 1 0
github.com/enetx/surf/http3s.go:321.38,323.3 1 0
github.com/enetx/surf/http3s.go:325.2,326.15 2 0
github.com/enetx/surf/http3s.go:326.15,328.3 1 0
github.com/enetx/surf/http3s.go:330.2,333.8 1 0
github.com/enetx/surf/http3s.go:337.71,340.16 2 0
github.com/enetx/surf/http3s.go:340.16,342.3 1 0
github.com/enetx/surf/http3s.go:345.2,345.31 1 0
github.com/enetx/surf/http3s.go:345.31,347.17 2 0
github.com/enetx/surf/http3s.go:347.17,349.4 1 0
github.com/enetx/surf/http3s.go:352.2,352.90 1 0
github.com/enetx/surf/http3s.go:359.80,362.18 2 12
github.com/enetx/surf/http3s.go:362.18,363.37 1 7
github.com/enetx/surf/http3s.go:363.37,365.4 1 0
github.com/enetx/surf/http3s.go:366.8,368.3 1 5
github.com/enetx/surf/http3s.go:370.2,370.68 1 12
github.com/enetx/surf/http3s.go:370.68,372.3 1 5
github.com/enetx/surf/http3s.go:374.2,374.26 1 7
github.com/enetx/surf/http3s.go:374.26,378.3 3 0
github.com/enetx/surf/http3s.go:380.2,384.16 4 7
github.com/enetx/surf/http3s.go:384.16,386.51 1 6
github.com/enetx/surf/http3s.go:386.51,388.4 1 1
github.com/enetx/surf/http3s.go:391.3,391.88 1 5
github.com/enetx/surf/http3s.go:391.88,392.50 1 1
github.com/enetx/surf/http3s.go:392.50,393.27 1 0
github.com/enetx/surf/http3s.go:393.27,395.6 1 0
github.com/enetx/surf/http3s.go:397.5,398.19 2 0
github.com/enetx/surf/http3s.go:398.19,400.6 1 0
github.com/enetx/surf/http3s.go:402.5,402.20 1 0
github.com/enetx/surf/http3s.go:405.4,406.19 2 1
github.com/enetx/surf/http3s.go:406.19,408.5 1 0
github.com/enetx/surf/http3s.go:410.4,414.46 3 1
github.com/enetx/surf/http3s.go:417.3,417.18 1 4
github.com/enetx/surf/http3s.go:420.2,420.56 1 1
github.com/enetx/surf/http3s.go:420.56,426.29 2 0
github.com/enetx/surf/http3s.go:426.29,430.52 4 0
github.com/enetx/surf/http3s.go:430.52,432.5 1 0
github.com/enetx/surf/http3s.go:433.9,437.4 3 0
github.com/enetx/surf/http3s.go:439.3,441.17 2 0
github.com/enetx/surf/http3s.go:441.17,443.4 1 0
github.com/enetx/surf/http3s.go:445.3,447.79 3 0
github.com/enetx/surf/http3s.go:450.2,450.18 1 1
github.com/enetx/surf/http3s.go:453.47,453.85 1 5
github.com/enetx/surf/http3s.go:458.55,461.30 2 7
github.com/enetx/surf/http3s.go:462.23,463.16 1 0
github.com/enetx/surf/http3s.go:464.14,465.8 1 0
github.com/enetx/surf/http3s.go:466.16,467.14 1 0
github.com/enetx/surf/http3s.go:468.16,469.17 1 0
github.com/enetx/surf/http3s.go:469.17,471.4 1 0
github.com/enetx/surf/http3s.go:472.23,473.17 1 0
github.com/enetx/surf/http3s.go:474.25,475.23 1 0
github.com/enetx/surf/http3s.go:478.2,478.13 1 7
github.com/enetx/surf/http3s.go:478.13,480.3 1 0
github.com/enetx/surf/http3s.go:482.2,482.25 1 7
github.com/enetx/surf/http3s.go:492.23,495.16 2 0
github.com/enetx/surf/http3s.go:495.16,497.3 1 0
github.com/enetx/surf/http3s.go:500.2,501.16 2 0
github.com/enetx/surf/http3s.go:501.16,503.3 1 0
github.com/enetx/surf/http3s.go:506.2,507.16 2 0
github.com/enetx/surf/http3s.go:507.16,509.3 1 0
github.com/enetx/surf/http3s.go:512.2,513.16 2 0
github.com/enetx/surf/http3s.go:513.16,515.3 1 0
github.com/enetx/surf/http3s.go:518.2,520.15 2 0
github.com/enetx/surf/http3s.go:520.15,521.15 1 0
github.com/enetx/surf/http3s.go:521.15,523.4 1 0
github.com/enetx/surf/http3s.go:526.2,526.40 1 0
github.com/enetx/surf/http3s.go:526.40,527.52 1 0
github.com/enetx/surf/http3s.go:527.52,529.4 1 0
github.com/enetx/surf/http3s.go:531.3,531.16 1 0
github.com/enetx/surf/http3s.go:531.16,532.15 1 0
github.com/enetx/surf/http3s.go:532.15,534.5 1 0
github.com/enetx/surf/http3s.go:538.2,539.16 2 0
github.com/enetx/surf/http3s.go:539.16,541.3 1 0
github.com/enetx/surf/http3s.go:544.2,547.16 2 0
github.com/enetx/surf/http3s.go:547.16,549.3 1 0
github.com/enetx/surf/http3s.go:552.2,553.16 2 0
github.com/enetx/surf/http3s.go:553.16,556.3 2 0
github.com/enetx/surf/http3s.go:558.2,560.22 2 0
github.com/enetx/surf/http3s.go:569.23,572.16 2 0
github.com/enetx/surf/http3s.go:572.16,574.3 1 0
github.com/enetx/surf/http3s.go:577.2,578.16 2 0
github.com/enetx/surf/http3s.go:578.16,580.3 1 0
github.com/enetx/surf/http3s.go:583.2,584.26 2 0
github.com/enetx/surf/http3s.go:584.26,586.3 1 0
github.com/enetx/surf/http3s.go:586.8,586.34 1 0
github.com/enetx/surf/http3s.go:586.34,588.3 1 0
github.com/enetx/surf/http3s.go:591.2,592.16 2 0
github.com/enetx/surf/http3s.go:592.16,594.3 1 0
github.com/enetx/surf/http3s.go:597.2,599.15 2 0
github.com/enetx/surf/http3s.go:599.15,600.15 1 0
github.com/enetx/surf/http3s.go:600.15,602.4 1 0
github.com/enetx/surf/http3s.go:605.2,605.40 1 0
github.com/enetx/surf/http3s.go:605.40,606.55 1 0
github.com/enetx/surf/http3s.go:606.55,608.4 1 0
github.com/enetx/surf/http3s.go:610.3,610.16 1 0
github.com/enetx/surf/http3s.go:610.16,611.15 1 0
github.com/enetx/surf/http3s.go:611.15,613.5 1 0
github.com/enetx/surf/http3s.go:618.2,621.16 2 0
github.com/enetx/surf/http3s.go:621.16,623.3 1 0
github.com/enetx/surf/http3s.go:626.2,627.16 2 0
github.com/enetx/surf/http3s.go:627.16,629.3 1 0
github.com/enetx/surf/http3s.go:631.2,633.22 2 0
github.com/enetx/surf/http3s.go:639.46,640.16 1 5
github.com/enetx/surf/http3s.go:640.16,642.3 1 0
github.com/enetx/surf/http3s.go:645.2,646.44 1 5
github.com/enetx/surf/http3s.go:646.44,648.3 1 0
github.com/enetx/surf/http3s.go:651.2,652.29 2 5
github.com/enetx/surf/http3s.go:652.29,654.3 1 0
github.com/enetx/surf/http3s.go:656.2,659.47 1 5
github.com/enetx/surf/http3s.go:659.47,661.3 1 1
github.com/enetx/surf/http3s.go:664.2,665.28 2 4
github.com/enetx/surf/http3s.go:665.28,666.70 1 0
github.com/enetx/surf/http3s.go:666.70,668.4 1 0
github.com/enetx/surf/http3s.go:670.3,671.35 2 0
github.com/enetx/surf/http3s.go:671.35,672.17 1 0
github.com/enetx/surf/http3s.go:673.93,674.16 1 0
github.com/enetx/surf/http3s.go:679.2,679.14 1 4
github.com/enetx/surf/http3s.go:684.37,685.20 1 5
github.com/enetx/surf/http3s.go:685.20,687.3 1 0
github.com/enetx/surf/http3s.go:689.2,690.16 2 5
github.com/enetx/surf/http3s.go:690.16,692.3 1 0
github.com/enetx/surf/http3s.go:694.2,696.50 2 5
github.com/enetx/surf/impersonate.go:17.48,20.2 2 1
github.com/enetx/surf/impersonate.go:23.47,26.2 2 6
github.com/enetx/surf/impersonate.go:29.45,32.2 2 3
github.com/enetx/surf/impersonate.go:35.45,38.2 2 3
github.com/enetx/surf/impersonate.go:41.47,44.2 2 4
github.com/enetx/surf/impersonate.go:47.43,50.2 2 2
github.com/enetx/surf/impersonate.go:53.42,111.2 19 31
github.com/enetx/surf/impersonate.go:114.43,171.2 16 6
github.com/enetx/surf/impersonate.go:174.50,231.2 16 1
github.com/enetx/surf/impersonate_os.go:42.44,43.34 1 31
github.com/enetx/surf/impersonate_os.go:43.34,45.3 1 6
github.com/enetx/surf/impersonate_os.go:47.2,47.13 1 25
github.com/enetx/surf/ja.go:43.57,46.2 2 39
github.com/enetx/surf/ja.go:59.63,62.2 2 74
github.com/enetx/surf/ja.go:74.31,75.50 1 113
github.com/enetx/surf/ja.go:75.50,77.54 1 113
github.com/enetx/surf/ja.go:77.54,79.4 1 1
github.com/enetx/surf/ja.go:81.3,81.27 1 112
github.com/enetx/surf/ja.go:81.27,83.4 1 110
github.com/enetx/surf/ja.go:85.3,85.29 1 112
github.com/enetx/surf/ja.go:85.29,89.39 2 1
github.com/enetx/surf/ja.go:90.16,91.14 1 1
github.com/enetx/surf/ja.go:92.18,93.20 1 0
github.com/enetx/surf/ja.go:96.4,96.19 1 1
github.com/enetx/surf/ja.go:96.19,99.19 2 1
github.com/enetx/surf/ja.go:99.19,100.111 1 0
github.com/enetx/surf/ja.go:100.111,102.7 1 0
github.com/enetx/surf/ja.go:103.11,105.6 1 1
github.com/enetx/surf/ja.go:106.10,108.120 1 0
github.com/enetx/surf/ja.go:108.120,111.41 2 0
github.com/enetx/surf/ja.go:112.27,113.24 1 0
github.com/enetx/surf/ja.go:114.20,115.21 1 0
github.com/enetx/surf/ja.go:115.21,117.8 1 0
github.com/enetx/surf/ja.go:118.27,119.25 1 0
github.com/enetx/surf/ja.go:120.29,121.31 1 0
github.com/enetx/surf/ja.go:124.6,124.21 1 0
github.com/enetx/surf/ja.go:124.21,126.7 1 0
github.com/enetx/surf/ja.go:128.6,129.20 2 0
github.com/enetx/surf/ja.go:129.20,131.7 1 0
github.com/enetx/surf/ja.go:133.6,133.51 1 0
github.com/enetx/surf/ja.go:139.3,141.13 2 112
github.com/enetx/surf/ja.go:153.55,154.19 1 65
github.com/enetx/surf/ja.go:154.19,156.3 1 34
github.com/enetx/surf/ja.go:158.2,159.20 2 31
github.com/enetx/surf/ja.go:167.33,167.85 1 1
github.com/enetx/surf/ja.go:170.32,170.78 1 1
github.com/enetx/surf/ja.go:173.34,173.78 1 1
github.com/enetx/surf/ja.go:176.34,176.78 1 1
github.com/enetx/surf/ja.go:179.34,179.78 1 1
github.com/enetx/surf/ja.go:182.34,182.78 1 1
github.com/enetx/surf/ja.go:185.34,185.78 1 1
github.com/enetx/surf/ja.go:188.34,188.78 1 1
github.com/enetx/surf/ja.go:191.34,191.78 1 1
github.com/enetx/surf/ja.go:194.35,194.80 1 1
github.com/enetx/surf/ja.go:197.35,197.80 1 1
github.com/enetx/surf/ja.go:200.35,200.88 1 1
github.com/enetx/surf/ja.go:203.35,203.80 1 1
github.com/enetx/surf/ja.go:206.37,206.85 1 1
github.com/enetx/surf/ja.go:209.35,209.84 1 60
github.com/enetx/surf/ja.go:212.30,212.72 1 1
github.com/enetx/surf/ja.go:215.32,215.74 1 1
github.com/enetx/surf/ja.go:218.33,218.76 1 1
github.com/enetx/surf/ja.go:221.33,221.80 1 1
github.com/enetx/surf/ja.go:224.35,224.80 1 1
github.com/enetx/surf/ja.go:227.35,227.80 1 1
github.com/enetx/surf/ja.go:230.35,230.80 1 1
github.com/enetx/surf/ja.go:233.35,233.80 1 1
github.com/enetx/surf/ja.go:236.35,236.80 1 1
github.com/enetx/surf/ja.go:239.36,239.82 1 1
github.com/enetx/surf/ja.go:242.36,242.82 1 1
github.com/enetx/surf/ja.go:245.36,245.82 1 1
github.com/enetx/surf/ja.go:248.36,248.82 1 0
github.com/enetx/surf/ja.go:251.36,251.87 1 11
github.com/enetx/surf/ja.go:254.43,254.101 1 1
github.com/enetx/surf/ja.go:257.29,257.72 1 1
github.com/enetx/surf/ja.go:260.31,260.74 1 1
github.com/enetx/surf/ja.go:263.31,263.74 1 1
github.com/enetx/surf/ja.go:266.31,266.72 1 1
github.com/enetx/surf/ja.go:269.31,269.72 1 1
github.com/enetx/surf/ja.go:272.36,272.81 1 1
github.com/enetx/surf/ja.go:275.40,275.89 1 1
github.com/enetx/surf/ja.go:278.42,278.93 1 1
github.com/enetx/surf/ja.go:281.32,281.78 1 1
github.com/enetx/surf/ja_roundtripper.go:32.111,40.18 2 63
github.com/enetx/surf/ja_roundtripper.go:40.18,42.92 2 63
github.com/enetx/surf/ja_roundtripper.go:42.92,43.31 1 63
github.com/enetx/surf/ja_roundtripper.go:43.31,45.5 1 63
github.com/enetx/surf/ja_roundtripper.go:46.4,46.35 1 0
github.com/enetx/surf/ja_roundtripper.go:50.2,50.18 1 63
github.com/enetx/surf/ja_roundtripper.go:50.18,52.109 2 0
github.com/enetx/surf/ja_roundtripper.go:52.109,53.31 1 0
github.com/enetx/surf/ja_roundtripper.go:53.31,55.5 1 0
github.com/enetx/surf/ja_roundtripper.go:56.4,56.40 1 0
github.com/enetx/surf/ja_roundtripper.go:60.2,60.10 1 63
github.com/enetx/surf/ja_roundtripper.go:72.81,73.59 1 63
github.com/enetx/surf/ja_roundtripper.go:73.59,75.3 1 63
github.com/enetx/surf/ja_roundtripper.go:77.2,78.16 2 0
github.com/enetx/surf/ja_roundtripper.go:78.16,80.3 1 0
github.com/enetx/surf/ja_roundtripper.go:82.2,82.44 1 0
github.com/enetx/surf/ja_roundtripper.go:82.44,84.3 1 0
github.com/enetx/surf/ja_roundtripper.go:86.2,86.48 1 0
github.com/enetx/surf/ja_roundtripper.go:86.48,87.25 1 0
github.com/enetx/surf/ja_roundtripper.go:87.25,89.4 1 0
github.com/enetx/surf/ja_roundtripper.go:91.3,92.17 2 0
github.com/enetx/surf/ja_roundtripper.go:92.17,94.4 1 0
github.com/enetx/surf/ja_roundtripper.go:96.3,96.18 1 0
github.com/enetx/surf/ja_roundtripper.go:99.2,102.31 3 0
github.com/enetx/surf/ja_roundtripper.go:116.72,118.9 2 112
github.com/enetx/surf/ja_roundtripper.go:118.9,119.62 1 0
github.com/enetx/surf/ja_roundtripper.go:122.2,128.56 2 112
github.com/enetx/surf/ja_roundtripper.go:128.56,130.3 1 3
github.com/enetx/surf/ja_roundtripper.go:132.2,132.11 1 112
github.com/enetx/surf/ja_roundtripper.go:137.78,143.78 4 103
github.com/enetx/surf/ja_roundtripper.go:143.78,144.58 1 103
github.com/enetx/surf/ja_roundtripper.go:144.58,150.18 2 103
github.com/enetx/surf/ja_roundtripper.go:151.16,152.34 1 33
github.com/enetx/surf/ja_roundtripper.go:153.17,154.58 1 70
github.com/enetx/surf/ja_roundtripper.go:155.12,156.65 1 0
github.com/enetx/surf/ja_roundtripper.go:159.4,159.30 1 103
github.com/enetx/surf/ja_roundtripper.go:163.2,165.22 2 103
github.com/enetx/surf/ja_roundtripper.go:165.22,167.3 1 0
github.com/enetx/surf/ja_roundtripper.go:167.8,169.3 1 103
github.com/enetx/surf/ja_roundtripper.go:171.2,173.21 2 103
github.com/enetx/surf/ja_roundtripper.go:173.21,176.3 2 7
github.com/enetx/surf/ja_roundtripper.go:178.2,181.31 3 96
github.com/enetx/surf/ja_roundtripper.go:181.31,183.3 1 0
github.com/enetx/surf/ja_roundtripper.go:185.2,185.18 1 96
github.com/enetx/surf/ja_roundtripper.go:190.48,193.53 2 96
github.com/enetx/surf/ja_roundtripper.go:193.53,194.50 1 93
github.com/enetx/surf/ja_roundtripper.go:194.50,195.49 1 93
github.com/enetx/surf/ja_roundtripper.go:195.49,197.5 1 30
github.com/enetx/surf/ja_roundtripper.go:200.3,200.35 1 93
github.com/enetx/surf/ja_roundtripper.go:210.106,212.16 2 70
github.com/enetx/surf/ja_roundtripper.go:212.16,214.3 1 7
github.com/enetx/surf/ja_roundtripper.go:216.2,219.14 3 63
github.com/enetx/surf/ja_roundtripper.go:219.14,221.3 1 0
github.com/enetx/surf/ja_roundtripper.go:223.2,225.14 2 63
github.com/enetx/surf/ja_roundtripper.go:225.14,227.3 1 0
github.com/enetx/surf/ja_roundtripper.go:229.2,229.15 1 63
github.com/enetx/surf/ja_roundtripper.go:233.114,235.2 1 0
github.com/enetx/surf/ja_roundtripper.go:238.94,240.2 1 0
github.com/enetx/surf/ja_roundtripper.go:244.102,246.16 2 70
github.com/enetx/surf/ja_roundtripper.go:246.16,248.3 1 5
github.com/enetx/surf/ja_roundtripper.go:250.2,251.16 2 65
github.com/enetx/surf/ja_roundtripper.go:251.16,253.3 1 0
github.com/enetx/surf/ja_roundtripper.go:255.2,256.18 2 65
github.com/enetx/surf/ja_roundtripper.go:256.18,259.3 2 0
github.com/enetx/surf/ja_roundtripper.go:261.2,261.30 1 65
github.com/enetx/surf/ja_roundtripper.go:261.30,263.3 1 2
github.com/enetx/surf/ja_roundtripper.go:265.2,273.67 2 65
github.com/enetx/surf/ja_roundtripper.go:273.67,277.3 3 5
github.com/enetx/surf/ja_roundtripper.go:279.2,280.60 2 65
github.com/enetx/surf/ja_roundtripper.go:280.60,283.3 2 0
github.com/enetx/surf/ja_roundtripper.go:285.2,285.51 1 65
github.com/enetx/surf/ja_roundtripper.go:285.51,288.3 2 2
github.com/enetx/surf/ja_roundtripper.go:290.2,290.19 1 63
github.com/enetx/surf/ja_roundtripper.go:294.59,296.16 2 103
github.com/enetx/surf/ja_roundtripper.go:296.16,298.3 1 98
github.com/enetx/surf/ja_roundtripper.go:300.2,301.42 2 5
github.com/enetx/surf/ja_roundtripper.go:302.14,303.32 1 3
github.com/enetx/surf/ja_roundtripper.go:304.15,305.33 1 2
github.com/enetx/surf/ja_roundtripper.go:306.10,307.33 1 0
github.com/enetx/surf/ja_roundtripper.go:310.2,310.52 1 5
github.com/enetx/surf/ja_roundtripper.go:314.63,319.2 3 96
github.com/enetx/surf/ja_roundtripper.go:322.64,330.40 6 0
github.com/enetx/surf/ja_roundtripper.go:330.40,333.57 2 0
github.com/enetx/surf/ja_roundtripper.go:333.57,334.64 1 0
github.com/enetx/surf/ja_roundtripper.go:334.64,336.5 1 0
github.com/enetx/surf/ja_roundtripper.go:339.3,351.30 2 0
github.com/enetx/surf/ja_roundtripper.go:351.30,353.4 1 0
github.com/enetx/surf/ja_roundtripper.go:355.3,355.29 1 0
github.com/enetx/surf/ja_roundtripper.go:355.29,357.4 1 0
github.com/enetx/surf/ja_roundtripper.go:359.3,359.28 1 0
github.com/enetx/surf/ja_roundtripper.go:359.28,361.4 1 0
github.com/enetx/surf/ja_roundtripper.go:363.3,363.32 1 0
github.com/enetx/surf/ja_roundtripper.go:363.32,365.4 1 0
github.com/enetx/surf/ja_roundtripper.go:367.3,367.30 1 0
github.com/enetx/surf/ja_roundtripper.go:367.30,369.4 1 0
github.com/enetx/surf/ja_roundtripper.go:372.2,372.10 1 0
github.com/enetx/surf/ja_roundtripper.go:376.57,383.38 2 65
github.com/enetx/surf/ja_roundtripper.go:383.38,384.21 1 1064
github.com/enetx/surf/ja_roundtripper.go:385.37,386.27 1 57
github.com/enetx/surf/ja_roundtripper.go:387.43,388.22 1 54
github.com/enetx/surf/ja_roundtripper.go:389.73,390.26 1 30
github.com/enetx/surf/ja_roundtripper.go:397.2,397.36 1 65
github.com/enetx/surf/ja_roundtripper.go:397.36,399.3 1 54
github.com/enetx/surf/ja_roundtripper.go:403.2,403.25 1 11
github.com/enetx/surf/ja_roundtripper.go:408.61,409.42 1 2
github.com/enetx/surf/ja_roundtripper.go:409.42,410.49 1 4
github.com/enetx/surf/ja_roundtripper.go:410.49,411.61 1 2
github.com/enetx/surf/ja_roundtripper.go:411.61,413.5 1 2
github.com/enetx/surf/ja_roundtripper.go:415.4,415.57 1 2
github.com/enetx/surf/ja_roundtripper.go:415.57,417.5 1 0
github.com/enetx/surf/ja_roundtripper.go:419.4,419.10 1 2
github.com/enetx/surf/ja_roundtripper.go:424.2,426.4 1 0
github.com/enetx/surf/middleware.go:29.44,31.49 1 2007
github.com/enetx/surf/middleware.go:31.49,34.4 1 2357
github.com/enetx/surf/middleware.go:45.63,48.2 2 3950
github.com/enetx/surf/middleware.go:61.42,64.21 2 1648
github.com/enetx/surf/middleware.go:64.21,66.38 2 3149
github.com/enetx/surf/middleware.go:66.38,68.4 1 12
github.com/enetx/surf/middleware.go:71.2,71.12 1 1636
github.com/enetx/surf/middleware_client.go:22.44,25.2 2 773
github.com/enetx/surf/middleware_client.go:29.47,32.2 2 773
github.com/enetx/surf/middleware_client.go:36.47,49.2 10 773
github.com/enetx/surf/middleware_client.go:53.44,56.2 2 773
github.com/enetx/surf/middleware_client.go:60.65,63.2 2 40
github.com/enetx/surf/middleware_client.go:67.41,72.2 4 8
github.com/enetx/surf/middleware_client.go:76.41,81.2 4 1
github.com/enetx/surf/middleware_client.go:86.38,90.2 3 31
github.com/enetx/surf/middleware_client.go:93.47,96.2 2 6
github.com/enetx/surf/middleware_client.go:99.49,102.2 2 4
github.com/enetx/surf/middleware_client.go:107.62,108.19 1 12
github.com/enetx/surf/middleware_client.go:108.19,110.17 2 12
github.com/enetx/surf/middleware_client.go:110.17,112.4 1 3
github.com/enetx/surf/middleware_client.go:114.3,114.36 1 9
github.com/enetx/surf/middleware_client.go:117.2,117.12 1 9
github.com/enetx/surf/middleware_client.go:123.61,126.2 2 30
github.com/enetx/surf/middleware_client.go:131.45,135.20 3 786
github.com/enetx/surf/middleware_client.go:135.20,137.35 1 13
github.com/enetx/surf/middleware_client.go:137.35,140.4 2 4
github.com/enetx/surf/middleware_client.go:143.3,143.32 1 9
github.com/enetx/surf/middleware_client.go:143.32,145.4 1 5
github.com/enetx/surf/middleware_client.go:149.2,149.88 1 782
github.com/enetx/surf/middleware_client.go:149.88,151.31 1 12
github.com/enetx/surf/middleware_client.go:151.31,153.4 1 2
github.com/enetx/surf/middleware_client.go:155.3,155.21 1 10
github.com/enetx/surf/middleware_client.go:155.21,157.39 1 8
github.com/enetx/surf/middleware_client.go:157.39,161.22 3 1
github.com/enetx/surf/middleware_client.go:161.22,163.6 1 0
github.com/enetx/surf/middleware_client.go:165.5,165.27 1 1
github.com/enetx/surf/middleware_client.go:165.27,167.6 1 1
github.com/enetx/surf/middleware_client.go:171.4,171.40 1 7
github.com/enetx/surf/middleware_client.go:171.40,173.5 1 1
github.com/enetx/surf/middleware_client.go:176.3,176.13 1 9
github.com/enetx/surf/middleware_client.go:179.2,179.12 1 782
github.com/enetx/surf/middleware_client.go:185.48,186.17 1 33
github.com/enetx/surf/middleware_client.go:186.17,188.3 1 3
github.com/enetx/surf/middleware_client.go:190.2,192.66 1 30
github.com/enetx/surf/middleware_client.go:192.66,195.4 2 0
github.com/enetx/surf/middleware_client.go:198.2,198.12 1 30
github.com/enetx/surf/middleware_client.go:204.61,207.2 2 67
github.com/enetx/surf/middleware_client.go:212.59,213.21 1 8
github.com/enetx/surf/middleware_client.go:213.21,215.3 1 0
github.com/enetx/surf/middleware_client.go:217.2,217.113 1 8
github.com/enetx/surf/middleware_client.go:217.113,219.3 1 3
github.com/enetx/surf/middleware_client.go:221.2,221.12 1 8
github.com/enetx/surf/middleware_client.go:229.48,231.23 1 37
github.com/enetx/surf/middleware_client.go:231.23,233.3 1 1
github.com/enetx/surf/middleware_client.go:236.2,236.58 1 36
github.com/enetx/surf/middleware_client.go:236.58,238.3 1 0
github.com/enetx/surf/middleware_client.go:240.2,241.9 2 36
github.com/enetx/surf/middleware_client.go:241.9,243.3 1 0
github.com/enetx/surf/middleware_client.go:246.2,246.19 1 36
github.com/enetx/surf/middleware_client.go:246.19,249.3 2 1
github.com/enetx/surf/middleware_client.go:252.2,252.33 1 35
github.com/enetx/surf/middleware_client.go:252.33,253.18 1 26
github.com/enetx/surf/middleware_client.go:253.18,255.4 1 0
github.com/enetx/surf/middleware_client.go:256.3,256.52 1 26
github.com/enetx/surf/middleware_client.go:256.52,258.4 1 26
github.com/enetx/surf/middleware_client.go:258.9,259.60 1 0
github.com/enetx/surf/middleware_client.go:259.60,261.5 1 0
github.com/enetx/surf/middleware_client.go:266.2,266.28 1 35
github.com/enetx/surf/middleware_client.go:267.14,269.13 2 24
github.com/enetx/surf/middleware_client.go:270.16,272.13 2 2
github.com/enetx/surf/middleware_client.go:276.2,276.58 1 9
github.com/enetx/surf/middleware_client.go:276.58,279.29 2 0
github.com/enetx/surf/middleware_client.go:280.24,281.21 1 0
github.com/enetx/surf/middleware_client.go:282.17,283.18 1 0
github.com/enetx/surf/middleware_client.go:283.18,285.5 1 0
github.com/enetx/surf/middleware_client.go:286.24,287.22 1 0
github.com/enetx/surf/middleware_client.go:288.26,289.28 1 0
github.com/enetx/surf/middleware_client.go:290.11,291.64 1 0
github.com/enetx/surf/middleware_client.go:294.3,294.18 1 0
github.com/enetx/surf/middleware_client.go:294.18,296.4 1 0
github.com/enetx/surf/middleware_client.go:298.3,298.26 1 0
github.com/enetx/surf/middleware_client.go:301.2,301.12 1 9
github.com/enetx/surf/middleware_client.go:308.34,310.53 1 12
github.com/enetx/surf/middleware_client.go:310.53,312.3 1 0
github.com/enetx/surf/middleware_client.go:314.2,322.101 5 12
github.com/enetx/surf/middleware_client.go:322.101,324.3 1 14
github.com/enetx/surf/middleware_client.go:327.2,327.41 1 12
github.com/enetx/surf/middleware_client.go:327.41,331.57 2 0
github.com/enetx/surf/middleware_client.go:331.57,332.64 1 0
github.com/enetx/surf/middleware_client.go:332.64,334.5 1 0
github.com/enetx/surf/middleware_client.go:338.3,350.30 2 0
github.com/enetx/surf/middleware_client.go:350.30,352.4 1 0
github.com/enetx/surf/middleware_client.go:354.3,354.29 1 0
github.com/enetx/surf/middleware_client.go:354.29,356.4 1 0
github.com/enetx/surf/middleware_client.go:359.3,359.28 1 0
github.com/enetx/surf/middleware_client.go:359.28,361.4 1 0
github.com/enetx/surf/middleware_client.go:364.3,364.32 1 0
github.com/enetx/surf/middleware_client.go:364.32,366.4 1 0
github.com/enetx/surf/middleware_client.go:368.3,368.30 1 0
github.com/enetx/surf/middleware_client.go:368.30,370.4 1 0
github.com/enetx/surf/middleware_client.go:373.2,375.12 2 12
github.com/enetx/surf/middleware_request.go:17.45,18.78 1 623
github.com/enetx/surf/middleware_request.go:18.78,21.3 1 622
github.com/enetx/surf/middleware_request.go:23.2,23.12 1 623
github.com/enetx/surf/middleware_request.go:32.53,35.31 2 24
github.com/enetx/surf/middleware_request.go:36.14,37.9 1 7
github.com/enetx/surf/middleware_request.go:38.16,39.15 1 1
github.com/enetx/surf/middleware_request.go:40.16,41.18 1 11
github.com/enetx/surf/middleware_request.go:41.18,43.4 1 1
github.com/enetx/surf/middleware_request.go:44.3,44.28 1 10
github.com/enetx/surf/middleware_request.go:45.23,46.16 1 2
github.com/enetx/surf/middleware_request.go:46.16,48.4 1 1
github.com/enetx/surf/middleware_request.go:49.3,49.18 1 1
github.com/enetx/surf/middleware_request.go:50.25,51.16 1 2
github.com/enetx/surf/middleware_request.go:51.16,53.4 1 1
github.com/enetx/surf/middleware_request.go:54.3,54.24 1 1
github.com/enetx/surf/middleware_request.go:55.10,56.57 1 1
github.com/enetx/surf/middleware_request.go:59.2,61.12 2 20
github.com/enetx/surf/middleware_request.go:68.43,71.65 1 623
github.com/enetx/surf/middleware_request.go:71.65,72.20 1 8
github.com/enetx/surf/middleware_request.go:72.20,74.6 1 3
github.com/enetx/surf/middleware_request.go:76.5,78.6 1 5
github.com/enetx/surf/middleware_request.go:83.2,83.12 1 623
github.com/enetx/surf/middleware_request.go:90.39,93.46 1 4
github.com/enetx/surf/middleware_request.go:93.46,93.89 1 4
github.com/enetx/surf/middleware_request.go:97.2,97.12 1 4
github.com/enetx/surf/middleware_request.go:103.55,104.22 1 4
github.com/enetx/surf/middleware_request.go:104.22,106.3 1 4
github.com/enetx/surf/middleware_request.go:108.2,108.12 1 4
github.com/enetx/surf/middleware_request.go:115.63,116.61 1 4
github.com/enetx/surf/middleware_request.go:116.61,118.3 1 0
github.com/enetx/surf/middleware_request.go:120.2,124.38 3 4
github.com/enetx/surf/middleware_request.go:124.38,126.3 1 0
github.com/enetx/surf/middleware_request.go:128.2,130.12 2 4
github.com/enetx/surf/middleware_request.go:136.62,137.25 1 9
github.com/enetx/surf/middleware_request.go:137.25,139.3 1 0
github.com/enetx/surf/middleware_request.go:141.2,143.12 2 9
github.com/enetx/surf/middleware_response.go:18.48,21.2 2 97
github.com/enetx/surf/middleware_response.go:27.49,29.49 1 566
github.com/enetx/surf/middleware_response.go:29.49,31.3 1 564
github.com/enetx/surf/middleware_response.go:33.2,34.57 1 2
github.com/enetx/surf/middleware_response.go:34.57,36.3 1 0
github.com/enetx/surf/middleware_response.go:38.2,39.84 2 2
github.com/enetx/surf/middleware_response.go:39.84,41.3 1 2
github.com/enetx/surf/middleware_response.go:43.2,45.18 2 2
github.com/enetx/surf/middleware_response.go:45.18,47.3 1 2
github.com/enetx/surf/middleware_response.go:47.8,47.89 1 0
github.com/enetx/surf/middleware_response.go:47.89,49.3 1 0
github.com/enetx/surf/middleware_response.go:51.2,51.73 1 2
github.com/enetx/surf/middleware_response.go:62.38,63.19 1 564
github.com/enetx/surf/middleware_response.go:63.19,65.3 1 16
github.com/enetx/surf/middleware_response.go:67.2,72.48 2 548
github.com/enetx/surf/middleware_response.go:73.17,74.46 1 3
github.com/enetx/surf/middleware_response.go:75.14,76.46 1 0
github.com/enetx/surf/middleware_response.go:77.12,78.57 1 2
github.com/enetx/surf/middleware_response.go:79.14,81.17 2 3
github.com/enetx/surf/middleware_response.go:81.17,83.4 1 0
github.com/enetx/surf/middleware_response.go:85.3,85.34 1 3
github.com/enetx/surf/middleware_response.go:88.2,88.33 1 548
github.com/enetx/surf/middleware_response.go:88.33,90.3 1 7
github.com/enetx/surf/middleware_response.go:92.2,92.12 1 548
github.com/enetx/surf/request.go:32.48,32.70 1 1323
github.com/enetx/surf/request.go:41.46,43.20 1 614
github.com/enetx/surf/request.go:43.20,45.3 1 4
github.com/enetx/surf/request.go:48.2,48.48 1 610
github.com/enetx/surf/request.go:48.48,50.3 1 5
github.com/enetx/surf/request.go:53.2,53.43 1 605
github.com/enetx/surf/request.go:53.43,55.21 2 601
github.com/enetx/surf/request.go:55.21,57.4 1 0
github.com/enetx/surf/request.go:60.2,72.1 5 605
github.com/enetx/surf/request.go:73.2,74.16 2 612
github.com/enetx/surf/request.go:74.16,76.3 1 51
github.com/enetx/surf/request.go:79.2,80.48 1 561
github.com/enetx/surf/request.go:80.48,84.13 3 7
github.com/enetx/surf/request.go:88.2,88.41 1 554
github.com/enetx/surf/request.go:88.41,90.3 1 0
github.com/enetx/surf/request.go:92.2,108.43 2 554
github.com/enetx/surf/request.go:108.43,114.3 5 550
github.com/enetx/surf/request.go:116.2,116.54 1 554
github.com/enetx/surf/request.go:116.54,118.3 1 4
github.com/enetx/surf/request.go:120.2,120.23 1 550
github.com/enetx/surf/request.go:126.63,127.16 1 632
github.com/enetx/surf/request.go:127.16,129.3 1 631
github.com/enetx/surf/request.go:131.2,131.12 1 632
github.com/enetx/surf/request.go:137.66,138.33 1 5
github.com/enetx/surf/request.go:138.33,140.3 1 7
github.com/enetx/surf/request.go:142.2,142.12 1 5
github.com/enetx/surf/request.go:151.57,152.42 1 68
github.com/enetx/surf/request.go:152.42,154.3 1 1
github.com/enetx/surf/request.go:156.2,156.61 1 67
github.com/enetx/surf/request.go:156.61,156.76 1 456
github.com/enetx/surf/request.go:158.2,158.12 1 64
github.com/enetx/surf/request.go:165.57,166.42 1 14
github.com/enetx/surf/request.go:166.42,168.3 1 1
github.com/enetx/surf/request.go:170.2,170.61 1 13
github.com/enetx/surf/request.go:170.61,170.76 1 13
github.com/enetx/surf/request.go:172.2,172.12 1 13
github.com/enetx/surf/request.go:181.3,183.26 2 80
github.com/enetx/surf/request.go:183.26,186.36 2 11
github.com/enetx/surf/request.go:187.15,188.11 1 10
github.com/enetx/surf/request.go:189.17,190.17 1 0
github.com/enetx/surf/request.go:191.11,192.100 1 1
github.com/enetx/surf/request.go:195.3,195.36 1 10
github.com/enetx/surf/request.go:196.15,197.13 1 9
github.com/enetx/surf/request.go:198.17,199.19 1 0
github.com/enetx/surf/request.go:200.11,201.102 1 1
github.com/enetx/surf/request.go:204.3,205.9 2 9
github.com/enetx/surf/request.go:208.2,208.35 1 69
github.com/enetx/surf/request.go:209.19,210.30 1 2
github.com/enetx/surf/request.go:210.30,211.33 1 3
github.com/enetx/surf/request.go:211.33,213.5 1 3
github.com/enetx/surf/request.go:215.15,216.30 1 2
github.com/enetx/surf/request.go:216.30,217.33 1 3
github.com/enetx/surf/request.go:217.33,219.5 1 3
github.com/enetx/surf/request.go:221.25,222.29 1 2
github.com/enetx/surf/request.go:222.29,224.4 1 3
github.com/enetx/surf/request.go:225.29,226.29 1 1
github.com/enetx/surf/request.go:226.29,228.4 1 2
github.com/enetx/surf/request.go:229.29,230.29 1 6
github.com/enetx/surf/request.go:230.29,232.4 1 10
github.com/enetx/surf/request.go:233.33,234.29 1 14
github.com/enetx/surf/request.go:234.29,236.4 1 15
github.com/enetx/surf/request.go:237.32,239.50 2 2
github.com/enetx/surf/request.go:239.50,239.84 1 3
github.com/enetx/surf/request.go:240.36,242.52 2 39
github.com/enetx/surf/request.go:242.52,242.98 1 421
github.com/enetx/surf/request.go:243.10,244.191 1 1
github.com/enetx/surf/request.go:253.87,256.26 2 41
github.com/enetx/surf/request.go:256.26,258.26 2 33
github.com/enetx/surf/request.go:258.26,260.4 1 1
github.com/enetx/surf/request.go:262.3,262.32 1 33
github.com/enetx/surf/request.go:263.22,264.35 1 27
github.com/enetx/surf/request.go:265.23,266.36 1 6
github.com/enetx/surf/request.go:270.2,272.19 1 41
github.com/enetx/surf/request.go:272.19,272.52 1 690
github.com/enetx/surf/request.go:273.31,273.51 1 690
github.com/enetx/surf/request.go:275.2,275.72 1 41
github.com/enetx/surf/request.go:275.72,275.94 1 690
github.com/enetx/surf/request.go:277.2,277.24 1 41
github.com/enetx/surf/request.go:277.24,279.3 1 41
github.com/enetx/surf/request.go:281.2,281.25 1 41
github.com/enetx/surf/request.go:281.25,283.3 1 34
github.com/enetx/surf/request.go:285.2,286.36 1 41
github.com/enetx/surf/request.go:286.36,286.81 1 690
github.com/enetx/surf/response.go:35.51,35.75 1 12
github.com/enetx/surf/response.go:39.41,39.93 1 1
github.com/enetx/surf/response.go:43.42,43.86 1 2
github.com/enetx/surf/response.go:47.65,47.99 1 5
github.com/enetx/surf/response.go:51.47,51.73 1 5
github.com/enetx/surf/response.go:55.81,57.2 1 4
github.com/enetx/surf/response.go:62.44,63.30 1 7
github.com/enetx/surf/response.go:63.30,65.3 1 3
github.com/enetx/surf/response.go:67.2,67.12 1 4
github.com/enetx/surf/status.go:10.44,10.74 1 38
github.com/enetx/surf/status.go:13.38,13.68 1 282
github.com/enetx/surf/status.go:16.42,16.72 1 106
github.com/enetx/surf/status.go:19.42,19.72 1 113
github.com/enetx/surf/status.go:22.42,22.61 1 115
github.com/enetx/surf/status.go:25.35,25.69 1 24
github.com/enetx/surf/tls.go:28.51,31.15 2 3
github.com/enetx/surf/tls.go:31.15,49.57 10 3
github.com/enetx/surf/tls.go:49.57,51.4 1 3
github.com/enetx/surf/tls.go:53.3,53.70 1 3
github.com/enetx/surf/tls.go:53.70,56.4 2 3
github.com/enetx/surf/tls.go:59.2,59.12 1 3
github.com/enetx/surf/tls.go:64.68,65.34 1 3
github.com/enetx/surf/tls.go:65.34,68.3 2 0
github.com/enetx/surf/tls.go:70.2,74.31 4 3
github.com/enetx/surf/tls.go:79.37,82.28 2 3
github.com/enetx/surf/tls.go:82.28,83.12 1 96
github.com/enetx/surf/tls.go:83.12,85.4 1 93
github.com/enetx/surf/tls.go:86.3,86.38 1 96
github.com/enetx/surf/tls.go:89.2,89.21 1 3
github.com/enetx/surf/internal/drainbody/drainbody.go:14.71,15.34 1 601
github.com/enetx/surf/internal/drainbody/drainbody.go:15.34,17.3 1 557
github.com/enetx/surf/internal/drainbody/drainbody.go:19.2,21.43 2 44
github.com/enetx/surf/internal/drainbody/drainbody.go:21.43,23.3 1 0
github.com/enetx/surf/internal/drainbody/drainbody.go:25.2,25.34 1 44
github.com/enetx/surf/internal/drainbody/drainbody.go:25.34,27.3 1 0
github.com/enetx/surf/internal/drainbody/drainbody.go:29.2,29.76 1 44
github.com/enetx/surf/internal/specclone/specclone.go:70.59,71.14 1 31
github.com/enetx/surf/internal/specclone/specclone.go:71.14,73.3 1 0
github.com/enetx/surf/internal/specclone/specclone.go:75.2,84.27 4 31
github.com/enetx/surf/internal/specclone/specclone.go:84.27,86.36 2 31
github.com/enetx/surf/internal/specclone/specclone.go:86.36,87.18 1 571
github.com/enetx/surf/internal/specclone/specclone.go:87.18,89.5 1 571
github.com/enetx/surf/internal/specclone/specclone.go:93.2,93.14 1 31
github.com/enetx/surf/internal/specclone/specclone.go:125.66,126.25 1 571
github.com/enetx/surf/internal/specclone/specclone.go:127.26,130.4 1 31
github.com/enetx/surf/internal/specclone/specclone.go:131.36,132.40 1 30
github.com/enetx/surf/internal/specclone/specclone.go:133.38,136.4 1 31
github.com/enetx/surf/internal/specclone/specclone.go:137.38,140.4 1 31
github.com/enetx/surf/internal/specclone/specclone.go:141.42,144.4 1 30
github.com/enetx/surf/internal/specclone/specclone.go:145.27,148.4 1 31
github.com/enetx/surf/internal/specclone/specclone.go:149.38,150.42 1 0
github.com/enetx/surf/internal/specclone/specclone.go:151.26,152.30 1 30
github.com/enetx/surf/internal/specclone/specclone.go:153.34,158.4 1 0
github.com/enetx/surf/internal/specclone/specclone.go:159.43,160.47 1 30
github.com/enetx/surf/internal/specclone/specclone.go:161.39,166.4 1 0
github.com/enetx/surf/internal/specclone/specclone.go:167.39,170.4 1 30
github.com/enetx/surf/internal/specclone/specclone.go:171.42,174.4 1 3
github.com/enetx/surf/internal/specclone/specclone.go:175.47,178.4 1 3
[...]
github.com/enetx/surf/internal/specclone/specclone.go:260.40,263.4 1 30
github.com/enetx/surf/internal/specclone/specclone.go:264.29,267.4 1 0
github.com/enetx/surf/internal/specclone/specclone.go:268.42,271.4 1 30
github.com/enetx/surf/internal/specclone/specclone.go:272.46,275.4 1 0
github.com/enetx/surf/internal/specclone/specclone.go:276.39,278.33 2 3
github.com/enetx/surf/internal/specclone/specclone.go:278.33,280.35 2 3
github.com/enetx/surf/internal/specclone/specclone.go:280.35,285.5 1 9
github.com/enetx/surf/internal/specclone/specclone.go:287.3,292.4 1 3
github.com/enetx/surf/internal/specclone/specclone.go:293.31,295.34 2 27
github.com/enetx/surf/internal/specclone/specclone.go:295.34,300.4 1 81
github.com/enetx/surf/internal/specclone/specclone.go:301.3,301.55 1 27
github.com/enetx/surf/internal/specclone/specclone.go:302.46,305.4 1 0
github.com/enetx/surf/internal/specclone/specclone.go:306.26,309.4 1 0
github.com/enetx/surf/internal/specclone/specclone.go:310.42,313.4 1 0
github.com/enetx/surf/internal/specclone/specclone.go:314.45,317.4 1 27
github.com/enetx/surf/internal/specclone/specclone.go:318.36,321.4 1 0
github.com/enetx/surf/internal/specclone/specclone.go:322.49,326.4 1 30
github.com/enetx/surf/internal/specclone/specclone.go:327.40,331.4 1 30
github.com/enetx/surf/internal/specclone/specclone.go:332.33,336.4 1 54
github.com/enetx/surf/internal/specclone/specclone.go:337.30,341.4 1 0
github.com/enetx/surf/internal/specclone/specclone.go:342.34,343.26 1 0
github.com/enetx/surf/internal/specclone/specclone.go:344.40,345.34 1 0
github.com/enetx/surf/internal/specclone/specclone.go:346.40,347.34 1 0
github.com/enetx/surf/internal/specclone/specclone.go:348.11,349.52 1 0
github.com/enetx/surf/internal/specclone/specclone.go:351.10,352.53 1 0
github.com/enetx/surf/internal/specclone/specclone.go:368.45,369.20 1 0
github.com/enetx/surf/internal/specclone/specclone.go:369.20,371.3 1 0
github.com/enetx/surf/internal/specclone/specclone.go:373.2,373.20 1 0
github.com/enetx/surf/internal/specclone/specclone.go:374.22,375.39 1 0
github.com/enetx/surf/internal/specclone/specclone.go:375.39,379.26 3 0
github.com/enetx/surf/internal/specclone/specclone.go:379.26,380.54 1 0
github.com/enetx/surf/internal/specclone/specclone.go:380.54,384.6 2 0
github.com/enetx/surf/internal/specclone/specclone.go:385.10,387.5 1 0
github.com/enetx/surf/internal/specclone/specclone.go:389.10,390.26 1 0
github.com/enetx/surf/internal/specclone/specclone.go:413.44,414.20 1 0
github.com/enetx/surf/internal/specclone/specclone.go:414.20,416.3 1 0
github.com/enetx/surf/internal/specclone/specclone.go:418.2,418.20 1 0
github.com/enetx/surf/internal/specclone/specclone.go:419.22,420.27 1 0
github.com/enetx/surf/internal/specclone/specclone.go:421.21,422.18 1 0
github.com/enetx/surf/internal/specclone/specclone.go:422.18,423.20 1 0
github.com/enetx/surf/internal/specclone/specclone.go:423.20,425.5 1 0
github.com/enetx/surf/internal/specclone/specclone.go:426.4,426.10 1 0
github.com/enetx/surf/internal/specclone/specclone.go:429.3,431.34 2 0
github.com/enetx/surf/internal/specclone/specclone.go:431.34,433.4 1 0
github.com/enetx/surf/internal/specclone/specclone.go:435.3,435.19 1 0
github.com/enetx/surf/internal/specclone/specclone.go:435.19,437.4 1 0
github.com/enetx/surf/internal/specclone/specclone.go:438.21,439.34 1 0
github.com/enetx/surf/internal/specclone/specclone.go:439.34,441.4 1 0
github.com/enetx/surf/internal/specclone/specclone.go:442.19,443.18 1 0
github.com/enetx/surf/internal/specclone/specclone.go:443.18,444.20 1 0
github.com/enetx/surf/internal/specclone/specclone.go:444.20,446.5 1 0
github.com/enetx/surf/internal/specclone/specclone.go:447.4,447.10 1 0
github.com/enetx/surf/internal/specclone/specclone.go:450.3,452.37 2 0
github.com/enetx/surf/internal/specclone/specclone.go:452.37,460.4 5 0
github.com/enetx/surf/internal/specclone/specclone.go:462.3,462.19 1 0
github.com/enetx/surf/internal/specclone/specclone.go:462.19,464.4 1 0
github.com/enetx/surf/internal/specclone/specclone.go:465.23,466.18 1 0
github.com/enetx/surf/internal/specclone/specclone.go:466.18,467.20 1 0
github.com/enetx/surf/internal/specclone/specclone.go:467.20,469.5 1 0
github.com/enetx/surf/internal/specclone/specclone.go:470.4,470.10 1 0
github.com/enetx/surf/internal/specclone/specclone.go:473.3,477.19 3 0
github.com/enetx/surf/internal/specclone/specclone.go:477.19,479.4 1 0
github.com/enetx/surf/internal/specclone/specclone.go:480.25,481.18 1 0
github.com/enetx/surf/internal/specclone/specclone.go:481.18,482.20 1 0
github.com/enetx/surf/internal/specclone/specclone.go:482.20,484.5 1 0
github.com/enetx/surf/internal/specclone/specclone.go:485.4,485.10 1 0
github.com/enetx/surf/internal/specclone/specclone.go:488.3,490.19 2 0
github.com/enetx/surf/internal/specclone/specclone.go:490.19,492.4 1 0
github.com/enetx/surf/internal/specclone/specclone.go:493.34,494.19 1 0
github.com/enetx/surf/internal/specclone/specclone.go:494.19,496.4 1 0
github.com/enetx/surf/internal/specclone/specclone.go:497.10,498.19 1 0
github.com/enetx/surf/internal/specclone/specclone.go:498.19,500.4 1 0
github.com/enetx/surf/internal/specclone/specclone.go:526.38,527.16 1 0
github.com/enetx/surf/internal/specclone/specclone.go:527.16,529.3 1 0
github.com/enetx/surf/internal/specclone/specclone.go:531.2,534.39 3 0
github.com/enetx/surf/internal/specclone/specclone.go:534.39,535.21 1 0
github.com/enetx/surf/internal/specclone/specclone.go:535.21,537.4 1 0
github.com/enetx/surf/internal/specclone/specclone.go:539.3,542.28 3 0
github.com/enetx/surf/internal/specclone/specclone.go:545.2,548.24 3 0
github.com/enetx/surf/pkg/connectproxy/connectproxy.go:28.43,28.93 1 0
github.com/enetx/surf/pkg/connectproxy/connectproxy.go:29.43,29.101 1 0
github.com/enetx/surf/pkg/connectproxy/connectproxy.go:30.43,30.97 1 0
github.com/enetx/surf/pkg/connectproxy/connectproxy.go:31.43,31.72 1 0
github.com/enetx/surf/pkg/connectproxy/connectproxy.go:58.52,60.16 2 1
github.com/enetx/surf/pkg/connectproxy/connectproxy.go:60.16,62.3 1 0
github.com/enetx/surf/pkg/connectproxy/connectproxy.go:64.2,64.23 1 1
github.com/enetx/surf/pkg/connectproxy/connectproxy.go:64.23,66.3 1 0
github.com/enetx/surf/pkg/connectproxy/connectproxy.go:68.2,68.23 1 1
github.com/enetx/surf/pkg/connectproxy/connectproxy.go:69.10,70.34 1 0
github.com/enetx/surf/pkg/connectproxy/connectproxy.go:71.18,72.26 1 0
github.com/enetx/surf/pkg/connectproxy/connectproxy.go:72.26,74.4 1 0
github.com/enetx/surf/pkg/connectproxy/connectproxy.go:75.19,76.26 1 0
github.com/enetx/surf/pkg/connectproxy/connectproxy.go:76.26,78.4 1 0
github.com/enetx/surf/pkg/connectproxy/connectproxy.go:79.23,80.26 1 1
github.com/enetx/surf/pkg/connectproxy/connectproxy.go:80.26,82.4 1 0
github.com/enetx/surf/pkg/connectproxy/connectproxy.go:83.10,84.34 1 0
github.com/enetx/surf/pkg/connectproxy/connectproxy.go:87.2,92.24 2 1
github.com/enetx/surf/pkg/connectproxy/connectproxy.go:92.24,93.35 1 0
github.com/enetx/surf/pkg/connectproxy/connectproxy.go:93.35,95.11 2 0
github.com/enetx/surf/pkg/connectproxy/connectproxy.go:95.11,97.5 1 0
github.com/enetx/surf/pkg/connectproxy/connectproxy.go:99.4,101.67 3 0
github.com/enetx/surf/pkg/connectproxy/connectproxy.go:105.2,105.25 1 1
github.com/enetx/surf/pkg/connectproxy/connectproxy.go:108.71,110.2 1 0
github.com/enetx/surf/pkg/connectproxy/connectproxy.go:114.76,120.16 5 0
github.com/enetx/surf/pkg/connectproxy/connectproxy.go:120.16,123.3 2 0
github.com/enetx/surf/pkg/connectproxy/connectproxy.go:125.2,126.16 2 0
github.com/enetx/surf/pkg/connectproxy/connectproxy.go:126.16,129.3 2 0
github.com/enetx/surf/pkg/connectproxy/connectproxy.go:131.2,131.38 1 0
github.com/enetx/surf/pkg/connectproxy/connectproxy.go:131.38,134.3 2 0
github.com/enetx/surf/pkg/connectproxy/connectproxy.go:136.2,136.12 1 0
github.com/enetx/surf/pkg/connectproxy/connectproxy.go:139.120,147.16 7 0
github.com/enetx/surf/pkg/connectproxy/connectproxy.go:147.16,150.3 2 0
github.com/enetx/surf/pkg/connectproxy/connectproxy.go:152.2,152.38 1 0
github.com/enetx/surf/pkg/connectproxy/connectproxy.go:152.38,155.3 2 0
github.com/enetx/surf/pkg/connectproxy/connectproxy.go:157.2,157.47 1 0
github.com/enetx/surf/pkg/connectproxy/connectproxy.go:160.99,161.23 1 0
github.com/enetx/surf/pkg/connectproxy/connectproxy.go:161.23,163.3 1 0
github.com/enetx/surf/pkg/connectproxy/connectproxy.go:165.2,165.51 1 0
github.com/enetx/surf/pkg/connectproxy/connectproxy.go:165.51,167.17 2 0
github.com/enetx/surf/pkg/connectproxy/connectproxy.go:167.17,169.4 1 0
github.com/enetx/surf/pkg/connectproxy/connectproxy.go:171.3,171.71 1 0
github.com/enetx/surf/pkg/connectproxy/connectproxy.go:174.2,183.90 3 0
github.com/enetx/surf/pkg/connectproxy/connectproxy.go:183.90,185.3 1 0
github.com/enetx/surf/pkg/connectproxy/connectproxy.go:187.2,190.38 3 0
github.com/enetx/surf/pkg/connectproxy/connectproxy.go:190.38,191.35 1 0
github.com/enetx/surf/pkg/connectproxy/connectproxy.go:191.35,197.18 6 0
github.com/enetx/surf/pkg/connectproxy/connectproxy.go:197.18,199.5 1 0
github.com/enetx/surf/pkg/connectproxy/connectproxy.go:203.2,203.15 1 0
github.com/enetx/surf/pkg/connectproxy/connectproxy.go:203.15,205.3 1 0
github.com/enetx/surf/pkg/connectproxy/connectproxy.go:207.2,208.16 2 0
github.com/enetx/surf/pkg/connectproxy/connectproxy.go:208.16,210.3 1 0
github.com/enetx/surf/pkg/connectproxy/connectproxy.go:212.2,212.52 1 0
github.com/enetx/surf/pkg/connectproxy/connectproxy.go:215.100,222.27 2 0
github.com/enetx/surf/pkg/connectproxy/connectproxy.go:223.18,225.17 2 0
github.com/enetx/surf/pkg/connectproxy/connectproxy.go:225.17,227.4 1 0
github.com/enetx/surf/pkg/connectproxy/connectproxy.go:229.19,230.23 1 0
github.com/enetx/surf/pkg/connectproxy/connectproxy.go:230.23,232.18 2 0
github.com/enetx/surf/pkg/connectproxy/connectproxy.go:232.18,234.5 1 0
github.com/enetx/surf/pkg/connectproxy/connectproxy.go:235.9,244.18 4 0
github.com/enetx/surf/pkg/connectproxy/connectproxy.go:244.18,246.5 1 0
github.com/enetx/surf/pkg/connectproxy/connectproxy.go:248.4,249.18 2 0
github.com/enetx/surf/pkg/connectproxy/connectproxy.go:249.18,251.5 1 0
github.com/enetx/surf/pkg/connectproxy/connectproxy.go:253.4,254.21 2 0
github.com/enetx/surf/pkg/connectproxy/connectproxy.go:256.10,257.52 1 0
github.com/enetx/surf/pkg/connectproxy/connectproxy.go:260.2,260.41 1 0
github.com/enetx/surf/pkg/connectproxy/connectproxy.go:263.110,264.46 1 0
github.com/enetx/surf/pkg/connectproxy/connectproxy.go:264.46,265.19 1 0
github.com/enetx/surf/pkg/connectproxy/connectproxy.go:265.19,267.4 1 0
github.com/enetx/surf/pkg/connectproxy/connectproxy.go:269.3,269.65 1 0
github.com/enetx/surf/pkg/connectproxy/connectproxy.go:269.65,270.77 1 0
github.com/enetx/surf/pkg/connectproxy/connectproxy.go:270.77,276.5 5 0
github.com/enetx/surf/pkg/connectproxy/connectproxy.go:280.2,280.50 1 0
github.com/enetx/surf/pkg/connectproxy/connectproxy.go:280.50,283.3 2 0
github.com/enetx/surf/pkg/connectproxy/connectproxy.go:285.2,285.18 1 0
github.com/enetx/surf/pkg/connectproxy/connectproxy.go:288.93,290.2 1 0
github.com/enetx/surf/pkg/connectproxy/connectproxy.go:298.35,301.37 2 0
github.com/enetx/surf/pkg/connectproxy/connectproxy.go:301.37,303.3 1 0
github.com/enetx/surf/pkg/connectproxy/connectproxy.go:304.2,304.38 1 0
github.com/enetx/surf/pkg/connectproxy/connectproxy.go:304.38,306.3 1 0
github.com/enetx/surf/pkg/connectproxy/connectproxy.go:308.2,308.15 1 0
github.com/enetx/surf/pkg/connectproxy/connectproxy.go:311.56,311.80 1 0
github.com/enetx/surf/pkg/connectproxy/connectproxy.go:312.56,312.80 1 0
github.com/enetx/surf/pkg/connectproxy/connectproxy.go:313.56,313.81 1 0
github.com/enetx/surf/pkg/connectproxy/connectproxy.go:314.56,314.79 1 0
github.com/enetx/surf/pkg/connectproxy/connectproxy.go:315.56,315.80 1 0
github.com/enetx/surf/pkg/quicconn/quic_conn.go:89.85,90.46 1 0
github.com/enetx/surf/pkg/quicconn/quic_conn.go:90.46,91.77 1 0
github.com/enetx/surf/pkg/quicconn/quic_conn.go:94.2,100.3 1 0
github.com/enetx/surf/pkg/quicconn/quic_conn.go:107.53,108.40 1 0
github.com/enetx/surf/pkg/quicconn/quic_conn.go:108.40,110.3 1 0
github.com/enetx/surf/pkg/quicconn/quic_conn.go:112.2,113.30 2 0
github.com/enetx/surf/pkg/quicconn/quic_conn.go:113.30,115.3 1 0
github.com/enetx/surf/pkg/quicconn/quic_conn.go:117.2,117.12 1 0
github.com/enetx/surf/pkg/quicconn/quic_conn.go:124.54,125.40 1 0
github.com/enetx/surf/pkg/quicconn/quic_conn.go:125.40,127.3 1 0
github.com/enetx/surf/pkg/quicconn/quic_conn.go:129.2,130.30 2 0
github.com/enetx/surf/pkg/quicconn/quic_conn.go:130.30,132.3 1 0
github.com/enetx/surf/pkg/quicconn/quic_conn.go:134.2,134.12 1 0
github.com/enetx/surf/pkg/quicconn/quic_conn.go:141.68,147.27 4 0
github.com/enetx/surf/pkg/quicconn/quic_conn.go:147.27,151.3 1 0
github.com/enetx/surf/pkg/quicconn/quic_conn.go:153.2,153.27 1 0
github.com/enetx/surf/pkg/quicconn/quic_conn.go:153.27,157.3 2 0
github.com/enetx/surf/pkg/quicconn/quic_conn.go:159.2,160.16 2 0
github.com/enetx/surf/pkg/quicconn/quic_conn.go:160.16,162.3 1 0
github.com/enetx/surf/pkg/quicconn/quic_conn.go:164.2,164.16 1 0
github.com/enetx/surf/pkg/quicconn/quic_conn.go:165.19,167.18 2 0
github.com/enetx/surf/pkg/quicconn/quic_conn.go:167.18,169.4 1 0
github.com/enetx/surf/pkg/quicconn/quic_conn.go:171.3,171.10 1 0
github.com/enetx/surf/pkg/quicconn/quic_conn.go:171.10,172.35 1 0
github.com/enetx/surf/pkg/quicconn/quic_conn.go:172.35,174.5 1 0
github.com/enetx/surf/pkg/quicconn/quic_conn.go:176.4,176.30 1 0
github.com/enetx/surf/pkg/quicconn/quic_conn.go:176.30,178.5 1 0
github.com/enetx/surf/pkg/quicconn/quic_conn.go:180.4,182.34 2 0
github.com/enetx/surf/pkg/quicconn/quic_conn.go:185.3,185.28 1 0
github.com/enetx/surf/pkg/quicconn/quic_conn.go:185.28,187.4 1 0
github.com/enetx/surf/pkg/quicconn/quic_conn.go:189.3,191.32 2 0
github.com/enetx/surf/pkg/quicconn/quic_conn.go:192.10,193.34 1 0
github.com/enetx/surf/pkg/quicconn/quic_conn.go:193.34,195.4 1 0
github.com/enetx/surf/pkg/quicconn/quic_conn.go:197.3,197.29 1 0
github.com/enetx/surf/pkg/quicconn/quic_conn.go:197.29,199.4 1 0
github.com/enetx/surf/pkg/quicconn/quic_conn.go:201.3,203.33 2 0
github.com/enetx/surf/pkg/quicconn/quic_conn.go:210.72,215.17 4 0
github.com/enetx/surf/pkg/quicconn/quic_conn.go:215.17,217.10 2 0
github.com/enetx/surf/pkg/quicconn/quic_conn.go:217.10,219.4 1 0
github.com/enetx/surf/pkg/quicconn/quic_conn.go:221.3,221.11 1 0
github.com/enetx/surf/pkg/quicconn/quic_conn.go:224.2,224.16 1 0
github.com/enetx/surf/pkg/quicconn/quic_conn.go:224.16,226.3 1 0
github.com/enetx/surf/pkg/quicconn/quic_conn.go:228.2,228.27 1 0
github.com/enetx/surf/pkg/quicconn/quic_conn.go:228.27,230.17 2 0
github.com/enetx/surf/pkg/quicconn/quic_conn.go:230.17,232.4 1 0
github.com/enetx/surf/pkg/quicconn/quic_conn.go:235.3,236.29 2 0
github.com/enetx/surf/pkg/quicconn/quic_conn.go:236.29,240.4 2 0
github.com/enetx/surf/pkg/quicconn/quic_conn.go:243.3,247.17 4 0
github.com/enetx/surf/pkg/quicconn/quic_conn.go:247.17,249.4 1 0
github.com/enetx/surf/pkg/quicconn/quic_conn.go:251.3,251.26 1 0
github.com/enetx/surf/pkg/quicconn/quic_conn.go:251.26,253.4 1 0
github.com/enetx/surf/pkg/quicconn/quic_conn.go:255.3,255.21 1 0
github.com/enetx/surf/pkg/quicconn/quic_conn.go:259.2,260.16 2 0
github.com/enetx/surf/pkg/quicconn/quic_conn.go:260.16,262.3 1 0
github.com/enetx/surf/pkg/quicconn/quic_conn.go:264.2,264.16 1 0
github.com/enetx/surf/pkg/quicconn/quic_conn.go:264.16,266.3 1 0
github.com/enetx/surf/pkg/quicconn/quic_conn.go:268.2,268.20 1 0
github.com/enetx/surf/pkg/quicconn/quic_conn.go:272.40,274.2 1 0
github.com/enetx/surf/pkg/quicconn/quic_conn.go:278.47,280.2 1 0
github.com/enetx/surf/pkg/quicconn/quic_conn.go:283.57,285.2 1 0
github.com/enetx/surf/pkg/quicconn/quic_conn.go:288.61,290.2 1 0
github.com/enetx/surf/pkg/quicconn/quic_conn.go:293.62,295.2 1 0
github.com/enetx/surf/pkg/quicconn/quic_conn.go:300.55,301.16 1 0
github.com/enetx/surf/pkg/quicconn/quic_conn.go:301.16,303.3 1 0
github.com/enetx/surf/pkg/quicconn/quic_conn.go:305.2,308.37 3 0
github.com/enetx/surf/pkg/quicconn/quic_conn.go:308.37,311.3 2 0
github.com/enetx/surf/pkg/quicconn/quic_conn.go:311.8,311.45 1 0
github.com/enetx/surf/pkg/quicconn/quic_conn.go:311.45,314.3 2 0
github.com/enetx/surf/pkg/quicconn/quic_conn.go:314.8,316.3 1 0
github.com/enetx/surf/pkg/quicconn/quic_conn.go:318.2,322.15 4 0
github.com/enetx/surf/pkg/quicconn/quic_conn.go:329.65,330.18 1 0
github.com/enetx/surf/pkg/quicconn/quic_conn.go:330.18,332.3 1 0
github.com/enetx/surf/pkg/quicconn/quic_conn.go:334.2,334.38 1 0
github.com/enetx/surf/pkg/quicconn/quic_conn.go:334.38,336.3 1 0
github.com/enetx/surf/pkg/quicconn/quic_conn.go:339.2,339.20 1 0
github.com/enetx/surf/pkg/quicconn/quic_conn.go:339.20,341.3 1 0
github.com/enetx/surf/pkg/quicconn/quic_conn.go:343.2,348.14 4 0
github.com/enetx/surf/pkg/quicconn/quic_conn.go:349.12,350.25 1 0
github.com/enetx/surf/pkg/quicconn/quic_conn.go:350.25,352.4 1 0
github.com/enetx/surf/pkg/quicconn/quic_conn.go:354.3,355.11 2 0
github.com/enetx/surf/pkg/quicconn/quic_conn.go:356.12,357.26 1 0
github.com/enetx/surf/pkg/quicconn/quic_conn.go:357.26,359.4 1 0
github.com/enetx/surf/pkg/quicconn/quic_conn.go:361.3,362.12 2 0
github.com/enetx/surf/pkg/quicconn/quic_conn.go:363.12,364.23 1 0
github.com/enetx/surf/pkg/quicconn/quic_conn.go:364.23,366.4 1 0
github.com/enetx/surf/pkg/quicconn/quic_conn.go:368.3,370.28 3 0
github.com/enetx/surf/pkg/quicconn/quic_conn.go:370.28,372.4 1 0
github.com/enetx/surf/pkg/quicconn/quic_conn.go:374.3,374.76 1 0
github.com/enetx/surf/pkg/quicconn/quic_conn.go:375.10,376.52 1 0
github.com/enetx/surf/pkg/quicconn/quic_conn.go:379.2,379.22 1 0
github.com/enetx/surf/pkg/quicconn/quic_conn.go:379.22,381.3 1 0
github.com/enetx/surf/pkg/quicconn/quic_conn.go:383.2,386.20 3 0
github.com/enetx/surf/pkg/quicconn/quic_conn.go:386.20,388.3 1 0
github.com/enetx/surf/pkg/quicconn/quic_conn.go:390.2,390.63 1 0
github.com/enetx/surf/pkg/sse/sse.go:19.25,24.2 4 17
github.com/enetx/surf/pkg/sse/sse.go:27.41,30.18 2 23
github.com/enetx/surf/pkg/sse/sse.go:31.15,32.17 1 2
github.com/enetx/surf/pkg/sse/sse.go:33.12,34.14 1 2
github.com/enetx/surf/pkg/sse/sse.go:35.15,36.38 1 0
github.com/enetx/surf/pkg/sse/sse.go:37.14,38.16 1 18
github.com/enetx/surf/pkg/sse/sse.go:43.29,44.20 1 0
github.com/enetx/surf/pkg/sse/sse.go:44.20,46.3 1 0
github.com/enetx/surf/pkg/sse/sse.go:48.2,50.29 1 0
github.com/enetx/surf/pkg/sse/sse.go:50.29,50.52 1 0
github.com/enetx/surf/pkg/sse/sse.go:54.29,54.59 1 0
github.com/enetx/surf/pkg/sse/sse.go:57.63,61.21 3 8
github.com/enetx/surf/pkg/sse/sse.go:61.21,65.22 3 40
github.com/enetx/surf/pkg/sse/sse.go:65.22,66.19 1 17
github.com/enetx/surf/pkg/sse/sse.go:66.19,68.5 1 0
github.com/enetx/surf/pkg/sse/sse.go:70.4,71.12 2 17
github.com/enetx/surf/pkg/sse/sse.go:74.3,75.23 2 23
github.com/enetx/surf/pkg/sse/sse.go:78.2,78.22 1 8
github.com/enetx/surf/profiles/chrome/chrome.go:14.26,68.14 4 10
github.com/enetx/surf/profiles/chrome/chrome.go:68.14,81.3 7 40
github.com/enetx/surf/profiles/chrome/chrome.go:83.2,83.27 1 10
github.com/enetx/surf/profiles/chrome/chrome.go:186.65,187.16 1 27
github.com/enetx/surf/profiles/chrome/chrome.go:188.23,197.52 9 0
github.com/enetx/surf/profiles/chrome/chrome.go:198.10,208.53 7 27
github.com/enetx/surf/profiles/chrome/chrome.go:211.2,211.46 1 27
github.com/enetx/surf/profiles/chrome/chrome.go:211.46,219.3 5 2127
github.com/enetx/surf/profiles/firefox/firefox.go:14.26,39.14 4 2
github.com/enetx/surf/profiles/firefox/firefox.go:39.14,43.3 3 6
github.com/enetx/surf/profiles/firefox/firefox.go:45.2,45.25 1 2
github.com/enetx/surf/profiles/firefox/firefox.go:136.65,137.16 1 6
github.com/enetx/surf/profiles/firefox/firefox.go:138.23,147.52 9 2
github.com/enetx/surf/profiles/firefox/firefox.go:148.10,155.53 7 4
github.com/enetx/surf/profiles/firefox/firefox.go:158.2,158.46 1 6
github.com/enetx/surf/profiles/firefox/firefox.go:158.46,166.3 5 350
